#
# There is insufficient memory for the Java Runtime Environment to continue.
# Native memory allocation (malloc) failed to allocate 600976 bytes. Error detail: Chunk::new
# Possible reasons:
#   The system is out of physical RAM or swap space
#   This process is running with CompressedOops enabled, and the Java Heap may be blocking the growth of the native heap
# Possible solutions:
#   Reduce memory load on the system
#   Increase physical memory or swap space
#   Check if swap backing store is full
#   Decrease Java heap size (-Xmx/-Xms)
#   Decrease number of Java threads
#   Decrease Java thread stack sizes (-Xss)
#   Set larger code cache with -XX:ReservedCodeCacheSize=
#   JVM is running with Unscaled Compressed Oops mode in which the Java heap is
#     placed in the first 4GB address space. The Java Heap base address is the
#     maximum limit for the native heap growth. Please use -XX:HeapBaseMinAddress
#     to set the Java Heap base and to place the Java Heap above 4GB virtual address.
# This output file may be truncated or incomplete.
#
#  Out of Memory Error (arena.cpp:149), pid=10084, tid=5456
#
# JRE version: Java(TM) SE Runtime Environment (23.0.1+11) (build 23.0.1+11-39)
# Java VM: Java HotSpot(TM) 64-Bit Server VM (23.0.1+11-39, mixed mode, sharing, tiered, compressed oops, compressed class ptrs, g1 gc, windows-amd64)
# No core dump will be written. Minidumps are not enabled by default on client versions of Windows
#

---------------  S U M M A R Y ------------

Command Line: -ea -Didea.test.cyclic.buffer.size=1048576 -javaagent:C:\Program Files\JetBrains\IntelliJ IDEA Community Edition 2024.3.2.2\lib\idea_rt.jar=50866:C:\Program Files\JetBrains\IntelliJ IDEA Community Edition 2024.3.2.2\bin -javaagent:C:\Users\MAHMOU~1\AppData\Local\Temp\captureAgent7092jars\debugger-agent.jar -Dkotlinx.coroutines.debug.enable.creation.stack.trace=false -Ddebugger.agent.enable.coroutines=true -Dkotlinx.coroutines.debug.enable.flows.stack.trace=true -Dkotlinx.coroutines.debug.enable.mutable.state.flows.stack.trace=true -Dfile.encoding=UTF-8 -Dsun.stdout.encoding=UTF-8 -Dsun.stderr.encoding=UTF-8 com.intellij.rt.testng.RemoteTestNGStarter -usedefaultlisteners false -socket50865 @w@C:\Users\MAHMOU~1\AppData\Local\Temp\idea_working_dirs_testng.tmp -temp C:\Users\MAHMOU~1\AppData\Local\Temp\idea_testng.tmp

Host: Intel(R) Core(TM) i7-4702MQ CPU @ 2.20GHz, 8 cores, 7G,  Windows 10 , 64 bit Build 19041 (10.0.19041.5198)
Time: Tue Apr 15 23:58:04 2025 Egypt Standard Time elapsed time: 99.248876 seconds (0d 0h 1m 39s)

---------------  T H R E A D  ---------------

Current thread (0x000002b0503b9180):  JavaThread "C2 CompilerThread0" daemon [_thread_in_native, id=5456, stack(0x000000fd0b700000,0x000000fd0b800000) (1024K)]


Current CompileTask:
C2:99248 5031   !   4       java.util.Formatter::format (284 bytes)

Stack: [0x000000fd0b700000,0x000000fd0b800000]
Native frames: (J=compiled Java code, j=interpreted, Vv=VM code, C=native code)
V  [jvm.dll+0x6e08b9]  (no source info available)
V  [jvm.dll+0x87dc83]  (no source info available)
V  [jvm.dll+0x88010e]  (no source info available)
V  [jvm.dll+0x8807e3]  (no source info available)
V  [jvm.dll+0x27aee6]  (no source info available)
V  [jvm.dll+0xbc06f]  (no source info available)
V  [jvm.dll+0xbc2cb]  (no source info available)
V  [jvm.dll+0x3b3a62]  (no source info available)
V  [jvm.dll+0x1dc19c]  (no source info available)
V  [jvm.dll+0x244be5]  (no source info available)
V  [jvm.dll+0x243dff]  (no source info available)
V  [jvm.dll+0x1c33a0]  (no source info available)
V  [jvm.dll+0x253cf1]  (no source info available)
V  [jvm.dll+0x251faa]  (no source info available)
V  [jvm.dll+0x3ee036]  (no source info available)
V  [jvm.dll+0x824f8b]  (no source info available)
V  [jvm.dll+0x6df065]  (no source info available)
C  [ucrtbase.dll+0x21bb2]  (no source info available)
C  [KERNEL32.DLL+0x17374]  (no source info available)
C  [ntdll.dll+0x4cc91]  (no source info available)

Lock stack of current Java thread (top to bottom):


---------------  P R O C E S S  ---------------

Threads class SMR info:
_java_thread_list=0x000002b0960619d0, length=41, elements={
0x000002b0335d99f0, 0x000002b050398db0, 0x000002b05039b400, 0x000002b05039ff30,
0x000002b0503a07b0, 0x000002b0503a35d0, 0x000002b0503ab190, 0x000002b0503b9180,
0x000002b0503bebb0, 0x000002b0503ae610, 0x000002b0503acbd0, 0x000002b0503ac540,
0x000002b096767510, 0x000002b096761930, 0x000002b096763370, 0x000002b096762650,
0x000002b096766160, 0x000002b097b2fd70, 0x000002b097b2aeb0, 0x000002b097b2c260,
0x000002b097b30400, 0x000002b096762ce0, 0x000002b097c6a260, 0x000002b097c6af80,
0x000002b097c6a8f0, 0x000002b097c6d050, 0x000002b097c67b00, 0x000002b097c6b610,
0x000002b097c68820, 0x000002b097c69bd0, 0x000002b097c6dd70, 0x000002b097c6c330,
0x000002b097c67470, 0x000002b097c6ea90, 0x000002b097c68eb0, 0x000002b097c68190,
0x000002b097c6c9c0, 0x000002b097b2b540, 0x000002b097c26360, 0x000002b097b2dca0,
0x000002b097c69540
}

Java Threads: ( => current thread )
  0x000002b0335d99f0 JavaThread "Forwarding quit on session 8aa5326db1302e452bb1d90ea0faac4a to remote"        [_thread_blocked, id=15136, stack(0x000000fd0a900000,0x000000fd0aa00000) (1024K)]
  0x000002b050398db0 JavaThread "Reference Handler"          daemon [_thread_blocked, id=3680, stack(0x000000fd0b100000,0x000000fd0b200000) (1024K)]
  0x000002b05039b400 JavaThread "Finalizer"                  daemon [_thread_blocked, id=1060, stack(0x000000fd0b200000,0x000000fd0b300000) (1024K)]
  0x000002b05039ff30 JavaThread "Signal Dispatcher"          daemon [_thread_blocked, id=12016, stack(0x000000fd0b300000,0x000000fd0b400000) (1024K)]
  0x000002b0503a07b0 JavaThread "Attach Listener"            daemon [_thread_blocked, id=13176, stack(0x000000fd0b400000,0x000000fd0b500000) (1024K)]
  0x000002b0503a35d0 JavaThread "Service Thread"             daemon [_thread_blocked, id=5440, stack(0x000000fd0b500000,0x000000fd0b600000) (1024K)]
  0x000002b0503ab190 JavaThread "Monitor Deflation Thread"   daemon [_thread_blocked, id=9012, stack(0x000000fd0b600000,0x000000fd0b700000) (1024K)]
=>0x000002b0503b9180 JavaThread "C2 CompilerThread0"         daemon [_thread_in_native, id=5456, stack(0x000000fd0b700000,0x000000fd0b800000) (1024K)]
  0x000002b0503bebb0 JavaThread "C1 CompilerThread0"         daemon [_thread_blocked, id=7688, stack(0x000000fd0b800000,0x000000fd0b900000) (1024K)]
  0x000002b0503ae610 JavaThread "Common-Cleaner"             daemon [_thread_blocked, id=11844, stack(0x000000fd0b900000,0x000000fd0ba00000) (1024K)]
  0x000002b0503acbd0 JavaThread "Monitor Ctrl-Break"         daemon [_thread_in_native, id=11676, stack(0x000000fd0ba00000,0x000000fd0bb00000) (1024K)]
  0x000002b0503ac540 JavaThread "Notification Thread"        daemon [_thread_blocked, id=11464, stack(0x000000fd0bb00000,0x000000fd0bc00000) (1024K)]
  0x000002b096767510 JavaThread "ForkJoinPool.commonPool-worker-1" daemon [_thread_blocked, id=14308, stack(0x000000fd0c400000,0x000000fd0c500000) (1024K)]
  0x000002b096761930 JavaThread "ForkJoinPool.commonPool-worker-2" daemon [_thread_blocked, id=11136, stack(0x000000fd0c500000,0x000000fd0c600000) (1024K)]
  0x000002b096763370 JavaThread "ForkJoinPool.commonPool-worker-3" daemon [_thread_blocked, id=1644, stack(0x000000fd0c600000,0x000000fd0c700000) (1024K)]
  0x000002b096762650 JavaThread "ForkJoinPool.commonPool-worker-4" daemon [_thread_blocked, id=7304, stack(0x000000fd0c700000,0x000000fd0c800000) (1024K)]
  0x000002b096766160 JavaThread "AsyncHttpClient-1-1"        daemon [_thread_blocked, id=1164, stack(0x000000fd0bc00000,0x000000fd0bd00000) (1024K)]
  0x000002b097b2fd70 JavaThread "UrlChecker-2"               daemon [_thread_blocked, id=10460, stack(0x000000fd0d000000,0x000000fd0d100000) (1024K)]
  0x000002b097b2aeb0 JavaThread "AsyncHttpClient-1-2"        daemon [_thread_in_native, id=14640, stack(0x000000fd0d300000,0x000000fd0d400000) (1024K)]
  0x000002b097b2c260 JavaThread "AsyncHttpClient-1-3"        daemon [_thread_in_native, id=13320, stack(0x000000fd0c800000,0x000000fd0c900000) (1024K)]
  0x000002b097b30400 JavaThread "AsyncHttpClient-1-4"        daemon [_thread_in_native, id=16004, stack(0x000000fd0c900000,0x000000fd0ca00000) (1024K)]
  0x000002b096762ce0 JavaThread "AsyncHttpClient-1-5"        daemon [_thread_in_native, id=15284, stack(0x000000fd0d200000,0x000000fd0d300000) (1024K)]
  0x000002b097c6a260 JavaThread "AsyncHttpClient-1-6"        daemon [_thread_in_native, id=15996, stack(0x000000fd0d400000,0x000000fd0d500000) (1024K)]
  0x000002b097c6af80 JavaThread "AsyncHttpClient-1-7"        daemon [_thread_in_native, id=10272, stack(0x000000fd0d600000,0x000000fd0d700000) (1024K)]
  0x000002b097c6a8f0 JavaThread "AsyncHttpClient-1-8"        daemon [_thread_in_native, id=9800, stack(0x000000fd0d800000,0x000000fd0d900000) (1024K)]
  0x000002b097c6d050 JavaThread "AsyncHttpClient-1-9"        daemon [_thread_in_native, id=13448, stack(0x000000fd0d900000,0x000000fd0da00000) (1024K)]
  0x000002b097c67b00 JavaThread "AsyncHttpClient-1-10"       daemon [_thread_in_native, id=14592, stack(0x000000fd0db00000,0x000000fd0dc00000) (1024K)]
  0x000002b097c6b610 JavaThread "AsyncHttpClient-1-11"       daemon [_thread_in_native, id=10504, stack(0x000000fd0da00000,0x000000fd0db00000) (1024K)]
  0x000002b097c68820 JavaThread "AsyncHttpClient-1-12"       daemon [_thread_in_native, id=1124, stack(0x000000fd0dc00000,0x000000fd0dd00000) (1024K)]
  0x000002b097c69bd0 JavaThread "AsyncHttpClient-1-13"       daemon [_thread_in_native, id=15504, stack(0x000000fd0de00000,0x000000fd0df00000) (1024K)]
  0x000002b097c6dd70 JavaThread "Exec Default Executor"      daemon [_thread_in_native, id=10188, stack(0x000000fd0a600000,0x000000fd0a700000) (1024K)]
  0x000002b097c6c330 JavaThread "Exec Stream Pumper"         daemon [_thread_in_native, id=11484, stack(0x000000fd0a700000,0x000000fd0a800000) (1024K)]
  0x000002b097c67470 JavaThread "Exec Stream Pumper"         daemon [_thread_in_native, id=15368, stack(0x000000fd0cb00000,0x000000fd0cc00000) (1024K)]
  0x000002b097c6ea90 JavaThread "Driver Service Executor"    daemon [_thread_blocked, id=16108, stack(0x000000fd0cc00000,0x000000fd0cd00000) (1024K)]
  0x000002b097c68eb0 JavaThread "Driver Service Executor"    daemon [_thread_blocked, id=8960, stack(0x000000fd0cd00000,0x000000fd0ce00000) (1024K)]
  0x000002b097c68190 JavaThread "AsyncHttpClient-1-14"       daemon [_thread_in_native, id=13244, stack(0x000000fd0ce00000,0x000000fd0cf00000) (1024K)]
  0x000002b097c6c9c0 JavaThread "AsyncHttpClient-1-15"       daemon [_thread_in_native, id=12404, stack(0x000000fd0cf00000,0x000000fd0d000000) (1024K)]
  0x000002b097b2b540 JavaThread "AsyncHttpClient-1-16"       daemon [_thread_in_native, id=15220, stack(0x000000fd0dd00000,0x000000fd0de00000) (1024K)]
  0x000002b097c26360 JavaThread "C2 CompilerThread1"         daemon [_thread_blocked, id=12760, stack(0x000000fd0a800000,0x000000fd0a900000) (1024K)]
  0x000002b097b2dca0 JavaThread "Driver Command Executor"    daemon [_thread_blocked, id=13904, stack(0x000000fd0df00000,0x000000fd0e000000) (1024K)]
  0x000002b097c69540 JavaThread "Driver Command Executor"    daemon [_thread_blocked, id=6140, stack(0x000000fd0e000000,0x000000fd0e100000) (1024K)]
Total: 41

Other Threads:
  0x000002b05037c770 VMThread "VM Thread"                           [id=9004, stack(0x000000fd0b000000,0x000000fd0b100000) (1024K)]
  0x000002b05036ffa0 WatcherThread "VM Periodic Task Thread"        [id=1612, stack(0x000000fd0af00000,0x000000fd0b000000) (1024K)]
  0x000002b033634410 WorkerThread "GC Thread#0"                     [id=10452, stack(0x000000fd0aa00000,0x000000fd0ab00000) (1024K)]
  0x000002b096241d20 WorkerThread "GC Thread#1"                     [id=8372, stack(0x000000fd0bd00000,0x000000fd0be00000) (1024K)]
  0x000002b096241210 WorkerThread "GC Thread#2"                     [id=2320, stack(0x000000fd0be00000,0x000000fd0bf00000) (1024K)]
  0x000002b096241970 WorkerThread "GC Thread#3"                     [id=14080, stack(0x000000fd0bf00000,0x000000fd0c000000) (1024K)]
  0x000002b0962420d0 WorkerThread "GC Thread#4"                     [id=9080, stack(0x000000fd0c000000,0x000000fd0c100000) (1024K)]
  0x000002b096242480 WorkerThread "GC Thread#5"                     [id=12872, stack(0x000000fd0c100000,0x000000fd0c200000) (1024K)]
  0x000002b0962415c0 WorkerThread "GC Thread#6"                     [id=7608, stack(0x000000fd0c200000,0x000000fd0c300000) (1024K)]
  0x000002b0965a81e0 WorkerThread "GC Thread#7"                     [id=10692, stack(0x000000fd0c300000,0x000000fd0c400000) (1024K)]
  0x000002b03141de90 ConcurrentGCThread "G1 Main Marker"            [id=15468, stack(0x000000fd0ab00000,0x000000fd0ac00000) (1024K)]
  0x000002b03141e8b0 WorkerThread "G1 Conc#0"                       [id=1664, stack(0x000000fd0ac00000,0x000000fd0ad00000) (1024K)]
  0x000002b0965a8590 WorkerThread "G1 Conc#1"                       [id=15460, stack(0x000000fd0ca00000,0x000000fd0cb00000) (1024K)]
  0x000002b0502341a0 ConcurrentGCThread "G1 Refine#0"               [id=16336, stack(0x000000fd0ad00000,0x000000fd0ae00000) (1024K)]
  0x000002b0502365f0 ConcurrentGCThread "G1 Service"                [id=8092, stack(0x000000fd0ae00000,0x000000fd0af00000) (1024K)]
Total: 15

Threads with active compile tasks:
C2 CompilerThread0  99486 5031   !   4       java.util.Formatter::format (284 bytes)
Total: 1

VM state: not at safepoint (normal execution)

VM Mutex/Monitor currently owned by a thread: None

Heap address: 0x0000000081e00000, size: 2018 MB, Compressed Oops mode: 32-bit

CDS archive(s) mapped at: [0x000002b051000000-0x000002b051d70000-0x000002b051d70000), size 14090240, SharedBaseAddress: 0x000002b051000000, ArchiveRelocationMode: 1.
Compressed class space mapped at: 0x000002b052000000-0x000002b092000000, reserved size: 1073741824
Narrow klass base: 0x000002b051000000, Narrow klass shift: 0, Narrow klass range: 0x41000000

GC Precious Log:
 CardTable entry size: 512
 Card Set container configuration: InlinePtr #cards 5 size 8 Array Of Cards #cards 10 size 36 Howl #buckets 4 coarsen threshold 1843 Howl Bitmap #cards 512 size 80 coarsen threshold 460 Card regions per heap region 1 cards per card region 2048
 CPUs: 8 total, 8 available
 Memory: 8068M
 Large Page Support: Disabled
 NUMA Support: Disabled
 Compressed Oops: Enabled (32-bit)
 Heap Region Size: 1M
 Heap Min Capacity: 8M
 Heap Initial Capacity: 128M
 Heap Max Capacity: 2018M
 Pre-touch: Disabled
 Parallel Workers: 8
 Concurrent Workers: 2
 Concurrent Refinement Workers: 8
 Periodic GC: Disabled

Heap:
 garbage-first heap   total reserved 2066432K, committed 70656K, used 41853K [0x0000000081e00000, 0x0000000100000000)
  region size 1024K, 3 young (3072K), 2 survivors (2048K)
 Metaspace       used 31055K, committed 31488K, reserved 1114112K
  class space    used 3591K, committed 3776K, reserved 1048576K

Heap Regions: E=young(eden), S=young(survivor), O=old, HS=humongous(starts), HC=humongous(continues), CS=collection set, F=free, TAMS=top-at-mark-start, PB=parsable bottom
|   0|0x0000000081e00000, 0x0000000081f00000, 0x0000000081f00000|100%|HS|  |TAMS 0x0000000081e00000| PB 0x0000000081e00000| Complete |  0
|   1|0x0000000081f00000, 0x0000000082000000, 0x0000000082000000|100%| O|  |TAMS 0x0000000081f00000| PB 0x0000000081f00000| Untracked |  0
|   2|0x0000000082000000, 0x0000000082100000, 0x0000000082100000|100%| O|  |TAMS 0x0000000082000000| PB 0x0000000082000000| Untracked |  0
|   3|0x0000000082100000, 0x0000000082200000, 0x0000000082200000|100%| O|  |TAMS 0x0000000082100000| PB 0x0000000082100000| Untracked |  0
|   4|0x0000000082200000, 0x0000000082300000, 0x0000000082300000|100%| O|  |TAMS 0x0000000082200000| PB 0x0000000082200000| Untracked |  0
|   5|0x0000000082300000, 0x0000000082400000, 0x0000000082400000|100%| O|  |TAMS 0x0000000082300000| PB 0x0000000082300000| Untracked |  0
|   6|0x0000000082400000, 0x0000000082500000, 0x0000000082500000|100%| O|  |TAMS 0x0000000082400000| PB 0x0000000082400000| Untracked |  0
|   7|0x0000000082500000, 0x0000000082600000, 0x0000000082600000|100%| O|  |TAMS 0x0000000082500000| PB 0x0000000082500000| Untracked |  0
|   8|0x0000000082600000, 0x0000000082700000, 0x0000000082700000|100%| O|  |TAMS 0x0000000082600000| PB 0x0000000082600000| Untracked |  0
|   9|0x0000000082700000, 0x0000000082800000, 0x0000000082800000|100%| O|  |TAMS 0x0000000082700000| PB 0x0000000082700000| Untracked |  0
|  10|0x0000000082800000, 0x0000000082900000, 0x0000000082900000|100%| O|  |TAMS 0x0000000082800000| PB 0x0000000082800000| Untracked |  0
|  11|0x0000000082900000, 0x0000000082900000, 0x0000000082a00000|  0%| F|  |TAMS 0x0000000082900000| PB 0x0000000082900000| Untracked |  0
|  12|0x0000000082a00000, 0x0000000082b00000, 0x0000000082b00000|100%| O|  |TAMS 0x0000000082a00000| PB 0x0000000082a00000| Untracked |  0
|  13|0x0000000082b00000, 0x0000000082c00000, 0x0000000082c00000|100%| O|Cm|TAMS 0x0000000082b00000| PB 0x0000000082b00000| Complete |  0
|  14|0x0000000082c00000, 0x0000000082c00000, 0x0000000082d00000|  0%| F|  |TAMS 0x0000000082c00000| PB 0x0000000082c00000| Untracked |  0
|  15|0x0000000082d00000, 0x0000000082d00000, 0x0000000082e00000|  0%| F|  |TAMS 0x0000000082d00000| PB 0x0000000082d00000| Untracked |  0
|  16|0x0000000082e00000, 0x0000000082f00000, 0x0000000082f00000|100%|HS|  |TAMS 0x0000000082e00000| PB 0x0000000082e00000| Complete |  0
|  17|0x0000000082f00000, 0x0000000083000000, 0x0000000083000000|100%|HC|  |TAMS 0x0000000082f00000| PB 0x0000000082f00000| Complete |  0
|  18|0x0000000083000000, 0x0000000083100000, 0x0000000083100000|100%|HC|  |TAMS 0x0000000083000000| PB 0x0000000083000000| Complete |  0
|  19|0x0000000083100000, 0x0000000083200000, 0x0000000083200000|100%|HC|  |TAMS 0x0000000083100000| PB 0x0000000083100000| Complete |  0
|  20|0x0000000083200000, 0x0000000083300000, 0x0000000083300000|100%|HC|  |TAMS 0x0000000083200000| PB 0x0000000083200000| Complete |  0
|  21|0x0000000083300000, 0x0000000083400000, 0x0000000083400000|100%|HS|  |TAMS 0x0000000083300000| PB 0x0000000083300000| Complete |  0
|  22|0x0000000083400000, 0x0000000083500000, 0x0000000083500000|100%|HC|  |TAMS 0x0000000083400000| PB 0x0000000083400000| Complete |  0
|  23|0x0000000083500000, 0x0000000083600000, 0x0000000083600000|100%|HC|  |TAMS 0x0000000083500000| PB 0x0000000083500000| Complete |  0
|  24|0x0000000083600000, 0x0000000083700000, 0x0000000083700000|100%|HC|  |TAMS 0x0000000083600000| PB 0x0000000083600000| Complete |  0
|  25|0x0000000083700000, 0x0000000083800000, 0x0000000083800000|100%|HC|  |TAMS 0x0000000083700000| PB 0x0000000083700000| Complete |  0
|  26|0x0000000083800000, 0x0000000083800000, 0x0000000083900000|  0%| F|  |TAMS 0x0000000083800000| PB 0x0000000083800000| Untracked |  0
|  27|0x0000000083900000, 0x0000000083a00000, 0x0000000083a00000|100%|HS|  |TAMS 0x0000000083900000| PB 0x0000000083900000| Complete |  0
|  28|0x0000000083a00000, 0x0000000083b00000, 0x0000000083b00000|100%|HC|  |TAMS 0x0000000083a00000| PB 0x0000000083a00000| Complete |  0
|  29|0x0000000083b00000, 0x0000000083c00000, 0x0000000083c00000|100%|HC|  |TAMS 0x0000000083b00000| PB 0x0000000083b00000| Complete |  0
|  30|0x0000000083c00000, 0x0000000083d00000, 0x0000000083d00000|100%|HC|  |TAMS 0x0000000083c00000| PB 0x0000000083c00000| Complete |  0
|  31|0x0000000083d00000, 0x0000000083e00000, 0x0000000083e00000|100%|HC|  |TAMS 0x0000000083d00000| PB 0x0000000083d00000| Complete |  0
|  32|0x0000000083e00000, 0x0000000083e00000, 0x0000000083f00000|  0%| F|  |TAMS 0x0000000083e00000| PB 0x0000000083e00000| Untracked |  0
|  33|0x0000000083f00000, 0x0000000083f00000, 0x0000000084000000|  0%| F|  |TAMS 0x0000000083f00000| PB 0x0000000083f00000| Untracked |  0
|  34|0x0000000084000000, 0x0000000084000000, 0x0000000084100000|  0%| F|  |TAMS 0x0000000084000000| PB 0x0000000084000000| Untracked |  0
|  35|0x0000000084100000, 0x0000000084100000, 0x0000000084200000|  0%| F|  |TAMS 0x0000000084100000| PB 0x0000000084100000| Untracked |  0
|  36|0x0000000084200000, 0x0000000084300000, 0x0000000084300000|100%|HS|  |TAMS 0x0000000084200000| PB 0x0000000084200000| Complete |  0
|  37|0x0000000084300000, 0x0000000084400000, 0x0000000084400000|100%|HC|  |TAMS 0x0000000084300000| PB 0x0000000084300000| Complete |  0
|  38|0x0000000084400000, 0x0000000084500000, 0x0000000084500000|100%|HC|  |TAMS 0x0000000084400000| PB 0x0000000084400000| Complete |  0
|  39|0x0000000084500000, 0x0000000084600000, 0x0000000084600000|100%|HC|  |TAMS 0x0000000084500000| PB 0x0000000084500000| Complete |  0
|  40|0x0000000084600000, 0x0000000084700000, 0x0000000084700000|100%|HC|  |TAMS 0x0000000084600000| PB 0x0000000084600000| Complete |  0
|  41|0x0000000084700000, 0x0000000084700000, 0x0000000084800000|  0%| F|  |TAMS 0x0000000084700000| PB 0x0000000084700000| Untracked |  0
|  42|0x0000000084800000, 0x0000000084800000, 0x0000000084900000|  0%| F|  |TAMS 0x0000000084800000| PB 0x0000000084800000| Untracked |  0
|  43|0x0000000084900000, 0x0000000084900000, 0x0000000084a00000|  0%| F|  |TAMS 0x0000000084900000| PB 0x0000000084900000| Untracked |  0
|  44|0x0000000084a00000, 0x0000000084a00000, 0x0000000084b00000|  0%| F|  |TAMS 0x0000000084a00000| PB 0x0000000084a00000| Untracked |  0
|  45|0x0000000084b00000, 0x0000000084b00000, 0x0000000084c00000|  0%| F|  |TAMS 0x0000000084b00000| PB 0x0000000084b00000| Untracked |  0
|  46|0x0000000084c00000, 0x0000000084c00000, 0x0000000084d00000|  0%| F|  |TAMS 0x0000000084c00000| PB 0x0000000084c00000| Untracked |  0
|  47|0x0000000084d00000, 0x0000000084d00000, 0x0000000084e00000|  0%| F|  |TAMS 0x0000000084d00000| PB 0x0000000084d00000| Untracked |  0
|  48|0x0000000084e00000, 0x0000000084e00000, 0x0000000084f00000|  0%| F|  |TAMS 0x0000000084e00000| PB 0x0000000084e00000| Untracked |  0
|  49|0x0000000084f00000, 0x0000000084f00000, 0x0000000085000000|  0%| F|  |TAMS 0x0000000084f00000| PB 0x0000000084f00000| Untracked |  0
|  50|0x0000000085000000, 0x0000000085000000, 0x0000000085100000|  0%| F|  |TAMS 0x0000000085000000| PB 0x0000000085000000| Untracked |  0
|  51|0x0000000085100000, 0x000000008516c138, 0x0000000085200000| 42%| S|CS|TAMS 0x0000000085100000| PB 0x0000000085100000| Complete |  0
|  52|0x0000000085200000, 0x0000000085300000, 0x0000000085300000|100%| S|CS|TAMS 0x0000000085200000| PB 0x0000000085200000| Complete |  0
|  53|0x0000000085300000, 0x0000000085300000, 0x0000000085400000|  0%| F|  |TAMS 0x0000000085300000| PB 0x0000000085300000| Untracked |  0
|  54|0x0000000085400000, 0x0000000085400000, 0x0000000085500000|  0%| F|  |TAMS 0x0000000085400000| PB 0x0000000085400000| Untracked |  0
|  55|0x0000000085500000, 0x0000000085500000, 0x0000000085600000|  0%| F|  |TAMS 0x0000000085500000| PB 0x0000000085500000| Untracked |  0
|  56|0x0000000085600000, 0x0000000085600000, 0x0000000085700000|  0%| F|  |TAMS 0x0000000085600000| PB 0x0000000085600000| Untracked |  0
|  57|0x0000000085700000, 0x0000000085700000, 0x0000000085800000|  0%| F|  |TAMS 0x0000000085700000| PB 0x0000000085700000| Untracked |  0
|  58|0x0000000085800000, 0x0000000085800000, 0x0000000085900000|  0%| F|  |TAMS 0x0000000085800000| PB 0x0000000085800000| Untracked |  0
|  59|0x0000000085900000, 0x0000000085900000, 0x0000000085a00000|  0%| F|  |TAMS 0x0000000085900000| PB 0x0000000085900000| Untracked |  0
|  60|0x0000000085a00000, 0x0000000085a00000, 0x0000000085b00000|  0%| F|  |TAMS 0x0000000085a00000| PB 0x0000000085a00000| Untracked |  0
|  95|0x0000000087d00000, 0x0000000087e00000, 0x0000000087e00000|100%|HS|  |TAMS 0x0000000087d00000| PB 0x0000000087d00000| Complete |  0
|  96|0x0000000087e00000, 0x0000000087f00000, 0x0000000087f00000|100%|HC|  |TAMS 0x0000000087e00000| PB 0x0000000087e00000| Complete |  0
|  97|0x0000000087f00000, 0x0000000088000000, 0x0000000088000000|100%|HC|  |TAMS 0x0000000087f00000| PB 0x0000000087f00000| Complete |  0
|  98|0x0000000088000000, 0x0000000088100000, 0x0000000088100000|100%|HC|  |TAMS 0x0000000088000000| PB 0x0000000088000000| Complete |  0
|  99|0x0000000088100000, 0x0000000088200000, 0x0000000088200000|100%|HC|  |TAMS 0x0000000088100000| PB 0x0000000088100000| Complete |  0
| 127|0x0000000089d00000, 0x0000000089d14398, 0x0000000089e00000|  7%| E|  |TAMS 0x0000000089d00000| PB 0x0000000089d00000| Complete |  0
|2016|0x00000000ffe00000, 0x00000000ffe73620, 0x00000000fff00000| 45%| O|  |TAMS 0x00000000ffe00000| PB 0x00000000ffe00000| Untracked |  0
|2017|0x00000000fff00000, 0x0000000100000000, 0x0000000100000000|100%| O|  |TAMS 0x00000000fff00000| PB 0x00000000fff00000| Untracked |  0

Card table byte_map: [0x000002b04b540000,0x000002b04b940000] _byte_map_base: 0x000002b04b131000

Marking Bits: (CMBitMap*) 0x000002b033634a30
 Bits: [0x000002b04b940000, 0x000002b04d8c8000)

Polling page: 0x000002b0314c0000

Metaspace:

Usage:
  Non-class:     26.82 MB used.
      Class:      3.51 MB used.
       Both:     30.33 MB used.

Virtual space:
  Non-class space:       64.00 MB reserved,      27.06 MB ( 42%) committed,  1 nodes.
      Class space:        1.00 GB reserved,       3.69 MB ( <1%) committed,  1 nodes.
             Both:        1.06 GB reserved,      30.75 MB (  3%) committed. 

Chunk freelists:
   Non-Class:  4.03 MB
       Class:  12.28 MB
        Both:  16.31 MB

MaxMetaspaceSize: unlimited
CompressedClassSpaceSize: 1.00 GB
Initial GC threshold: 21.00 MB
Current GC threshold: 50.94 MB
CDS: on
 - commit_granule_bytes: 65536.
 - commit_granule_words: 8192.
 - virtual_space_node_default_size: 8388608.
 - enlarge_chunks_in_place: 1.
 - use_allocation_guard: 0.


Internal statistics:

num_allocs_failed_limit: 3.
num_arena_births: 454.
num_arena_deaths: 0.
num_vsnodes_births: 2.
num_vsnodes_deaths: 0.
num_space_committed: 492.
num_space_uncommitted: 0.
num_chunks_returned_to_freelist: 3.
num_chunks_taken_from_freelist: 1208.
num_chunk_merges: 0.
num_chunk_splits: 782.
num_chunks_enlarged: 513.
num_inconsistent_stats: 0.

CodeHeap 'non-profiled nmethods': size=120064Kb used=1418Kb max_used=1418Kb free=118645Kb
 bounds [0x000002b0437c0000, 0x000002b043a30000, 0x000002b04ad00000]
CodeHeap 'profiled nmethods': size=120000Kb used=6924Kb max_used=6924Kb free=113075Kb
 bounds [0x000002b03bd00000, 0x000002b03c3d0000, 0x000002b043230000]
CodeHeap 'non-nmethods': size=5696Kb used=1627Kb max_used=1678Kb free=4068Kb
 bounds [0x000002b043230000, 0x000002b0434a0000, 0x000002b0437c0000]
CodeCache: size=245760Kb, used=9969Kb, max_used=10020Kb, free=235788Kb
 total_blobs=5355, nmethods=4669, adapters=591, full_count=0
Compilation: enabled, stopped_count=0, restarted_count=0

Compilation events (20 events):
Event: 99.063 Thread 0x000002b0503bebb0 5027       3       io.netty.util.concurrent.SingleThreadEventExecutor::lazyExecute (6 bytes)
Event: 99.063 Thread 0x000002b0503bebb0 nmethod 5027 0x000002b03c3b3288 code [0x000002b03c3b33e0, 0x000002b03c3b37d8]
Event: 99.063 Thread 0x000002b0503bebb0 5028       3       io.netty.util.concurrent.SingleThreadEventExecutor::lazyExecute0 (16 bytes)
Event: 99.063 Thread 0x000002b0503bebb0 nmethod 5028 0x000002b03c3b3808 code [0x000002b03c3b3960, 0x000002b03c3b3cf8]
Event: 99.066 Thread 0x000002b0503b9180 nmethod 5029 0x000002b04391d108 code [0x000002b04391d200, 0x000002b04391d388]
Event: 99.081 Thread 0x000002b0503b9180 5030       4       java.util.Collections$UnmodifiableCollection::contains (11 bytes)
Event: 99.089 Thread 0x000002b0503b9180 nmethod 5030 0x000002b04391d408 code [0x000002b04391d5a0, 0x000002b04391dcc8]
Event: 99.107 Thread 0x000002b0503b9180 5031   !   4       java.util.Formatter::format (284 bytes)
Event: 99.116 Thread 0x000002b0503bebb0 5032       3       com.google.common.collect.RegularImmutableMap::checkNoConflictInKeyBucket (85 bytes)
Event: 99.117 Thread 0x000002b0503bebb0 nmethod 5032 0x000002b03c3b3d88 code [0x000002b03c3b4000, 0x000002b03c3b4ea8]
Event: 99.117 Thread 0x000002b0503bebb0 5033       3       io.netty.channel.nio.AbstractNioByteChannel::clearOpWrite (34 bytes)
Event: 99.117 Thread 0x000002b0503bebb0 nmethod 5033 0x000002b03c3b4f88 code [0x000002b03c3b5120, 0x000002b03c3b5830]
Event: 99.168 Thread 0x000002b0503bebb0 5036   !   3       org.asynchttpclient.netty.handler.AsyncHttpClientHandler::finishUpdate (62 bytes)
Event: 99.169 Thread 0x000002b0503bebb0 nmethod 5036 0x000002b03c3b5908 code [0x000002b03c3b5b40, 0x000002b03c3b6828]
Event: 99.179 Thread 0x000002b0503bebb0 5037       3       org.openqa.selenium.json.JsonOutput$$Lambda/0x000002b052306228::test (12 bytes)
Event: 99.179 Thread 0x000002b0503bebb0 nmethod 5037 0x000002b03c3b6988 code [0x000002b03c3b6ac0, 0x000002b03c3b6d98]
Event: 99.179 Thread 0x000002b0503bebb0 5038       3       org.openqa.selenium.json.JsonOutput::lambda$new$17 (17 bytes)
Event: 99.180 Thread 0x000002b0503bebb0 nmethod 5038 0x000002b03c3b6e08 code [0x000002b03c3b6f40, 0x000002b03c3b70d8]
Event: 99.180 Thread 0x000002b0503bebb0 5039       3       org.openqa.selenium.json.JsonOutput$$Lambda/0x000002b0523066a8::test (12 bytes)
Event: 99.180 Thread 0x000002b0503bebb0 nmethod 5039 0x000002b03c3b7108 code [0x000002b03c3b7240, 0x000002b03c3b7518]

GC Heap History (18 events):
Event: 1.031 GC heap before
{Heap before GC invocations=0 (full 0):
 garbage-first heap   total reserved 2066432K, committed 131072K, used 25600K [0x0000000081e00000, 0x0000000100000000)
  region size 1024K, 24 young (24576K), 0 survivors (0K)
 Metaspace       used 8430K, committed 8640K, reserved 1114112K
  class space    used 922K, committed 1024K, reserved 1048576K
}
Event: 1.040 GC heap after
{Heap after GC invocations=1 (full 0):
 garbage-first heap   total reserved 2066432K, committed 131072K, used 7168K [0x0000000081e00000, 0x0000000100000000)
  region size 1024K, 3 young (3072K), 3 survivors (3072K)
 Metaspace       used 8430K, committed 8640K, reserved 1114112K
  class space    used 922K, committed 1024K, reserved 1048576K
}
Event: 1.581 GC heap before
{Heap before GC invocations=1 (full 0):
 garbage-first heap   total reserved 2066432K, committed 131072K, used 27648K [0x0000000081e00000, 0x0000000100000000)
  region size 1024K, 24 young (24576K), 3 survivors (3072K)
 Metaspace       used 13601K, committed 13824K, reserved 1114112K
  class space    used 1493K, committed 1600K, reserved 1048576K
}
Event: 1.588 GC heap after
{Heap after GC invocations=2 (full 0):
 garbage-first heap   total reserved 2066432K, committed 131072K, used 9080K [0x0000000081e00000, 0x0000000100000000)
  region size 1024K, 2 young (2048K), 2 survivors (2048K)
 Metaspace       used 13601K, committed 13824K, reserved 1114112K
  class space    used 1493K, committed 1600K, reserved 1048576K
}
Event: 2.728 GC heap before
{Heap before GC invocations=2 (full 0):
 garbage-first heap   total reserved 2066432K, committed 131072K, used 33656K [0x0000000081e00000, 0x0000000100000000)
  region size 1024K, 28 young (28672K), 2 survivors (2048K)
 Metaspace       used 21228K, committed 21504K, reserved 1114112K
  class space    used 2421K, committed 2560K, reserved 1048576K
}
Event: 2.734 GC heap after
{Heap after GC invocations=3 (full 0):
 garbage-first heap   total reserved 2066432K, committed 131072K, used 11473K [0x0000000081e00000, 0x0000000100000000)
  region size 1024K, 5 young (5120K), 5 survivors (5120K)
 Metaspace       used 21228K, committed 21504K, reserved 1114112K
  class space    used 2421K, committed 2560K, reserved 1048576K
}
Event: 3.219 GC heap before
{Heap before GC invocations=4 (full 0):
 garbage-first heap   total reserved 2066432K, committed 40960K, used 30929K [0x0000000081e00000, 0x0000000100000000)
  region size 1024K, 24 young (24576K), 5 survivors (5120K)
 Metaspace       used 26479K, committed 26880K, reserved 1114112K
  class space    used 3117K, committed 3328K, reserved 1048576K
}
Event: 3.230 GC heap after
{Heap after GC invocations=5 (full 0):
 garbage-first heap   total reserved 2066432K, committed 40960K, used 13280K [0x0000000081e00000, 0x0000000100000000)
  region size 1024K, 2 young (2048K), 2 survivors (2048K)
 Metaspace       used 26479K, committed 26880K, reserved 1114112K
  class space    used 3117K, committed 3328K, reserved 1048576K
}
Event: 15.415 GC heap before
{Heap before GC invocations=5 (full 0):
 garbage-first heap   total reserved 2066432K, committed 40960K, used 33760K [0x0000000081e00000, 0x0000000100000000)
  region size 1024K, 18 young (18432K), 2 survivors (2048K)
 Metaspace       used 29644K, committed 29952K, reserved 1114112K
  class space    used 3562K, committed 3712K, reserved 1048576K
}
Event: 15.423 GC heap after
{Heap after GC invocations=6 (full 0):
 garbage-first heap   total reserved 2066432K, committed 40960K, used 19790K [0x0000000081e00000, 0x0000000100000000)
  region size 1024K, 3 young (3072K), 3 survivors (3072K)
 Metaspace       used 29644K, committed 29952K, reserved 1114112K
  class space    used 3562K, committed 3712K, reserved 1048576K
}
Event: 15.857 GC heap before
{Heap before GC invocations=6 (full 0):
 garbage-first heap   total reserved 2066432K, committed 40960K, used 20814K [0x0000000081e00000, 0x0000000100000000)
  region size 1024K, 5 young (5120K), 3 survivors (3072K)
 Metaspace       used 29662K, committed 30080K, reserved 1114112K
  class space    used 3563K, committed 3776K, reserved 1048576K
}
Event: 15.863 GC heap after
{Heap after GC invocations=7 (full 0):
 garbage-first heap   total reserved 2066432K, committed 40960K, used 19757K [0x0000000081e00000, 0x0000000100000000)
  region size 1024K, 1 young (1024K), 1 survivors (1024K)
 Metaspace       used 29662K, committed 30080K, reserved 1114112K
  class space    used 3563K, committed 3776K, reserved 1048576K
}
Event: 38.498 GC heap before
{Heap before GC invocations=8 (full 0):
 garbage-first heap   total reserved 2066432K, committed 48128K, used 43309K [0x0000000081e00000, 0x0000000100000000)
  region size 1024K, 15 young (15360K), 1 survivors (1024K)
 Metaspace       used 30282K, committed 30656K, reserved 1114112K
  class space    used 3579K, committed 3776K, reserved 1048576K
}
Event: 38.501 GC heap after
{Heap after GC invocations=9 (full 0):
 garbage-first heap   total reserved 2066432K, committed 48128K, used 30930K [0x0000000081e00000, 0x0000000100000000)
  region size 1024K, 2 young (2048K), 2 survivors (2048K)
 Metaspace       used 30282K, committed 30656K, reserved 1114112K
  class space    used 3579K, committed 3776K, reserved 1048576K
}
Event: 68.689 GC heap before
{Heap before GC invocations=9 (full 0):
 garbage-first heap   total reserved 2066432K, committed 48128K, used 46290K [0x0000000081e00000, 0x0000000100000000)
  region size 1024K, 13 young (13312K), 2 survivors (2048K)
 Metaspace       used 30719K, committed 31168K, reserved 1114112K
  class space    used 3591K, committed 3776K, reserved 1048576K
}
Event: 68.694 GC heap after
{Heap after GC invocations=10 (full 0):
 garbage-first heap   total reserved 2066432K, committed 51200K, used 36110K [0x0000000081e00000, 0x0000000100000000)
  region size 1024K, 1 young (1024K), 1 survivors (1024K)
 Metaspace       used 30719K, committed 31168K, reserved 1114112K
  class space    used 3591K, committed 3776K, reserved 1048576K
}
Event: 79.278 GC heap before
{Heap before GC invocations=10 (full 0):
 garbage-first heap   total reserved 2066432K, committed 51200K, used 41230K [0x0000000081e00000, 0x0000000100000000)
  region size 1024K, 8 young (8192K), 1 survivors (1024K)
 Metaspace       used 30855K, committed 31296K, reserved 1114112K
  class space    used 3591K, committed 3776K, reserved 1048576K
}
Event: 79.281 GC heap after
{Heap after GC invocations=11 (full 0):
 garbage-first heap   total reserved 2066432K, committed 51200K, used 36200K [0x0000000081e00000, 0x0000000100000000)
  region size 1024K, 1 young (1024K), 1 survivors (1024K)
 Metaspace       used 30855K, committed 31296K, reserved 1114112K
  class space    used 3591K, committed 3776K, reserved 1048576K
}

Dll operation events (14 events):
Event: 0.014 Loaded shared library C:\Program Files\Java\jdk-23\bin\java.dll
Event: 0.015 Loaded shared library C:\Program Files\Java\jdk-23\bin\zip.dll
Event: 0.059 Loaded shared library C:\Program Files\Java\jdk-23\bin\jsvml.dll
Event: 0.188 Loaded shared library C:\Program Files\Java\jdk-23\bin\instrument.dll
Event: 0.194 Loaded shared library C:\Program Files\Java\jdk-23\bin\net.dll
Event: 0.197 Loaded shared library C:\Program Files\Java\jdk-23\bin\nio.dll
Event: 0.201 Loaded shared library C:\Program Files\Java\jdk-23\bin\zip.dll
Event: 0.212 Loaded shared library C:\Program Files\JetBrains\IntelliJ IDEA Community Edition 2024.3.2.2\bin\breakgen64.dll
Event: 0.225 Loaded shared library C:\Program Files\Java\jdk-23\bin\extnet.dll
Event: 0.373 Loaded shared library C:\Program Files\Java\jdk-23\bin\verify.dll
Event: 0.382 Loaded shared library C:\Program Files\Java\jdk-23\bin\jimage.dll
Event: 2.542 Loaded shared library C:\Program Files\Java\jdk-23\bin\management.dll
Event: 2.546 Loaded shared library C:\Program Files\Java\jdk-23\bin\management_ext.dll
Event: 2.751 Loaded shared library C:\Program Files\Java\jdk-23\bin\sunmscapi.dll

Deoptimization events (20 events):
Event: 58.240 Thread 0x000002b0335d99f0 Uncommon trap: trap_request=0xffffffbe fr.pc=0x000002b0438f5cf0 relative=0x00000000000002b0
Event: 58.240 Thread 0x000002b0335d99f0 Uncommon trap: reason=profile_predicate action=maybe_recompile pc=0x000002b0438f5cf0 method=com.google.common.base.CharMatcher.indexIn(Ljava/lang/CharSequence;I)I @ 19 c2
Event: 58.240 Thread 0x000002b0335d99f0 DEOPT PACKING pc=0x000002b0438f5cf0 sp=0x000000fd0a9fd500
Event: 58.240 Thread 0x000002b0335d99f0 DEOPT UNPACKING pc=0x000002b043284402 sp=0x000000fd0a9fd490 mode 2
Event: 58.240 Thread 0x000002b0335d99f0 Uncommon trap: trap_request=0xffffffbe fr.pc=0x000002b0438f5cf0 relative=0x00000000000002b0
Event: 58.240 Thread 0x000002b0335d99f0 Uncommon trap: reason=profile_predicate action=maybe_recompile pc=0x000002b0438f5cf0 method=com.google.common.base.CharMatcher.indexIn(Ljava/lang/CharSequence;I)I @ 19 c2
Event: 58.240 Thread 0x000002b0335d99f0 DEOPT PACKING pc=0x000002b0438f5cf0 sp=0x000000fd0a9fd500
Event: 58.240 Thread 0x000002b0335d99f0 DEOPT UNPACKING pc=0x000002b043284402 sp=0x000000fd0a9fd490 mode 2
Event: 58.240 Thread 0x000002b0335d99f0 Uncommon trap: trap_request=0xffffffbe fr.pc=0x000002b0438f5cf0 relative=0x00000000000002b0
Event: 58.240 Thread 0x000002b0335d99f0 Uncommon trap: reason=profile_predicate action=maybe_recompile pc=0x000002b0438f5cf0 method=com.google.common.base.CharMatcher.indexIn(Ljava/lang/CharSequence;I)I @ 19 c2
Event: 58.240 Thread 0x000002b0335d99f0 DEOPT PACKING pc=0x000002b0438f5cf0 sp=0x000000fd0a9fd500
Event: 58.240 Thread 0x000002b0335d99f0 DEOPT UNPACKING pc=0x000002b043284402 sp=0x000000fd0a9fd490 mode 2
Event: 58.240 Thread 0x000002b0335d99f0 Uncommon trap: trap_request=0xffffffbe fr.pc=0x000002b0438f5cf0 relative=0x00000000000002b0
Event: 58.240 Thread 0x000002b0335d99f0 Uncommon trap: reason=profile_predicate action=maybe_recompile pc=0x000002b0438f5cf0 method=com.google.common.base.CharMatcher.indexIn(Ljava/lang/CharSequence;I)I @ 19 c2
Event: 58.240 Thread 0x000002b0335d99f0 DEOPT PACKING pc=0x000002b0438f5cf0 sp=0x000000fd0a9fd500
Event: 58.240 Thread 0x000002b0335d99f0 DEOPT UNPACKING pc=0x000002b043284402 sp=0x000000fd0a9fd490 mode 2
Event: 78.525 Thread 0x000002b0335d99f0 Uncommon trap: trap_request=0xffffff45 fr.pc=0x000002b04381d1e8 relative=0x00000000000001e8
Event: 78.525 Thread 0x000002b0335d99f0 Uncommon trap: reason=unstable_if action=reinterpret pc=0x000002b04381d1e8 method=java.lang.StringUTF16.compress([CI[BII)I @ 20 c2
Event: 78.525 Thread 0x000002b0335d99f0 DEOPT PACKING pc=0x000002b04381d1e8 sp=0x000000fd0a9fe230
Event: 78.525 Thread 0x000002b0335d99f0 DEOPT UNPACKING pc=0x000002b043284402 sp=0x000000fd0a9fe1c8 mode 2

Classes loaded (20 events):
Event: 37.023 Loading class junit/framework/ComparisonFailure
Event: 37.023 Loading class junit/framework/ComparisonFailure done
Event: 37.023 Loading class com/intellij/rt/execution/junit/FileComparisonData
Event: 37.023 Loading class com/intellij/rt/execution/junit/FileComparisonData done
Event: 37.024 Loading class com/intellij/rt/testng/TestNGExpectedPatterns
Event: 37.024 Loading class com/intellij/rt/testng/TestNGExpectedPatterns done
Event: 37.024 Loading class com/intellij/rt/execution/testFrameworks/AbstractExpectedPatterns
Event: 37.024 Loading class com/intellij/rt/execution/testFrameworks/AbstractExpectedPatterns done
Event: 37.025 Loading class java/io/PrintWriter$1
Event: 37.025 Loading class jdk/internal/access/JavaIOPrintWriterAccess
Event: 37.025 Loading class jdk/internal/access/JavaIOPrintWriterAccess done
Event: 37.025 Loading class java/io/PrintWriter$1 done
Event: 37.026 Loading class java/lang/Throwable$WrappedPrintWriter
Event: 37.026 Loading class java/lang/Throwable$PrintStreamOrWriter
Event: 37.026 Loading class java/lang/Throwable$PrintStreamOrWriter done
Event: 37.026 Loading class java/lang/Throwable$WrappedPrintWriter done
Event: 37.026 Loading class com/intellij/rt/debugger/agent/CaptureStorage$8
Event: 37.026 Loading class com/intellij/rt/debugger/agent/CaptureStorage$8 done
Event: 56.750 Loading class java/util/ComparableTimSort
Event: 56.751 Loading class java/util/ComparableTimSort done

Classes unloaded (0 events):
No events

Classes redefined (1 events):
Event: 0.239 Thread 0x000002b05037c770 redefined class name=java.lang.Throwable, count=1

Internal exceptions (20 events):
Event: 2.935 Thread 0x000002b0335d99f0 Exception <a 'java/lang/IncompatibleClassChangeError'{0x0000000083712058}: Found class java.lang.Object, but interface was expected> (0x0000000083712058) 
thrown [s\open\src\hotspot\share\interpreter\linkResolver.cpp, line 863]
Event: 2.936 Thread 0x000002b0335d99f0 Exception <a 'java/lang/NoSuchMethodError'{0x000000008371a9c0}: 'int java.lang.invoke.DirectMethodHandle$Holder.invokeSpecialIFC(java.lang.Object, java.lang.Object, java.lang.Object, java.lang.Object)'> (0x000000008371a9c0) 
thrown [s\open\src\hotspot\share\interpreter\linkResolver.cpp, line 796]
Event: 3.037 Thread 0x000002b0335d99f0 Exception <a 'java/lang/NoSuchMethodError'{0x0000000083580428}: 'java.lang.Object java.lang.invoke.DirectMethodHandle$Holder.newInvokeSpecial(java.lang.Object, java.lang.Object, int, int)'> (0x0000000083580428) 
thrown [s\open\src\hotspot\share\interpreter\linkResolver.cpp, line 796]
Event: 3.039 Thread 0x000002b0335d99f0 Exception <a 'java/lang/NoSuchMethodError'{0x00000000835941c8}: 'void java.lang.invoke.DirectMethodHandle$Holder.invokeStatic(java.lang.Object, java.lang.Object, int)'> (0x00000000835941c8) 
thrown [s\open\src\hotspot\share\interpreter\linkResolver.cpp, line 796]
Event: 3.083 Thread 0x000002b0335d99f0 Exception <a 'java/lang/NoSuchMethodError'{0x00000000833b3928}: 'int java.lang.invoke.DirectMethodHandle$Holder.invokeSpecialIFC(java.lang.Object, java.lang.Object, java.lang.Object)'> (0x00000000833b3928) 
thrown [s\open\src\hotspot\share\interpreter\linkResolver.cpp, line 796]
Event: 3.160 Thread 0x000002b0335d99f0 Exception <a 'java/lang/NoSuchMethodError'{0x00000000830ac930}: 'void java.lang.invoke.DirectMethodHandle$Holder.invokeSpecial(java.lang.Object, java.lang.Object, java.lang.Object, java.lang.Object, java.lang.Object, java.lang.Object)'> (0x00000000830ac930) 
thrown [s\open\src\hotspot\share\interpreter\linkResolver.cpp, line 796]
Event: 3.175 Thread 0x000002b0335d99f0 Exception <a 'java/lang/NoSuchMethodError'{0x0000000082f56cd8}: 'long java.lang.invoke.DirectMethodHandle$Holder.invokeInterface(java.lang.Object, java.lang.Object)'> (0x0000000082f56cd8) 
thrown [s\open\src\hotspot\share\interpreter\linkResolver.cpp, line 796]
Event: 3.176 Thread 0x000002b0335d99f0 Exception <a 'java/lang/NoSuchMethodError'{0x0000000082f5b4d0}: 'long java.lang.invoke.DelegatingMethodHandle$Holder.reinvoke_L(java.lang.Object, java.lang.Object)'> (0x0000000082f5b4d0) 
thrown [s\open\src\hotspot\share\interpreter\linkResolver.cpp, line 796]
Event: 4.105 Thread 0x000002b0335d99f0 Exception <a 'java/lang/NoSuchMethodError'{0x0000000087de6f88}: 'java.lang.Object java.lang.invoke.DirectMethodHandle$Holder.invokeSpecialIFC(java.lang.Object, java.lang.Object, java.lang.Object)'> (0x0000000087de6f88) 
thrown [s\open\src\hotspot\share\interpreter\linkResolver.cpp, line 796]
Event: 4.135 Thread 0x000002b0335d99f0 Exception <a 'java/lang/NoSuchMethodError'{0x0000000083e160c0}: 'void java.lang.invoke.DirectMethodHandle$Holder.invokeSpecial(java.lang.Object, java.lang.Object, java.lang.Object, java.lang.Object, java.lang.Object)'> (0x0000000083e160c0) 
thrown [s\open\src\hotspot\share\interpreter\linkResolver.cpp, line 796]
Event: 15.137 Thread 0x000002b097b2c260 Exception <a 'sun/net/ConnectionResetException'{0x0000000083d1b268}: Connection reset> (0x0000000083d1b268) 
thrown [s\open\src\hotspot\share\prims\jni.cpp, line 539]
Event: 15.359 Thread 0x000002b097b2fd70 Exception <a 'java/net/ConnectException'{0x00000000836c8ca0}: Connection refused: getsockopt> (0x00000000836c8ca0) 
thrown [s\open\src\hotspot\share\prims\jni.cpp, line 539]
Event: 37.103 Thread 0x000002b097c6a260 Exception <a 'sun/net/ConnectionResetException'{0x0000000089dc25e8}: Connection reset> (0x0000000089dc25e8) 
thrown [s\open\src\hotspot\share\prims\jni.cpp, line 539]
Event: 37.340 Thread 0x000002b097b2fd70 Exception <a 'java/net/ConnectException'{0x0000000083bf35b8}: Connection refused: getsockopt> (0x0000000083bf35b8) 
thrown [s\open\src\hotspot\share\prims\jni.cpp, line 539]
Event: 56.755 Thread 0x000002b0335d99f0 Exception <a 'java/lang/NoSuchMethodError'{0x00000000841d3c60}: 'long java.lang.invoke.DirectMethodHandle$Holder.invokeSpecial(java.lang.Object, java.lang.Object, int, java.lang.Object, java.lang.Object)'> (0x00000000841d3c60) 
thrown [s\open\src\hotspot\share\interpreter\linkResolver.cpp, line 796]
Event: 56.756 Thread 0x000002b0335d99f0 Exception <a 'java/lang/NoSuchMethodError'{0x00000000841dfa88}: 'java.lang.Object java.lang.invoke.DirectMethodHandle$Holder.invokeSpecial(java.lang.Object, java.lang.Object, int, java.lang.Object, java.lang.Object)'> (0x00000000841dfa88) 
thrown [s\open\src\hotspot\share\interpreter\linkResolver.cpp, line 796]
Event: 56.824 Thread 0x000002b097c6d050 Exception <a 'sun/net/ConnectionResetException'{0x0000000084047ec8}: Connection reset> (0x0000000084047ec8) 
thrown [s\open\src\hotspot\share\prims\jni.cpp, line 539]
Event: 57.051 Thread 0x000002b097b2fd70 Exception <a 'java/net/ConnectException'{0x000000008405ed60}: Connection refused: getsockopt> (0x000000008405ed60) 
thrown [s\open\src\hotspot\share\prims\jni.cpp, line 539]
Event: 78.541 Thread 0x000002b097c68820 Exception <a 'sun/net/ConnectionResetException'{0x0000000087d8c980}: Connection reset> (0x0000000087d8c980) 
thrown [s\open\src\hotspot\share\prims\jni.cpp, line 539]
Event: 78.810 Thread 0x000002b097b2fd70 Exception <a 'java/net/ConnectException'{0x0000000087da1a08}: Connection refused: getsockopt> (0x0000000087da1a08) 
thrown [s\open\src\hotspot\share\prims\jni.cpp, line 539]

VM Operations (20 events):
Event: 15.873 Executing VM operation: G1PauseRemark
Event: 15.877 Executing VM operation: G1PauseRemark done
Event: 15.882 Executing VM operation: G1PauseCleanup
Event: 15.882 Executing VM operation: G1PauseCleanup done
Event: 37.027 Executing VM operation: HandshakeAllThreads (Deoptimize)
Event: 37.027 Executing VM operation: HandshakeAllThreads (Deoptimize) done
Event: 38.498 Executing VM operation: G1CollectForAllocation (G1 Evacuation Pause)
Event: 38.501 Executing VM operation: G1CollectForAllocation (G1 Evacuation Pause) done
Event: 60.240 Executing VM operation: HandshakeAllThreads (HandshakeForDeflation)
Event: 60.240 Executing VM operation: HandshakeAllThreads (HandshakeForDeflation) done
Event: 60.240 Executing VM operation: RendezvousGCThreads
Event: 60.240 Executing VM operation: RendezvousGCThreads done
Event: 68.689 Executing VM operation: G1CollectForAllocation (G1 Evacuation Pause)
Event: 68.694 Executing VM operation: G1CollectForAllocation (G1 Evacuation Pause) done
Event: 79.278 Executing VM operation: G1TryInitiateConcMark (G1 Humongous Allocation)
Event: 79.281 Executing VM operation: G1TryInitiateConcMark (G1 Humongous Allocation) done
Event: 79.295 Executing VM operation: G1PauseRemark
Event: 79.301 Executing VM operation: G1PauseRemark done
Event: 79.305 Executing VM operation: G1PauseCleanup
Event: 79.305 Executing VM operation: G1PauseCleanup done

Memory protections (0 events):
No events

Nmethod flushes (20 events):
Event: 79.300 Thread 0x000002b05037c770 flushing  nmethod 0x000002b03bda2888
Event: 79.300 Thread 0x000002b05037c770 flushing  nmethod 0x000002b03bda5708
Event: 79.300 Thread 0x000002b05037c770 flushing  nmethod 0x000002b03bda7788
Event: 79.300 Thread 0x000002b05037c770 flushing  nmethod 0x000002b03bda7f08
Event: 79.300 Thread 0x000002b05037c770 flushing  nmethod 0x000002b03bdb8508
Event: 79.300 Thread 0x000002b05037c770 flushing  nmethod 0x000002b03bdc0408
Event: 79.300 Thread 0x000002b05037c770 flushing  nmethod 0x000002b03bdd5908
Event: 79.300 Thread 0x000002b05037c770 flushing  nmethod 0x000002b03be02908
Event: 79.300 Thread 0x000002b05037c770 flushing  nmethod 0x000002b03be46308
Event: 79.300 Thread 0x000002b05037c770 flushing  nmethod 0x000002b03bea3688
Event: 79.300 Thread 0x000002b05037c770 flushing  nmethod 0x000002b03bf2b088
Event: 79.300 Thread 0x000002b05037c770 flushing  nmethod 0x000002b03bf2c688
Event: 79.300 Thread 0x000002b05037c770 flushing  nmethod 0x000002b03bf62508
Event: 79.300 Thread 0x000002b05037c770 flushing  nmethod 0x000002b03bfa5688
Event: 79.300 Thread 0x000002b05037c770 flushing  nmethod 0x000002b03bffe288
Event: 79.300 Thread 0x000002b05037c770 flushing  nmethod 0x000002b03c01cc88
Event: 79.300 Thread 0x000002b05037c770 flushing  nmethod 0x000002b03c03af08
Event: 79.300 Thread 0x000002b05037c770 flushing  nmethod 0x000002b03c0c3688
Event: 79.300 Thread 0x000002b05037c770 flushing  nmethod 0x000002b03c0c3988
Event: 79.300 Thread 0x000002b05037c770 flushing osr nmethod 0x000002b03c134808

Events (20 events):
Event: 78.808 Thread 0x000002b097c68eb0 Thread exited: 0x000002b097c68eb0
Event: 78.811 Thread 0x000002b097c6ea90 Thread exited: 0x000002b097c6ea90
Event: 78.811 Thread 0x000002b097c6dd70 Thread exited: 0x000002b097c6dd70
Event: 78.811 Thread 0x000002b097c6c9c0 Thread exited: 0x000002b097c6c9c0
Event: 78.840 Thread 0x000002b097c68190 Thread exited: 0x000002b097c68190
Event: 78.844 Thread 0x000002b0335d99f0 Thread added: 0x000002b097c68190
Event: 78.850 Thread 0x000002b097c68190 Thread added: 0x000002b097c6dd70
Event: 78.850 Thread 0x000002b097c68190 Thread added: 0x000002b097c6c330
Event: 79.185 Thread 0x000002b097c6c330 Thread exited: 0x000002b097c6c330
Event: 79.185 Thread 0x000002b097c6dd70 Thread exited: 0x000002b097c6dd70
Event: 79.189 Thread 0x000002b097c68190 Thread exited: 0x000002b097c68190
Event: 79.210 Thread 0x000002b0335d99f0 Thread added: 0x000002b097c6dd70
Event: 79.215 Thread 0x000002b097c6dd70 Thread added: 0x000002b097c6c330
Event: 79.215 Thread 0x000002b097c6dd70 Thread added: 0x000002b097c67470
Event: 79.270 Thread 0x000002b0335d99f0 Thread added: 0x000002b097c6ea90
Event: 79.270 Thread 0x000002b0335d99f0 Thread added: 0x000002b097c68eb0
Event: 79.276 Thread 0x000002b0335d99f0 Thread added: 0x000002b097c68190
Event: 79.917 Thread 0x000002b0335d99f0 Thread added: 0x000002b097c6c9c0
Event: 79.926 Thread 0x000002b0335d99f0 Thread added: 0x000002b097b2b540
Event: 88.804 Thread 0x000002b097c69540 Thread exited: 0x000002b097c69540


Dynamic libraries:
0x00007ff678710000 - 0x00007ff678720000 	C:\Program Files\Java\jdk-23\bin\java.exe
0x00007ffa51b50000 - 0x00007ffa51d48000 	C:\Windows\SYSTEM32\ntdll.dll
0x00007ffa519b0000 - 0x00007ffa51a72000 	C:\Windows\System32\KERNEL32.DLL
0x00007ffa4f4a0000 - 0x00007ffa4f79e000 	C:\Windows\System32\KERNELBASE.dll
0x00007ffa4f7a0000 - 0x00007ffa4f8a0000 	C:\Windows\System32\ucrtbase.dll
0x00007ffa44b40000 - 0x00007ffa44b5b000 	C:\Program Files\Java\jdk-23\bin\VCRUNTIME140.dll
0x00007ffa467d0000 - 0x00007ffa467e7000 	C:\Program Files\Java\jdk-23\bin\jli.dll
0x00007ffa50020000 - 0x00007ffa501bd000 	C:\Windows\System32\USER32.dll
0x00007ffa41160000 - 0x00007ffa413fa000 	C:\Windows\WinSxS\amd64_microsoft.windows.common-controls_6595b64144ccf1df_6.0.19041.4355_none_60b8b9eb71f62e16\COMCTL32.dll
0x00007ffa4f9f0000 - 0x00007ffa4fa12000 	C:\Windows\System32\win32u.dll
0x00007ffa4fb80000 - 0x00007ffa4fc1e000 	C:\Windows\System32\msvcrt.dll
0x00007ffa4fff0000 - 0x00007ffa5001b000 	C:\Windows\System32\GDI32.dll
0x00007ffa4f8d0000 - 0x00007ffa4f9e7000 	C:\Windows\System32\gdi32full.dll
0x00007ffa4fa20000 - 0x00007ffa4fabd000 	C:\Windows\System32\msvcp_win.dll
0x00007ffa4fc20000 - 0x00007ffa4fc4f000 	C:\Windows\System32\IMM32.DLL
0x00007ffa4c590000 - 0x00007ffa4c59c000 	C:\Program Files\Java\jdk-23\bin\vcruntime140_1.dll
0x00007ffa3adf0000 - 0x00007ffa3ae7e000 	C:\Program Files\Java\jdk-23\bin\msvcp140.dll
0x00007ffa26530000 - 0x00007ffa2727f000 	C:\Program Files\Java\jdk-23\bin\server\jvm.dll
0x00007ffa4fed0000 - 0x00007ffa4ff81000 	C:\Windows\System32\ADVAPI32.dll
0x00007ffa518f0000 - 0x00007ffa5198f000 	C:\Windows\System32\sechost.dll
0x00007ffa505d0000 - 0x00007ffa506f3000 	C:\Windows\System32\RPCRT4.dll
0x00007ffa4f8a0000 - 0x00007ffa4f8c7000 	C:\Windows\System32\bcrypt.dll
0x00007ffa50700000 - 0x00007ffa5076b000 	C:\Windows\System32\WS2_32.dll
0x00007ffa4e730000 - 0x00007ffa4e77b000 	C:\Windows\SYSTEM32\POWRPROF.dll
0x00007ffa41450000 - 0x00007ffa41477000 	C:\Windows\SYSTEM32\WINMM.dll
0x00007ffa43230000 - 0x00007ffa4323a000 	C:\Windows\SYSTEM32\VERSION.dll
0x00007ffa4e5f0000 - 0x00007ffa4e602000 	C:\Windows\SYSTEM32\UMPDC.dll
0x00007ffa4da10000 - 0x00007ffa4da22000 	C:\Windows\SYSTEM32\kernel.appcore.dll
0x00007ffa467c0000 - 0x00007ffa467ca000 	C:\Program Files\Java\jdk-23\bin\jimage.dll
0x00007ffa4d040000 - 0x00007ffa4d224000 	C:\Windows\SYSTEM32\DBGHELP.DLL
0x00007ffa39a80000 - 0x00007ffa39ab4000 	C:\Windows\SYSTEM32\dbgcore.DLL
0x00007ffa4f350000 - 0x00007ffa4f3d2000 	C:\Windows\System32\bcryptPrimitives.dll
0x00007ffa44b30000 - 0x00007ffa44b3f000 	C:\Program Files\Java\jdk-23\bin\instrument.dll
0x00007ffa44ac0000 - 0x00007ffa44ade000 	C:\Program Files\Java\jdk-23\bin\java.dll
0x00007ffa4fd90000 - 0x00007ffa4febb000 	C:\Windows\System32\ole32.dll
0x00007ffa50770000 - 0x00007ffa50ac3000 	C:\Windows\System32\combase.dll
0x00007ffa51180000 - 0x00007ffa518ed000 	C:\Windows\System32\SHELL32.dll
0x00007ffa44a70000 - 0x00007ffa44a87000 	C:\Program Files\Java\jdk-23\bin\zip.dll
0x00007ffa4d250000 - 0x00007ffa4d9f4000 	C:\Windows\SYSTEM32\windows.storage.dll
0x00007ffa4ec20000 - 0x00007ffa4ec4e000 	C:\Windows\SYSTEM32\Wldp.dll
0x00007ffa50350000 - 0x00007ffa5041d000 	C:\Windows\System32\OLEAUT32.dll
0x00007ffa50ff0000 - 0x00007ffa5109d000 	C:\Windows\System32\SHCORE.dll
0x00007ffa4ff90000 - 0x00007ffa4ffe5000 	C:\Windows\System32\shlwapi.dll
0x00007ffa4f120000 - 0x00007ffa4f144000 	C:\Windows\SYSTEM32\profapi.dll
0x00007ffa38db0000 - 0x00007ffa38e87000 	C:\Program Files\Java\jdk-23\bin\jsvml.dll
0x00007ffa44a40000 - 0x00007ffa44a50000 	C:\Program Files\Java\jdk-23\bin\net.dll
0x00007ffa4e980000 - 0x00007ffa4e9ea000 	C:\Windows\system32\mswsock.dll
0x00007ffa42350000 - 0x00007ffa42366000 	C:\Program Files\Java\jdk-23\bin\nio.dll
0x00007ffa3add0000 - 0x00007ffa3adea000 	C:\Program Files\JetBrains\IntelliJ IDEA Community Edition 2024.3.2.2\bin\breakgen64.dll
0x00007ffa44a30000 - 0x00007ffa44a39000 	C:\Program Files\Java\jdk-23\bin\extnet.dll
0x00007ffa42410000 - 0x00007ffa42420000 	C:\Program Files\Java\jdk-23\bin\verify.dll
0x00007ffa4eb70000 - 0x00007ffa4eb88000 	C:\Windows\SYSTEM32\CRYPTSP.dll
0x00007ffa4e230000 - 0x00007ffa4e264000 	C:\Windows\system32\rsaenh.dll
0x00007ffa4f0e0000 - 0x00007ffa4f10e000 	C:\Windows\SYSTEM32\USERENV.dll
0x00007ffa4eb90000 - 0x00007ffa4eb9c000 	C:\Windows\SYSTEM32\CRYPTBASE.dll
0x00007ffa4e610000 - 0x00007ffa4e64b000 	C:\Windows\SYSTEM32\IPHLPAPI.DLL
0x00007ffa4fec0000 - 0x00007ffa4fec8000 	C:\Windows\System32\NSI.dll
0x00007ffa4e660000 - 0x00007ffa4e72a000 	C:\Windows\SYSTEM32\DNSAPI.dll
0x00007ffa43ff0000 - 0x00007ffa43ffa000 	C:\Windows\System32\rasadhlp.dll
0x00007ffa44660000 - 0x00007ffa446e0000 	C:\Windows\System32\fwpuclnt.dll
0x00007ffa4b930000 - 0x00007ffa4b9c4000 	C:\Windows\system32\apphelp.dll
0x00007ffa42460000 - 0x00007ffa4246a000 	C:\Program Files\Java\jdk-23\bin\management.dll
0x00007ffa42400000 - 0x00007ffa4240b000 	C:\Program Files\Java\jdk-23\bin\management_ext.dll
0x00007ffa4fb70000 - 0x00007ffa4fb78000 	C:\Windows\System32\PSAPI.DLL
0x00007ffa44a60000 - 0x00007ffa44a6e000 	C:\Program Files\Java\jdk-23\bin\sunmscapi.dll
0x00007ffa4f1f0000 - 0x00007ffa4f34c000 	C:\Windows\System32\CRYPT32.dll
0x00007ffa4ec90000 - 0x00007ffa4ecb7000 	C:\Windows\SYSTEM32\ncrypt.dll
0x00007ffa4ec50000 - 0x00007ffa4ec8b000 	C:\Windows\SYSTEM32\NTASN1.dll
0x00007ffa2d870000 - 0x00007ffa2d877000 	C:\Windows\system32\wshunix.dll

dbghelp: loaded successfully - version: 4.0.5 - missing functions: none
symbol engine: initialized successfully - sym options: 0x614 - pdb path: .;C:\Program Files\Java\jdk-23\bin;C:\Windows\SYSTEM32;C:\Windows\WinSxS\amd64_microsoft.windows.common-controls_6595b64144ccf1df_6.0.19041.4355_none_60b8b9eb71f62e16;C:\Program Files\Java\jdk-23\bin\server;C:\Program Files\JetBrains\IntelliJ IDEA Community Edition 2024.3.2.2\bin

VM Arguments:
jvm_args: -ea -Didea.test.cyclic.buffer.size=1048576 -javaagent:C:\Program Files\JetBrains\IntelliJ IDEA Community Edition 2024.3.2.2\lib\idea_rt.jar=50866:C:\Program Files\JetBrains\IntelliJ IDEA Community Edition 2024.3.2.2\bin -javaagent:C:\Users\MAHMOU~1\AppData\Local\Temp\captureAgent7092jars\debugger-agent.jar -Dkotlinx.coroutines.debug.enable.creation.stack.trace=false -Ddebugger.agent.enable.coroutines=true -Dkotlinx.coroutines.debug.enable.flows.stack.trace=true -Dkotlinx.coroutines.debug.enable.mutable.state.flows.stack.trace=true -Dfile.encoding=UTF-8 -Dsun.stdout.encoding=UTF-8 -Dsun.stderr.encoding=UTF-8 
java_command: com.intellij.rt.testng.RemoteTestNGStarter -usedefaultlisteners false -socket50865 @w@C:\Users\MAHMOU~1\AppData\Local\Temp\idea_working_dirs_testng.tmp -temp C:\Users\MAHMOU~1\AppData\Local\Temp\idea_testng.tmp
java_class_path (initial): C:\Program Files\JetBrains\IntelliJ IDEA Community Edition 2024.3.2.2\lib\idea_rt.jar;C:\Program Files\JetBrains\IntelliJ IDEA Community Edition 2024.3.2.2\plugins\testng\lib\testng-rt.jar;C:\Users\Mahmoud Fouad\Pictures\SELSNIUM\LoginTestNGProject\target\test-classes;C:\Users\Mahmoud Fouad\Pictures\SELSNIUM\LoginTestNGProject\target\classes;C:\Users\Mahmoud Fouad\.m2\repository\org\seleniumhq\selenium\selenium-java\4.12.0\selenium-java-4.12.0.jar;C:\Users\Mahmoud Fouad\.m2\repository\org\seleniumhq\selenium\selenium-api\4.12.0\selenium-api-4.12.0.jar;C:\Users\Mahmoud Fouad\.m2\repository\org\seleniumhq\selenium\selenium-chrome-driver\4.12.0\selenium-chrome-driver-4.12.0.jar;C:\Users\Mahmoud Fouad\.m2\repository\com\google\auto\service\auto-service-annotations\1.1.1\auto-service-annotations-1.1.1.jar;C:\Users\Mahmoud Fouad\.m2\repository\com\google\guava\guava\32.1.2-jre\guava-32.1.2-jre.jar;C:\Users\Mahmoud Fouad\.m2\repository\com\google\guava\failureaccess\1.0.1\failureaccess-1.0.1.jar;C:\Users\Mahmoud Fouad\.m2\repository\com\google\guava\listenablefuture\9999.0-empty-to-avoid-conflict-with-guava\listenablefuture-9999.0-empty-to-avoid-conflict-with-guava.jar;C:\Users\Mahmoud Fouad\.m2\repository\com\google\code\findbugs\jsr305\3.0.2\jsr305-3.0.2.jar;C:\Users\Mahmoud Fouad\.m2\repository\org\checkerframework\checker-qual\3.33.0\checker-qual-3.33.0.jar;C:\Users\Mahmoud Fouad\.m2\repository\com\google\errorprone\error_prone_annotations\2.18.0\error_prone_annotations-2.18.0.jar;C:\Users\Mahmoud Fouad\.m2\repository\com\google\j2objc\j2objc-annotations\2.8\j2objc-annotations-2.8.jar;C:\Users\Mahmoud Fouad\.m2\repository\org\seleniumhq\selenium\selenium-chromium-driver\4.12.0\selenium-chromium-driver-4.12.0.jar;C:\Users\Mahmoud Fouad\.m2\repository\org\seleniumhq\selenium\selenium-json\4.12.0\selenium-json-4.12.0.jar;C:\Users\Mahmoud Fouad\.m2\repository\org\seleniumhq\selenium\selenium-manager\4.12.0\selenium-manager-4.12.0.jar;C:\Users\Mahmoud Fouad\.m2\repository\org\seleniumhq\selenium\selenium-devtools-v114\4.12.0\selenium-devtools-v114-4.12.0.jar;C:\Users\Mahmoud Fouad\.m2\repository\org\seleniumhq\selenium\selenium-devtools-v115\4.12.0\selenium-devtools-v115-4.12.0.jar;C:\Users\Mahmoud Fouad\.m2\repository\org\seleniumhq\selenium\selenium-devtools-v116\4.12.0\selenium-devtools-v116-4.12.0.jar;C:\Users\Mahmoud Fouad\.m2\repository\org\seleniumhq\selenium\selenium-devtools-v85\4.12.0\selenium-devtools-v85-4.12.0.jar;C:\Users\Mahmoud Fouad\.m2\repository\org\seleniumhq\selenium\selenium-edge-driver\4.12.0\selenium-edge-driver-4.12.0.jar;C:\Users\Mahmoud Fouad\.m2\repository\org\seleniumhq\selenium\selenium-firefox-driver\4.12.0\selenium-firefox-driver-4.12.0.jar;C:\Users\Mahmoud Fouad\.m2\repository\org\seleniumhq\selenium\selenium-http\4.12.0\selenium-http-4.12.0.jar;C:\Users\Mahmoud Fouad\.m2\repository\dev\failsafe\failsafe\3.3.2\failsafe-3.3.2.jar;C:\Users\Mahmoud Fouad\.m2\repository\org\seleniumhq\selenium\selenium-ie-driver\4.12.0\selenium-ie-driver-4.12.0.jar;C:\Users\Mahmoud Fouad\.m2\repository\org\seleniumhq\selenium\selenium-remote-driver\4.12.0\selenium-remote-driver-4.12.0.jar;C:\Users\Mahmoud Fouad\.m2\repository\io\netty\netty-buffer\4.1.96.Final\netty-buffer-4.1.96.Final.jar;C:\Users\Mahmoud Fouad\.m2\repository\io\netty\netty-codec-http\4.1.96.Final\netty-codec-http-4.1.96.Final.jar;C:\Users\Mahmoud Fouad\.m2\repository\io\netty\netty-codec\4.1.96.Final\netty-codec-4.1.96.Final.jar;C:\Users\Mahmoud Fouad\.m2\repository\io\netty\netty-handler\4.1.96.Final\netty-handler-4.1.96.Final.jar;C:\Users\Mahmoud Fouad\.m2\repository\io\netty\netty-common\4.1.96.Final\netty-common-4.1.96.Final.jar;C:\Users\Mahmoud Fouad\.m2\repository\io\netty\netty-transport-classes-epoll\4.1.96.Final\netty-transport-classes-epoll-4.1.96.Final.jar;C:\Users\Mahmoud Fouad\.m2\repository\io\netty\netty-transport-classes-kqueue\4.1.96.Final\netty-transport-classes-kqueue-4.1.96.Final.jar;C:\Users\Mahmoud Fouad\.m2\repository\io\netty\netty-transport-native-epoll\4.1.96.Final\netty-transport-native-epoll-4.1.96.Final.jar;C:\Users\Mahmoud Fouad\.m2\repository\io\netty\netty-transport-native-kqueue\4.1.96.Final\netty-transport-native-kqueue-4.1.96.Final.jar;C:\Users\Mahmoud Fouad\.m2\repository\io\netty\netty-transport-native-unix-common\4.1.96.Final\netty-transport-native-unix-common-4.1.96.Final.jar;C:\Users\Mahmoud Fouad\.m2\repository\io\netty\netty-transport\4.1.96.Final\netty-transport-4.1.96.Final.jar;C:\Users\Mahmoud Fouad\.m2\repository\io\netty\netty-resolver\4.1.96.Final\netty-resolver-4.1.96.Final.jar;C:\Users\Mahmoud Fouad\.m2\repository\io\opentelemetry\opentelemetry-api\1.28.0\opentelemetry-api-1.28.0.jar;C:\Users\Mahmoud Fouad\.m2\repository\io\opentelemetry\opentelemetry-context\1.28.0\opentelemetry-context-1.28.0.jar;C:\Users\Mahmoud Fouad\.m2\repository\io\opentelemetry\opentelemetry-exporter-logging\1.28.0\opentelemetry-exporter-logging-1.28.0.jar;C:\Users\Mahmoud Fouad\.m2\repository\io\opentelemetry\opentelemetry-sdk-metrics\1.28.0\opentelemetry-sdk-metrics-1.28.0.jar;C:\Users\Mahmoud Fouad\.m2\repository\io\opentelemetry\opentelemetry-extension-incubator\1.28.0-alpha\opentelemetry-extension-incubator-1.28.0-alpha.jar;C:\Users\Mahmoud Fouad\.m2\repository\io\opentelemetry\opentelemetry-sdk-logs\1.28.0\opentelemetry-sdk-logs-1.28.0.jar;C:\Users\Mahmoud Fouad\.m2\repository\io\opentelemetry\opentelemetry-sdk-common\1.28.0\opentelemetry-sdk-common-1.28.0.jar;C:\Users\Mahmoud Fouad\.m2\repository\io\opentelemetry\opentelemetry-sdk-extension-autoconfigure-spi\1.28.0\opentelemetry-sdk-extension-autoconfigure-spi-1.28.0.jar;C:\Users\Mahmoud Fouad\.m2\repository\io\opentelemetry\opentelemetry-sdk-extension-autoconfigure\1.28.0\opentelemetry-sdk-extension-autoconfigure-1.28.0.jar;C:\Users\Mahmoud Fouad\.m2\repository\io\opentelemetry\opentelemetry-api-events\1.28.0-alpha\opentelemetry-api-events-1.28.0-alpha.jar;C:\Users\Mahmoud Fouad\.m2\repository\io\opentelemetry\opentelemetry-sdk-trace\1.28.0\opentelemetry-sdk-trace-1.28.0.jar;C:\Users\Mahmoud Fouad\.m2\repository\io\opentelemetry\opentelemetry-sdk\1.28.0\opentelemetry-sdk-1.28.0.jar;C:\Users\Mahmoud Fouad\.m2\repository\io\opentelemetry\opentelemetry-semconv\1.28.0-alpha\opentelemetry-semconv-1.28.0-alpha.jar;C:\Users\Mahmoud Fouad\.m2\repository\net\bytebuddy\byte-buddy\1.14.5\byte-buddy-1.14.5.jar;C:\Users\Mahmoud Fouad\.m2\repository\org\asynchttpclient\async-http-client\2.12.3\async-http-client-2.12.3.jar;C:\Users\Mahmoud Fouad\.m2\repository\org\asynchttpclient\async-http-client-netty-utils\2.12.3\async-http-client-netty-utils-2.12.3.jar;C:\Users\Mahmoud Fouad\.m2\repository\io\netty\netty-codec-socks\4.1.60.Final\netty-codec-socks-4.1.60.Final.jar;C:\Users\Mahmoud Fouad\.m2\repository\io\netty\netty-handler-proxy\4.1.60.Final\netty-handler-proxy-4.1.60.Final.jar;C:\Users\Mahmoud Fouad\.m2\repository\io\netty\netty-transport-native-epoll\4.1.60.Final\netty-transport-native-epoll-4.1.60.Final-linux-x86_64.jar;C:\Users\Mahmoud Fouad\.m2\repository\io\netty\netty-transport-native-kqueue\4.1.60.Final\netty-transport-native-kqueue-4.1.60.Final-osx-x86_64.jar;C:\Users\Mahmoud Fouad\.m2\repository\com\typesafe\netty\netty-reactive-streams\2.0.4\netty-reactive-streams-2.0.4.jar;C:\Users\Mahmoud Fouad\.m2\repository\com\sun\activation\jakarta.activation\1.2.2\jakarta.activation-1.2.2.jar;C:\Users\Mahmoud Fouad\.m2\repository\org\seleniumhq\selenium\selenium-os\4.12.0\selenium-os-4.12.0.jar;C:\Users\Mahmoud Fouad\.m2\repository\org\apache\commons\commons-exec\1.3\commons-exec-1.3.jar;C:\Users\Mahmoud Fouad\.m2\repository\org\seleniumhq\selenium\selenium-safari-driver\4.12.0\selenium-safari-driver-4.12.0.jar;C:\Users\Mahmoud Fouad\.m2\repository\org\seleniumhq\selenium\selenium-support\4.12.0\selenium-support-4.12.0.jar;C:\Users\Mahmoud Fouad\.m2\repository\org\testng\testng\7.8.0\testng-7.8.0.jar;C:\Users\Mahmoud Fouad\.m2\repository\org\slf4j\slf4j-api\1.7.36\slf4j-api-1.7.36.jar;C:\Users\Mahmoud Fouad\.m2\repository\com\beust\jcommander\1.82\jcommander-1.82.jar;C:\Users\Mahmoud Fouad\.m2\repository\org\webjars\jquery\3.6.1\jquery-3.6.1.jar;C:\Users\Mahmoud Fouad\.m2\repository\io\github\bonigarcia\webdrivermanager\5.5.1\webdrivermanager-5.5.1.jar;C:\Users\Mahmoud Fouad\.m2\repository\com\google\code\gson\gson\2.10.1\gson-2.10.1.jar;C:\Users\Mahmoud Fouad\.m2\repository\com\github\docker-java\docker-java\3.3.3\docker-java-3.3.3.jar;C:\Users\Mahmoud Fouad\.m2\repository\com\github\docker-java\docker-java-core\3.3.3\docker-java-core-3.3.3.jar;C:\Users\Mahmoud Fouad\.m2\repository\com\github\docker-java\docker-java-api\3.3.3\docker-java-api-3.3.3.jar;C:\Users\Mahmoud Fouad\.m2\repository\com\fasterxml\jackson\core\jackson-annotations\2.10.3\jackson-annotations-2.10.3.jar;C:\Users\Mahmoud Fouad\.m2\repository\commons-io\commons-io\2.6\commons-io-2.6.jar;C:\Users\Mahmoud Fouad\.m2\repository\org\apache\commons\commons-compress\1.21\commons-compress-1.21.jar;C:\Users\Mahmoud Fouad\.m2\repository\com\fasterxml\jackson\core\jackson-databind\2.10.3\jackson-databind-2.10.3.jar;C:\Users\Mahmoud Fouad\.m2\repository\com\fasterxml\jackson\core\jackson-core\2.10.3\jackson-core-2.10.3.jar;C:\Users\Mahmoud Fouad\.m2\repository\org\bouncycastle\bcpkix-jdk18on\1.75\bcpkix-jdk18on-1.75.jar;C:\Users\Mahmoud Fouad\.m2\repository\org\bouncycastle\bcprov-jdk18on\1.75\bcprov-jdk18on-1.75.jar;C:\Users\Mahmoud Fouad\.m2\repository\org\bouncycastle\bcutil-jdk18on\1.75\bcutil-jdk18on-1.75.jar;C:\Users\Mahmoud Fouad\.m2\repository\org\slf4j\jcl-over-slf4j\1.7.30\jcl-over-slf4j-1.7.30.jar;C:\Users\Mahmoud Fouad\.m2\repository\com\github\docker-java\docker-java-transport-httpclient5\3.3.3\docker-java-transport-httpclient5-3.3.3.jar;C:\Users\Mahmoud Fouad\.m2\repository\com\github\docker-java\docker-java-transport\3.3.3\docker-java-transport-3.3.3.jar;C:\Users\Mahmoud Fouad\.m2\repository\net\java\dev\jna\jna\5.12.1\jna-5.12.1.jar;C:\Users\Mahmoud Fouad\.m2\repository\org\brotli\dec\0.1.2\dec-0.1.2.jar;C:\Users\Mahmoud Fouad\.m2\repository\org\apache\commons\commons-lang3\3.13.0\commons-lang3-3.13.0.jar;C:\Users\Mahmoud Fouad\.m2\repository\org\apache\httpcomponents\client5\httpclient5\5.2.1\httpclient5-5.2.1.jar;C:\Users\Mahmoud Fouad\.m2\repository\org\apache\httpcomponents\core5\httpcore5\5.2\httpcore5-5.2.jar;C:\Users\Mahmoud Fouad\.m2\repository\org\apache\httpcomponents\core5\httpcore5-h2\5.2\httpcore5-h2-5.2.jar;C:\Users\Mahmoud Fouad\.m2\repository\com\aventstack\extentreports\5.0.9\extentreports-5.0.9.jar;C:\Users\Mahmoud Fouad\.m2\repository\io\reactivex\rxjava3\rxjava\3.0.4\rxjava-3.0.4.jar;C:\Users\Mahmoud Fouad\.m2\repository\org\reactivestreams\reactive-streams\1.0.3\reactive-streams-1.0.3.jar;C:\Users\Mahmoud Fouad\.m2\repository\org\freemarker\freemarker\2.3.30\freemarker-2.3.30.jar;C:\Users\Mahmoud Fouad\.m2\repository\org\projectlombok\lombok\1.18.12\lombok-1.18.12.jar
Launcher Type: SUN_STANDARD

[Global flags]
     intx CICompilerCount                          = 4                                         {product} {ergonomic}
     uint ConcGCThreads                            = 2                                         {product} {ergonomic}
     uint G1ConcRefinementThreads                  = 8                                         {product} {ergonomic}
   size_t G1HeapRegionSize                         = 1048576                                   {product} {ergonomic}
   size_t InitialHeapSize                          = 134217728                                 {product} {ergonomic}
   size_t MarkStackSize                            = 4194304                                   {product} {ergonomic}
   size_t MarkStackSizeMax                         = 536870912                                 {product} {ergonomic}
   size_t MaxHeapSize                              = 2116026368                                {product} {ergonomic}
   size_t MaxNewSize                               = 1268776960                                {product} {ergonomic}
   size_t MinHeapDeltaBytes                        = 1048576                                   {product} {ergonomic}
   size_t MinHeapSize                              = 8388608                                   {product} {ergonomic}
    uintx NonNMethodCodeHeapSize                   = 5832704                                {pd product} {ergonomic}
    uintx NonProfiledCodeHeapSize                  = 122945536                              {pd product} {ergonomic}
    uintx ProfiledCodeHeapSize                     = 122880000                              {pd product} {ergonomic}
    uintx ReservedCodeCacheSize                    = 251658240                              {pd product} {ergonomic}
     bool SegmentedCodeCache                       = true                                      {product} {ergonomic}
   size_t SoftMaxHeapSize                          = 2116026368                             {manageable} {ergonomic}
     bool UseCompressedOops                        = true                           {product lp64_product} {ergonomic}
     bool UseG1GC                                  = true                                      {product} {ergonomic}
     bool UseLargePagesIndividualAllocation        = false                                  {pd product} {ergonomic}

Logging:
Log output configuration:
 #0: stdout all=warning uptime,level,tags foldmultilines=false
 #1: stderr all=off uptime,level,tags foldmultilines=false

Environment Variables:
PATH=C:\Program Files\Common Files\Oracle\Java\javapath;C:\Program Files (x86)\Common Files\Intel\Shared Libraries\redist\intel64\compiler;C:\Windows\system32;C:\Windows;C:\Windows\System32\Wbem;C:\Windows\System32\WindowsPowerShell\v1.0\;C:\Windows\System32\OpenSSH\;C:\Program Files\dotnet\;\msys64\mingw64\bin;C:\Users\Mahmoud Fouad\AppData\Local\Microsoft\WindowsApps;C:\Users\Mahmoud Fouad\AppData\Local\Programs\Microsoft VS Code\bin;C:\msys64\mingw64\bin;C:\Program Files\Java\jdk-23\bin;
USERNAME=Mahmoud Fouad
OS=Windows_NT
PROCESSOR_IDENTIFIER=Intel64 Family 6 Model 60 Stepping 3, GenuineIntel
TMP=C:\Users\MAHMOU~1\AppData\Local\Temp
TEMP=C:\Users\MAHMOU~1\AppData\Local\Temp




Periodic native trim disabled

---------------  S Y S T E M  ---------------

OS:
 Windows 10 , 64 bit Build 19041 (10.0.19041.5198)
OS uptime: 0 days 23:21 hours

CPU: total 8 (initial active 8) (4 cores per cpu, 2 threads per core) family 6 model 60 stepping 3 microcode 0x27, cx8, cmov, fxsr, ht, mmx, sse, sse2, sse3, ssse3, sse4.1, sse4.2, popcnt, lzcnt, tsc, tscinvbit, avx, avx2, aes, erms, clmul, bmi1, bmi2, fma, vzeroupper, clflush, rdtscp, f16c
Processor Information for the first 8 processors :
  Max Mhz: 2201, Current Mhz: 2201, Mhz Limit: 2201

Memory: 4k page, system-wide physical 8068M (910M free)
TotalPageFile size 10116M (AvailPageFile size 252M)
current process WorkingSet (physical memory assigned to process): 247M, peak: 247M
current process commit charge ("private bytes"): 298M, peak: 299M

vm_info: Java HotSpot(TM) 64-Bit Server VM (23.0.1+11-39) for windows-amd64 JRE (23.0.1+11-39), built on 2024-09-30T07:20:43Z with MS VC++ 17.6 (VS2022)

END.
