#
# There is insufficient memory for the Java Runtime Environment to continue.
# Native memory allocation (malloc) failed to allocate 67776 bytes. Error detail: Chunk::new
# Possible reasons:
#   The system is out of physical RAM or swap space
#   This process is running with CompressedOops enabled, and the Java Heap may be blocking the growth of the native heap
# Possible solutions:
#   Reduce memory load on the system
#   Increase physical memory or swap space
#   Check if swap backing store is full
#   Decrease Java heap size (-Xmx/-Xms)
#   Decrease number of Java threads
#   Decrease Java thread stack sizes (-Xss)
#   Set larger code cache with -XX:ReservedCodeCacheSize=
#   JVM is running with Unscaled Compressed Oops mode in which the Java heap is
#     placed in the first 4GB address space. The Java Heap base address is the
#     maximum limit for the native heap growth. Please use -XX:HeapBaseMinAddress
#     to set the Java Heap base and to place the Java Heap above 4GB virtual address.
# This output file may be truncated or incomplete.
#
#  Out of Memory Error (arena.cpp:149), pid=800, tid=11152
#
# JRE version: Java(TM) SE Runtime Environment (23.0.1+11) (build 23.0.1+11-39)
# Java VM: Java HotSpot(TM) 64-Bit Server VM (23.0.1+11-39, mixed mode, sharing, tiered, compressed oops, compressed class ptrs, g1 gc, windows-amd64)
# No core dump will be written. Minidumps are not enabled by default on client versions of Windows
#

---------------  S U M M A R Y ------------

Command Line: -ea -Didea.test.cyclic.buffer.size=1048576 -javaagent:C:\Program Files\JetBrains\IntelliJ IDEA Community Edition 2024.3.2.2\lib\idea_rt.jar=57364:C:\Program Files\JetBrains\IntelliJ IDEA Community Edition 2024.3.2.2\bin -javaagent:C:\Users\MAHMOU~1\AppData\Local\Temp\captureAgent4910jars\debugger-agent.jar -Dkotlinx.coroutines.debug.enable.creation.stack.trace=false -Ddebugger.agent.enable.coroutines=true -Dkotlinx.coroutines.debug.enable.flows.stack.trace=true -Dkotlinx.coroutines.debug.enable.mutable.state.flows.stack.trace=true -Dfile.encoding=UTF-8 -Dsun.stdout.encoding=UTF-8 -Dsun.stderr.encoding=UTF-8 com.intellij.rt.testng.RemoteTestNGStarter -usedefaultlisteners false -socket57363 @w@C:\Users\MAHMOU~1\AppData\Local\Temp\idea_working_dirs_testng.tmp -temp C:\Users\MAHMOU~1\AppData\Local\Temp\idea_testng.tmp

Host: Intel(R) Core(TM) i7-4702MQ CPU @ 2.20GHz, 8 cores, 7G,  Windows 10 , 64 bit Build 19041 (10.0.19041.5198)
Time: Tue Apr 15 20:17:30 2025 Egypt Standard Time elapsed time: 1.000075 seconds (0d 0h 0m 1s)

---------------  T H R E A D  ---------------

Current thread (0x000001a8cf7921b0):  JavaThread "C2 CompilerThread1" daemon [_thread_in_native, id=11152, stack(0x00000021a0200000,0x00000021a0300000) (1024K)]


Current CompileTask:
C2:1000 1202       4       jdk.internal.org.objectweb.asm.SymbolTable::put (150 bytes)

Stack: [0x00000021a0200000,0x00000021a0300000]
Native frames: (J=compiled Java code, j=interpreted, Vv=VM code, C=native code)
V  [jvm.dll+0x6e08b9]  (no source info available)
V  [jvm.dll+0x87dc83]  (no source info available)
V  [jvm.dll+0x88010e]  (no source info available)
V  [jvm.dll+0x8807e3]  (no source info available)
V  [jvm.dll+0x27aee6]  (no source info available)
V  [jvm.dll+0xbc06f]  (no source info available)
V  [jvm.dll+0xbc2cb]  (no source info available)
V  [jvm.dll+0x3b3a9c]  (no source info available)
V  [jvm.dll+0x38a42b]  (no source info available)
V  [jvm.dll+0x38989a]  (no source info available)
V  [jvm.dll+0x244aa1]  (no source info available)
V  [jvm.dll+0x243dff]  (no source info available)
V  [jvm.dll+0x1c33a0]  (no source info available)
V  [jvm.dll+0x253cf1]  (no source info available)
V  [jvm.dll+0x251faa]  (no source info available)
V  [jvm.dll+0x3ee036]  (no source info available)
V  [jvm.dll+0x824f8b]  (no source info available)
V  [jvm.dll+0x6df065]  (no source info available)
C  [ucrtbase.dll+0x21bb2]  (no source info available)
C  [KERNEL32.DLL+0x17374]  (no source info available)
C  [ntdll.dll+0x4cc91]  (no source info available)

Lock stack of current Java thread (top to bottom):


---------------  P R O C E S S  ---------------

Threads class SMR info:
_java_thread_list=0x000001a8cf856a70, length=13, elements={
0x000001a8b2796170, 0x000001a8cf577520, 0x000001a8cf5785f0, 0x000001a8cf57f4f0,
0x000001a8cf580100, 0x000001a8cf5814b0, 0x000001a8cf582860, 0x000001a8cf587440,
0x000001a8cf58aff0, 0x000001a8cf54d2e0, 0x000001a8cf7921b0, 0x000001a8cf7f75f0,
0x000001a8cf882810
}

Java Threads: ( => current thread )
  0x000001a8b2796170 JavaThread "main"                              [_thread_in_native, id=10420, stack(0x000000219f100000,0x000000219f200000) (1024K)]
  0x000001a8cf577520 JavaThread "Reference Handler"          daemon [_thread_blocked, id=1124, stack(0x000000219f900000,0x000000219fa00000) (1024K)]
  0x000001a8cf5785f0 JavaThread "Finalizer"                  daemon [_thread_blocked, id=8500, stack(0x000000219fa00000,0x000000219fb00000) (1024K)]
  0x000001a8cf57f4f0 JavaThread "Signal Dispatcher"          daemon [_thread_blocked, id=13296, stack(0x000000219fb00000,0x000000219fc00000) (1024K)]
  0x000001a8cf580100 JavaThread "Attach Listener"            daemon [_thread_blocked, id=7632, stack(0x000000219fc00000,0x000000219fd00000) (1024K)]
  0x000001a8cf5814b0 JavaThread "Service Thread"             daemon [_thread_blocked, id=11200, stack(0x000000219fd00000,0x000000219fe00000) (1024K)]
  0x000001a8cf582860 JavaThread "Monitor Deflation Thread"   daemon [_thread_blocked, id=12752, stack(0x000000219fe00000,0x000000219ff00000) (1024K)]
  0x000001a8cf587440 JavaThread "C2 CompilerThread0"         daemon [_thread_in_native, id=12776, stack(0x000000219ff00000,0x00000021a0000000) (1024K)]
  0x000001a8cf58aff0 JavaThread "C1 CompilerThread0"         daemon [_thread_blocked, id=7316, stack(0x00000021a0000000,0x00000021a0100000) (1024K)]
  0x000001a8cf54d2e0 JavaThread "Common-Cleaner"             daemon [_thread_blocked, id=6364, stack(0x00000021a0100000,0x00000021a0200000) (1024K)]
=>0x000001a8cf7921b0 JavaThread "C2 CompilerThread1"         daemon [_thread_in_native, id=11152, stack(0x00000021a0200000,0x00000021a0300000) (1024K)]
  0x000001a8cf7f75f0 JavaThread "Monitor Ctrl-Break"         daemon [_thread_in_native, id=11244, stack(0x00000021a0300000,0x00000021a0400000) (1024K)]
  0x000001a8cf882810 JavaThread "Notification Thread"        daemon [_thread_blocked, id=7300, stack(0x00000021a0400000,0x00000021a0500000) (1024K)]
Total: 13

Other Threads:
  0x000001a8cf55c9f0 VMThread "VM Thread"                           [id=7344, stack(0x000000219f800000,0x000000219f900000) (1024K)]
  0x000001a8cf54c0b0 WatcherThread "VM Periodic Task Thread"        [id=5480, stack(0x000000219f700000,0x000000219f800000) (1024K)]
  0x000001a8b27edd00 WorkerThread "GC Thread#0"                     [id=12192, stack(0x000000219f200000,0x000000219f300000) (1024K)]
  0x000001a8b2802960 ConcurrentGCThread "G1 Main Marker"            [id=1956, stack(0x000000219f300000,0x000000219f400000) (1024K)]
  0x000001a8b2803b20 WorkerThread "G1 Conc#0"                       [id=796, stack(0x000000219f400000,0x000000219f500000) (1024K)]
  0x000001a8b284e900 ConcurrentGCThread "G1 Refine#0"               [id=9720, stack(0x000000219f500000,0x000000219f600000) (1024K)]
  0x000001a8cf413580 ConcurrentGCThread "G1 Service"                [id=13136, stack(0x000000219f600000,0x000000219f700000) (1024K)]
Total: 7

Threads with active compile tasks:
C2 CompilerThread0  1180 1231   !   4       jdk.internal.loader.URLClassPath$JarLoader::getResource (40 bytes)
C2 CompilerThread1  1180 1202       4       jdk.internal.org.objectweb.asm.SymbolTable::put (150 bytes)
Total: 2

VM state: not at safepoint (normal execution)

VM Mutex/Monitor currently owned by a thread: None

Heap address: 0x0000000081e00000, size: 2018 MB, Compressed Oops mode: 32-bit

CDS archive(s) mapped at: [0x000001a8d0000000-0x000001a8d0d70000-0x000001a8d0d70000), size 14090240, SharedBaseAddress: 0x000001a8d0000000, ArchiveRelocationMode: 1.
Compressed class space mapped at: 0x000001a8d1000000-0x000001a911000000, reserved size: 1073741824
Narrow klass base: 0x000001a8d0000000, Narrow klass shift: 0, Narrow klass range: 0x41000000

GC Precious Log:
 CardTable entry size: 512
 Card Set container configuration: InlinePtr #cards 5 size 8 Array Of Cards #cards 10 size 36 Howl #buckets 4 coarsen threshold 1843 Howl Bitmap #cards 512 size 80 coarsen threshold 460 Card regions per heap region 1 cards per card region 2048
 CPUs: 8 total, 8 available
 Memory: 8068M
 Large Page Support: Disabled
 NUMA Support: Disabled
 Compressed Oops: Enabled (32-bit)
 Heap Region Size: 1M
 Heap Min Capacity: 8M
 Heap Initial Capacity: 128M
 Heap Max Capacity: 2018M
 Pre-touch: Disabled
 Parallel Workers: 8
 Concurrent Workers: 2
 Concurrent Refinement Workers: 8
 Periodic GC: Disabled

Heap:
 garbage-first heap   total reserved 2066432K, committed 131072K, used 24576K [0x0000000081e00000, 0x0000000100000000)
  region size 1024K, 24 young (24576K), 0 survivors (0K)
 Metaspace       used 8380K, committed 8640K, reserved 1114112K
  class space    used 920K, committed 1024K, reserved 1048576K

Heap Regions: E=young(eden), S=young(survivor), O=old, HS=humongous(starts), HC=humongous(continues), CS=collection set, F=free, TAMS=top-at-mark-start, PB=parsable bottom
|   0|0x0000000081e00000, 0x0000000081f00000, 0x0000000081f00000|100%|HS|  |TAMS 0x0000000081e00000| PB 0x0000000081e00000| Complete |  0
|   1|0x0000000081f00000, 0x0000000082000000, 0x0000000082000000|100%|HS|  |TAMS 0x0000000081f00000| PB 0x0000000081f00000| Complete |  0
|   2|0x0000000082000000, 0x0000000082000000, 0x0000000082100000|  0%| F|  |TAMS 0x0000000082000000| PB 0x0000000082000000| Untracked |  0
|   3|0x0000000082100000, 0x0000000082100000, 0x0000000082200000|  0%| F|  |TAMS 0x0000000082100000| PB 0x0000000082100000| Untracked |  0
|   4|0x0000000082200000, 0x0000000082200000, 0x0000000082300000|  0%| F|  |TAMS 0x0000000082200000| PB 0x0000000082200000| Untracked |  0
|   5|0x0000000082300000, 0x0000000082300000, 0x0000000082400000|  0%| F|  |TAMS 0x0000000082300000| PB 0x0000000082300000| Untracked |  0
|   6|0x0000000082400000, 0x0000000082400000, 0x0000000082500000|  0%| F|  |TAMS 0x0000000082400000| PB 0x0000000082400000| Untracked |  0
|   7|0x0000000082500000, 0x0000000082500000, 0x0000000082600000|  0%| F|  |TAMS 0x0000000082500000| PB 0x0000000082500000| Untracked |  0
|   8|0x0000000082600000, 0x0000000082600000, 0x0000000082700000|  0%| F|  |TAMS 0x0000000082600000| PB 0x0000000082600000| Untracked |  0
|   9|0x0000000082700000, 0x0000000082700000, 0x0000000082800000|  0%| F|  |TAMS 0x0000000082700000| PB 0x0000000082700000| Untracked |  0
|  10|0x0000000082800000, 0x0000000082800000, 0x0000000082900000|  0%| F|  |TAMS 0x0000000082800000| PB 0x0000000082800000| Untracked |  0
|  11|0x0000000082900000, 0x0000000082900000, 0x0000000082a00000|  0%| F|  |TAMS 0x0000000082900000| PB 0x0000000082900000| Untracked |  0
|  12|0x0000000082a00000, 0x0000000082a00000, 0x0000000082b00000|  0%| F|  |TAMS 0x0000000082a00000| PB 0x0000000082a00000| Untracked |  0
|  13|0x0000000082b00000, 0x0000000082b00000, 0x0000000082c00000|  0%| F|  |TAMS 0x0000000082b00000| PB 0x0000000082b00000| Untracked |  0
|  14|0x0000000082c00000, 0x0000000082c00000, 0x0000000082d00000|  0%| F|  |TAMS 0x0000000082c00000| PB 0x0000000082c00000| Untracked |  0
|  15|0x0000000082d00000, 0x0000000082d00000, 0x0000000082e00000|  0%| F|  |TAMS 0x0000000082d00000| PB 0x0000000082d00000| Untracked |  0
|  16|0x0000000082e00000, 0x0000000082e00000, 0x0000000082f00000|  0%| F|  |TAMS 0x0000000082e00000| PB 0x0000000082e00000| Untracked |  0
|  17|0x0000000082f00000, 0x0000000082f00000, 0x0000000083000000|  0%| F|  |TAMS 0x0000000082f00000| PB 0x0000000082f00000| Untracked |  0
|  18|0x0000000083000000, 0x0000000083000000, 0x0000000083100000|  0%| F|  |TAMS 0x0000000083000000| PB 0x0000000083000000| Untracked |  0
|  19|0x0000000083100000, 0x0000000083100000, 0x0000000083200000|  0%| F|  |TAMS 0x0000000083100000| PB 0x0000000083100000| Untracked |  0
|  20|0x0000000083200000, 0x0000000083200000, 0x0000000083300000|  0%| F|  |TAMS 0x0000000083200000| PB 0x0000000083200000| Untracked |  0
|  21|0x0000000083300000, 0x0000000083300000, 0x0000000083400000|  0%| F|  |TAMS 0x0000000083300000| PB 0x0000000083300000| Untracked |  0
|  22|0x0000000083400000, 0x0000000083400000, 0x0000000083500000|  0%| F|  |TAMS 0x0000000083400000| PB 0x0000000083400000| Untracked |  0
|  23|0x0000000083500000, 0x0000000083500000, 0x0000000083600000|  0%| F|  |TAMS 0x0000000083500000| PB 0x0000000083500000| Untracked |  0
|  24|0x0000000083600000, 0x0000000083600000, 0x0000000083700000|  0%| F|  |TAMS 0x0000000083600000| PB 0x0000000083600000| Untracked |  0
|  25|0x0000000083700000, 0x0000000083700000, 0x0000000083800000|  0%| F|  |TAMS 0x0000000083700000| PB 0x0000000083700000| Untracked |  0
|  26|0x0000000083800000, 0x0000000083800000, 0x0000000083900000|  0%| F|  |TAMS 0x0000000083800000| PB 0x0000000083800000| Untracked |  0
|  27|0x0000000083900000, 0x0000000083900000, 0x0000000083a00000|  0%| F|  |TAMS 0x0000000083900000| PB 0x0000000083900000| Untracked |  0
|  28|0x0000000083a00000, 0x0000000083a00000, 0x0000000083b00000|  0%| F|  |TAMS 0x0000000083a00000| PB 0x0000000083a00000| Untracked |  0
|  29|0x0000000083b00000, 0x0000000083b00000, 0x0000000083c00000|  0%| F|  |TAMS 0x0000000083b00000| PB 0x0000000083b00000| Untracked |  0
|  30|0x0000000083c00000, 0x0000000083c00000, 0x0000000083d00000|  0%| F|  |TAMS 0x0000000083c00000| PB 0x0000000083c00000| Untracked |  0
|  31|0x0000000083d00000, 0x0000000083d00000, 0x0000000083e00000|  0%| F|  |TAMS 0x0000000083d00000| PB 0x0000000083d00000| Untracked |  0
|  32|0x0000000083e00000, 0x0000000083e00000, 0x0000000083f00000|  0%| F|  |TAMS 0x0000000083e00000| PB 0x0000000083e00000| Untracked |  0
|  33|0x0000000083f00000, 0x0000000083f00000, 0x0000000084000000|  0%| F|  |TAMS 0x0000000083f00000| PB 0x0000000083f00000| Untracked |  0
|  34|0x0000000084000000, 0x0000000084000000, 0x0000000084100000|  0%| F|  |TAMS 0x0000000084000000| PB 0x0000000084000000| Untracked |  0
|  35|0x0000000084100000, 0x0000000084100000, 0x0000000084200000|  0%| F|  |TAMS 0x0000000084100000| PB 0x0000000084100000| Untracked |  0
|  36|0x0000000084200000, 0x0000000084200000, 0x0000000084300000|  0%| F|  |TAMS 0x0000000084200000| PB 0x0000000084200000| Untracked |  0
|  37|0x0000000084300000, 0x0000000084300000, 0x0000000084400000|  0%| F|  |TAMS 0x0000000084300000| PB 0x0000000084300000| Untracked |  0
|  38|0x0000000084400000, 0x0000000084400000, 0x0000000084500000|  0%| F|  |TAMS 0x0000000084400000| PB 0x0000000084400000| Untracked |  0
|  39|0x0000000084500000, 0x0000000084500000, 0x0000000084600000|  0%| F|  |TAMS 0x0000000084500000| PB 0x0000000084500000| Untracked |  0
|  40|0x0000000084600000, 0x0000000084600000, 0x0000000084700000|  0%| F|  |TAMS 0x0000000084600000| PB 0x0000000084600000| Untracked |  0
|  41|0x0000000084700000, 0x0000000084700000, 0x0000000084800000|  0%| F|  |TAMS 0x0000000084700000| PB 0x0000000084700000| Untracked |  0
|  42|0x0000000084800000, 0x0000000084800000, 0x0000000084900000|  0%| F|  |TAMS 0x0000000084800000| PB 0x0000000084800000| Untracked |  0
|  43|0x0000000084900000, 0x0000000084900000, 0x0000000084a00000|  0%| F|  |TAMS 0x0000000084900000| PB 0x0000000084900000| Untracked |  0
|  44|0x0000000084a00000, 0x0000000084a00000, 0x0000000084b00000|  0%| F|  |TAMS 0x0000000084a00000| PB 0x0000000084a00000| Untracked |  0
|  45|0x0000000084b00000, 0x0000000084b00000, 0x0000000084c00000|  0%| F|  |TAMS 0x0000000084b00000| PB 0x0000000084b00000| Untracked |  0
|  46|0x0000000084c00000, 0x0000000084c00000, 0x0000000084d00000|  0%| F|  |TAMS 0x0000000084c00000| PB 0x0000000084c00000| Untracked |  0
|  47|0x0000000084d00000, 0x0000000084d00000, 0x0000000084e00000|  0%| F|  |TAMS 0x0000000084d00000| PB 0x0000000084d00000| Untracked |  0
|  48|0x0000000084e00000, 0x0000000084e00000, 0x0000000084f00000|  0%| F|  |TAMS 0x0000000084e00000| PB 0x0000000084e00000| Untracked |  0
|  49|0x0000000084f00000, 0x0000000084f00000, 0x0000000085000000|  0%| F|  |TAMS 0x0000000084f00000| PB 0x0000000084f00000| Untracked |  0
|  50|0x0000000085000000, 0x0000000085000000, 0x0000000085100000|  0%| F|  |TAMS 0x0000000085000000| PB 0x0000000085000000| Untracked |  0
|  51|0x0000000085100000, 0x0000000085100000, 0x0000000085200000|  0%| F|  |TAMS 0x0000000085100000| PB 0x0000000085100000| Untracked |  0
|  52|0x0000000085200000, 0x0000000085200000, 0x0000000085300000|  0%| F|  |TAMS 0x0000000085200000| PB 0x0000000085200000| Untracked |  0
|  53|0x0000000085300000, 0x0000000085300000, 0x0000000085400000|  0%| F|  |TAMS 0x0000000085300000| PB 0x0000000085300000| Untracked |  0
|  54|0x0000000085400000, 0x0000000085400000, 0x0000000085500000|  0%| F|  |TAMS 0x0000000085400000| PB 0x0000000085400000| Untracked |  0
|  55|0x0000000085500000, 0x0000000085500000, 0x0000000085600000|  0%| F|  |TAMS 0x0000000085500000| PB 0x0000000085500000| Untracked |  0
|  56|0x0000000085600000, 0x0000000085600000, 0x0000000085700000|  0%| F|  |TAMS 0x0000000085600000| PB 0x0000000085600000| Untracked |  0
|  57|0x0000000085700000, 0x0000000085700000, 0x0000000085800000|  0%| F|  |TAMS 0x0000000085700000| PB 0x0000000085700000| Untracked |  0
|  58|0x0000000085800000, 0x0000000085800000, 0x0000000085900000|  0%| F|  |TAMS 0x0000000085800000| PB 0x0000000085800000| Untracked |  0
|  59|0x0000000085900000, 0x0000000085900000, 0x0000000085a00000|  0%| F|  |TAMS 0x0000000085900000| PB 0x0000000085900000| Untracked |  0
|  60|0x0000000085a00000, 0x0000000085a00000, 0x0000000085b00000|  0%| F|  |TAMS 0x0000000085a00000| PB 0x0000000085a00000| Untracked |  0
|  61|0x0000000085b00000, 0x0000000085b00000, 0x0000000085c00000|  0%| F|  |TAMS 0x0000000085b00000| PB 0x0000000085b00000| Untracked |  0
|  62|0x0000000085c00000, 0x0000000085c00000, 0x0000000085d00000|  0%| F|  |TAMS 0x0000000085c00000| PB 0x0000000085c00000| Untracked |  0
|  63|0x0000000085d00000, 0x0000000085d00000, 0x0000000085e00000|  0%| F|  |TAMS 0x0000000085d00000| PB 0x0000000085d00000| Untracked |  0
|  64|0x0000000085e00000, 0x0000000085e00000, 0x0000000085f00000|  0%| F|  |TAMS 0x0000000085e00000| PB 0x0000000085e00000| Untracked |  0
|  65|0x0000000085f00000, 0x0000000085f00000, 0x0000000086000000|  0%| F|  |TAMS 0x0000000085f00000| PB 0x0000000085f00000| Untracked |  0
|  66|0x0000000086000000, 0x0000000086000000, 0x0000000086100000|  0%| F|  |TAMS 0x0000000086000000| PB 0x0000000086000000| Untracked |  0
|  67|0x0000000086100000, 0x0000000086100000, 0x0000000086200000|  0%| F|  |TAMS 0x0000000086100000| PB 0x0000000086100000| Untracked |  0
|  68|0x0000000086200000, 0x0000000086200000, 0x0000000086300000|  0%| F|  |TAMS 0x0000000086200000| PB 0x0000000086200000| Untracked |  0
|  69|0x0000000086300000, 0x0000000086300000, 0x0000000086400000|  0%| F|  |TAMS 0x0000000086300000| PB 0x0000000086300000| Untracked |  0
|  70|0x0000000086400000, 0x0000000086400000, 0x0000000086500000|  0%| F|  |TAMS 0x0000000086400000| PB 0x0000000086400000| Untracked |  0
|  71|0x0000000086500000, 0x0000000086500000, 0x0000000086600000|  0%| F|  |TAMS 0x0000000086500000| PB 0x0000000086500000| Untracked |  0
|  72|0x0000000086600000, 0x0000000086600000, 0x0000000086700000|  0%| F|  |TAMS 0x0000000086600000| PB 0x0000000086600000| Untracked |  0
|  73|0x0000000086700000, 0x0000000086700000, 0x0000000086800000|  0%| F|  |TAMS 0x0000000086700000| PB 0x0000000086700000| Untracked |  0
|  74|0x0000000086800000, 0x0000000086800000, 0x0000000086900000|  0%| F|  |TAMS 0x0000000086800000| PB 0x0000000086800000| Untracked |  0
|  75|0x0000000086900000, 0x0000000086900000, 0x0000000086a00000|  0%| F|  |TAMS 0x0000000086900000| PB 0x0000000086900000| Untracked |  0
|  76|0x0000000086a00000, 0x0000000086a00000, 0x0000000086b00000|  0%| F|  |TAMS 0x0000000086a00000| PB 0x0000000086a00000| Untracked |  0
|  77|0x0000000086b00000, 0x0000000086b00000, 0x0000000086c00000|  0%| F|  |TAMS 0x0000000086b00000| PB 0x0000000086b00000| Untracked |  0
|  78|0x0000000086c00000, 0x0000000086c00000, 0x0000000086d00000|  0%| F|  |TAMS 0x0000000086c00000| PB 0x0000000086c00000| Untracked |  0
|  79|0x0000000086d00000, 0x0000000086d00000, 0x0000000086e00000|  0%| F|  |TAMS 0x0000000086d00000| PB 0x0000000086d00000| Untracked |  0
|  80|0x0000000086e00000, 0x0000000086e00000, 0x0000000086f00000|  0%| F|  |TAMS 0x0000000086e00000| PB 0x0000000086e00000| Untracked |  0
|  81|0x0000000086f00000, 0x0000000086f00000, 0x0000000087000000|  0%| F|  |TAMS 0x0000000086f00000| PB 0x0000000086f00000| Untracked |  0
|  82|0x0000000087000000, 0x0000000087000000, 0x0000000087100000|  0%| F|  |TAMS 0x0000000087000000| PB 0x0000000087000000| Untracked |  0
|  83|0x0000000087100000, 0x0000000087100000, 0x0000000087200000|  0%| F|  |TAMS 0x0000000087100000| PB 0x0000000087100000| Untracked |  0
|  84|0x0000000087200000, 0x0000000087200000, 0x0000000087300000|  0%| F|  |TAMS 0x0000000087200000| PB 0x0000000087200000| Untracked |  0
|  85|0x0000000087300000, 0x0000000087300000, 0x0000000087400000|  0%| F|  |TAMS 0x0000000087300000| PB 0x0000000087300000| Untracked |  0
|  86|0x0000000087400000, 0x0000000087400000, 0x0000000087500000|  0%| F|  |TAMS 0x0000000087400000| PB 0x0000000087400000| Untracked |  0
|  87|0x0000000087500000, 0x0000000087500000, 0x0000000087600000|  0%| F|  |TAMS 0x0000000087500000| PB 0x0000000087500000| Untracked |  0
|  88|0x0000000087600000, 0x0000000087600000, 0x0000000087700000|  0%| F|  |TAMS 0x0000000087600000| PB 0x0000000087600000| Untracked |  0
|  89|0x0000000087700000, 0x0000000087700000, 0x0000000087800000|  0%| F|  |TAMS 0x0000000087700000| PB 0x0000000087700000| Untracked |  0
|  90|0x0000000087800000, 0x0000000087800000, 0x0000000087900000|  0%| F|  |TAMS 0x0000000087800000| PB 0x0000000087800000| Untracked |  0
|  91|0x0000000087900000, 0x0000000087900000, 0x0000000087a00000|  0%| F|  |TAMS 0x0000000087900000| PB 0x0000000087900000| Untracked |  0
|  92|0x0000000087a00000, 0x0000000087a00000, 0x0000000087b00000|  0%| F|  |TAMS 0x0000000087a00000| PB 0x0000000087a00000| Untracked |  0
|  93|0x0000000087b00000, 0x0000000087b00000, 0x0000000087c00000|  0%| F|  |TAMS 0x0000000087b00000| PB 0x0000000087b00000| Untracked |  0
|  94|0x0000000087c00000, 0x0000000087c00000, 0x0000000087d00000|  0%| F|  |TAMS 0x0000000087c00000| PB 0x0000000087c00000| Untracked |  0
|  95|0x0000000087d00000, 0x0000000087d00000, 0x0000000087e00000|  0%| F|  |TAMS 0x0000000087d00000| PB 0x0000000087d00000| Untracked |  0
|  96|0x0000000087e00000, 0x0000000087e00000, 0x0000000087f00000|  0%| F|  |TAMS 0x0000000087e00000| PB 0x0000000087e00000| Untracked |  0
|  97|0x0000000087f00000, 0x0000000087f00000, 0x0000000088000000|  0%| F|  |TAMS 0x0000000087f00000| PB 0x0000000087f00000| Untracked |  0
|  98|0x0000000088000000, 0x0000000088000000, 0x0000000088100000|  0%| F|  |TAMS 0x0000000088000000| PB 0x0000000088000000| Untracked |  0
|  99|0x0000000088100000, 0x0000000088100000, 0x0000000088200000|  0%| F|  |TAMS 0x0000000088100000| PB 0x0000000088100000| Untracked |  0
| 100|0x0000000088200000, 0x0000000088200000, 0x0000000088300000|  0%| F|  |TAMS 0x0000000088200000| PB 0x0000000088200000| Untracked |  0
| 101|0x0000000088300000, 0x0000000088300000, 0x0000000088400000|  0%| F|  |TAMS 0x0000000088300000| PB 0x0000000088300000| Untracked |  0
| 102|0x0000000088400000, 0x0000000088400000, 0x0000000088500000|  0%| F|  |TAMS 0x0000000088400000| PB 0x0000000088400000| Untracked |  0
| 103|0x0000000088500000, 0x0000000088500000, 0x0000000088600000|  0%| F|  |TAMS 0x0000000088500000| PB 0x0000000088500000| Untracked |  0
| 104|0x0000000088600000, 0x00000000886f6048, 0x0000000088700000| 96%| E|  |TAMS 0x0000000088600000| PB 0x0000000088600000| Complete |  0
| 105|0x0000000088700000, 0x0000000088800000, 0x0000000088800000|100%| E|CS|TAMS 0x0000000088700000| PB 0x0000000088700000| Complete |  0
| 106|0x0000000088800000, 0x0000000088900000, 0x0000000088900000|100%| E|CS|TAMS 0x0000000088800000| PB 0x0000000088800000| Complete |  0
| 107|0x0000000088900000, 0x0000000088a00000, 0x0000000088a00000|100%| E|CS|TAMS 0x0000000088900000| PB 0x0000000088900000| Complete |  0
| 108|0x0000000088a00000, 0x0000000088b00000, 0x0000000088b00000|100%| E|CS|TAMS 0x0000000088a00000| PB 0x0000000088a00000| Complete |  0
| 109|0x0000000088b00000, 0x0000000088c00000, 0x0000000088c00000|100%| E|CS|TAMS 0x0000000088b00000| PB 0x0000000088b00000| Complete |  0
| 110|0x0000000088c00000, 0x0000000088d00000, 0x0000000088d00000|100%| E|CS|TAMS 0x0000000088c00000| PB 0x0000000088c00000| Complete |  0
| 111|0x0000000088d00000, 0x0000000088e00000, 0x0000000088e00000|100%| E|CS|TAMS 0x0000000088d00000| PB 0x0000000088d00000| Complete |  0
| 112|0x0000000088e00000, 0x0000000088f00000, 0x0000000088f00000|100%| E|CS|TAMS 0x0000000088e00000| PB 0x0000000088e00000| Complete |  0
| 113|0x0000000088f00000, 0x0000000089000000, 0x0000000089000000|100%| E|CS|TAMS 0x0000000088f00000| PB 0x0000000088f00000| Complete |  0
| 114|0x0000000089000000, 0x0000000089100000, 0x0000000089100000|100%| E|CS|TAMS 0x0000000089000000| PB 0x0000000089000000| Complete |  0
| 115|0x0000000089100000, 0x0000000089200000, 0x0000000089200000|100%| E|CS|TAMS 0x0000000089100000| PB 0x0000000089100000| Complete |  0
| 116|0x0000000089200000, 0x0000000089300000, 0x0000000089300000|100%| E|CS|TAMS 0x0000000089200000| PB 0x0000000089200000| Complete |  0
| 117|0x0000000089300000, 0x0000000089400000, 0x0000000089400000|100%| E|CS|TAMS 0x0000000089300000| PB 0x0000000089300000| Complete |  0
| 118|0x0000000089400000, 0x0000000089500000, 0x0000000089500000|100%| E|CS|TAMS 0x0000000089400000| PB 0x0000000089400000| Complete |  0
| 119|0x0000000089500000, 0x0000000089600000, 0x0000000089600000|100%| E|CS|TAMS 0x0000000089500000| PB 0x0000000089500000| Complete |  0
| 120|0x0000000089600000, 0x0000000089700000, 0x0000000089700000|100%| E|CS|TAMS 0x0000000089600000| PB 0x0000000089600000| Complete |  0
| 121|0x0000000089700000, 0x0000000089800000, 0x0000000089800000|100%| E|CS|TAMS 0x0000000089700000| PB 0x0000000089700000| Complete |  0
| 122|0x0000000089800000, 0x0000000089900000, 0x0000000089900000|100%| E|  |TAMS 0x0000000089800000| PB 0x0000000089800000| Complete |  0
| 123|0x0000000089900000, 0x0000000089a00000, 0x0000000089a00000|100%| E|CS|TAMS 0x0000000089900000| PB 0x0000000089900000| Complete |  0
| 124|0x0000000089a00000, 0x0000000089b00000, 0x0000000089b00000|100%| E|CS|TAMS 0x0000000089a00000| PB 0x0000000089a00000| Complete |  0
| 125|0x0000000089b00000, 0x0000000089c00000, 0x0000000089c00000|100%| E|CS|TAMS 0x0000000089b00000| PB 0x0000000089b00000| Complete |  0
| 126|0x0000000089c00000, 0x0000000089d00000, 0x0000000089d00000|100%| E|CS|TAMS 0x0000000089c00000| PB 0x0000000089c00000| Complete |  0
| 127|0x0000000089d00000, 0x0000000089e00000, 0x0000000089e00000|100%| E|CS|TAMS 0x0000000089d00000| PB 0x0000000089d00000| Complete |  0

Card table byte_map: [0x000001a8ca710000,0x000001a8cab10000] _byte_map_base: 0x000001a8ca301000

Marking Bits: (CMBitMap*) 0x000001a8b27ee320
 Bits: [0x000001a8cab10000, 0x000001a8cca98000)

Polling page: 0x000001a8b1f50000

Metaspace:

Usage:
  Non-class:      7.29 MB used.
      Class:    920.62 KB used.
       Both:      8.18 MB used.

Virtual space:
  Non-class space:       64.00 MB reserved,       7.44 MB ( 12%) committed,  1 nodes.
      Class space:        1.00 GB reserved,       1.00 MB ( <1%) committed,  1 nodes.
             Both:        1.06 GB reserved,       8.44 MB ( <1%) committed. 

Chunk freelists:
   Non-Class:  8.41 MB
       Class:  14.97 MB
        Both:  23.38 MB

MaxMetaspaceSize: unlimited
CompressedClassSpaceSize: 1.00 GB
Initial GC threshold: 21.00 MB
Current GC threshold: 21.00 MB
CDS: on
 - commit_granule_bytes: 65536.
 - commit_granule_words: 8192.
 - virtual_space_node_default_size: 8388608.
 - enlarge_chunks_in_place: 1.
 - use_allocation_guard: 0.


Internal statistics:

num_allocs_failed_limit: 0.
num_arena_births: 188.
num_arena_deaths: 0.
num_vsnodes_births: 2.
num_vsnodes_deaths: 0.
num_space_committed: 135.
num_space_uncommitted: 0.
num_chunks_returned_to_freelist: 0.
num_chunks_taken_from_freelist: 313.
num_chunk_merges: 0.
num_chunk_splits: 177.
num_chunks_enlarged: 82.
num_inconsistent_stats: 0.

CodeHeap 'non-profiled nmethods': size=120064Kb used=448Kb max_used=448Kb free=119615Kb
 bounds [0x000001a8c2980000, 0x000001a8c2bf0000, 0x000001a8c9ec0000]
CodeHeap 'profiled nmethods': size=120000Kb used=1637Kb max_used=1637Kb free=118362Kb
 bounds [0x000001a8baec0000, 0x000001a8bb130000, 0x000001a8c23f0000]
CodeHeap 'non-nmethods': size=5696Kb used=1382Kb max_used=1394Kb free=4313Kb
 bounds [0x000001a8c23f0000, 0x000001a8c2660000, 0x000001a8c2980000]
CodeCache: size=245760Kb, used=3467Kb, max_used=3479Kb, free=242290Kb
 total_blobs=1831, nmethods=1342, adapters=395, full_count=0
Compilation: enabled, stopped_count=0, restarted_count=0

Compilation events (20 events):
Event: 0.994 Thread 0x000001a8cf58aff0 1195       3       jdk.internal.org.objectweb.asm.MethodWriter::visitAbstractType (8 bytes)
Event: 0.995 Thread 0x000001a8cf58aff0 nmethod 1195 0x000001a8bb029488 code [0x000001a8bb0295a0, 0x000001a8bb0296d8]
Event: 0.995 Thread 0x000001a8cf58aff0 1196       3       java.lang.invoke.InvokerBytecodeGenerator::getInternalName (103 bytes)
Event: 0.996 Thread 0x000001a8cf58aff0 nmethod 1196 0x000001a8bb029788 code [0x000001a8bb029920, 0x000001a8bb029e20]
Event: 0.996 Thread 0x000001a8cf58aff0 1197       3       jdk.internal.org.objectweb.asm.MethodWriter::visitMethodInsn (191 bytes)
Event: 0.996 Thread 0x000001a8cf7921b0 1202       4       jdk.internal.org.objectweb.asm.SymbolTable::put (150 bytes)
Event: 0.996 Thread 0x000001a8cf58aff0 nmethod 1197 0x000001a8bb029e88 code [0x000001a8bb02a040, 0x000001a8bb02a768]
Event: 0.996 Thread 0x000001a8cf58aff0 1198       3       jdk.internal.org.objectweb.asm.SymbolTable::addConstantMethodref (24 bytes)
Event: 0.996 Thread 0x000001a8cf58aff0 nmethod 1198 0x000001a8bb02a808 code [0x000001a8bb02a920, 0x000001a8bb02aac0]
Event: 0.996 Thread 0x000001a8cf58aff0 1199       3       jdk.internal.org.objectweb.asm.Frame::push (59 bytes)
Event: 0.997 Thread 0x000001a8cf587440 1205       4       jdk.internal.org.objectweb.asm.Symbol::<init> (38 bytes)
Event: 0.997 Thread 0x000001a8cf58aff0 nmethod 1199 0x000001a8bb02ab08 code [0x000001a8bb02acc0, 0x000001a8bb02b438]
Event: 0.997 Thread 0x000001a8cf58aff0 1207       3       jdk.internal.org.objectweb.asm.Frame::setLocal (65 bytes)
Event: 0.997 Thread 0x000001a8cf58aff0 nmethod 1207 0x000001a8bb02b508 code [0x000001a8bb02b660, 0x000001a8bb02bb50]
Event: 0.997 Thread 0x000001a8cf58aff0 1208       3       jdk.internal.org.objectweb.asm.Frame::pop (53 bytes)
Event: 0.998 Thread 0x000001a8cf58aff0 nmethod 1208 0x000001a8bb02bb88 code [0x000001a8bb02bd40, 0x000001a8bb02c488]
Event: 0.998 Thread 0x000001a8cf58aff0 1206       3       java.lang.invoke.MethodHandleNatives::refKindIsGetter (32 bytes)
Event: 0.998 Thread 0x000001a8cf58aff0 nmethod 1206 0x000001a8bb02c508 code [0x000001a8bb02c620, 0x000001a8bb02c768]
Event: 0.998 Thread 0x000001a8cf58aff0 1210       3       jdk.internal.org.objectweb.asm.MethodWriter::visitInsn (115 bytes)
Event: 0.999 Thread 0x000001a8cf58aff0 nmethod 1210 0x000001a8bb02c808 code [0x000001a8bb02c960, 0x000001a8bb02cd30]

GC Heap History (0 events):
No events

Dll operation events (11 events):
Event: 0.013 Loaded shared library C:\Program Files\Java\jdk-23\bin\java.dll
Event: 0.015 Loaded shared library C:\Program Files\Java\jdk-23\bin\zip.dll
Event: 0.067 Loaded shared library C:\Program Files\Java\jdk-23\bin\jsvml.dll
Event: 0.194 Loaded shared library C:\Program Files\Java\jdk-23\bin\instrument.dll
Event: 0.199 Loaded shared library C:\Program Files\Java\jdk-23\bin\net.dll
Event: 0.201 Loaded shared library C:\Program Files\Java\jdk-23\bin\nio.dll
Event: 0.206 Loaded shared library C:\Program Files\Java\jdk-23\bin\zip.dll
Event: 0.217 Loaded shared library C:\Program Files\JetBrains\IntelliJ IDEA Community Edition 2024.3.2.2\bin\breakgen64.dll
Event: 0.233 Loaded shared library C:\Program Files\Java\jdk-23\bin\extnet.dll
Event: 0.376 Loaded shared library C:\Program Files\Java\jdk-23\bin\verify.dll
Event: 0.385 Loaded shared library C:\Program Files\Java\jdk-23\bin\jimage.dll

Deoptimization events (20 events):
Event: 0.736 Thread 0x000001a8b2796170 Uncommon trap: trap_request=0xffffff6e fr.pc=0x000001a8c29b0a3c relative=0x000000000000041c
Event: 0.736 Thread 0x000001a8b2796170 Uncommon trap: reason=loop_limit_check action=maybe_recompile pc=0x000001a8c29b0a3c method=java.lang.StringLatin1.indexOf([BI[BII)I @ 37 c2
Event: 0.736 Thread 0x000001a8b2796170 DEOPT PACKING pc=0x000001a8c29b0a3c sp=0x000000219f1fcc00
Event: 0.736 Thread 0x000001a8b2796170 DEOPT UNPACKING pc=0x000001a8c2444402 sp=0x000000219f1fcb60 mode 2
Event: 0.755 Thread 0x000001a8b2796170 Uncommon trap: trap_request=0xffffff45 fr.pc=0x000001a8c29b63dc relative=0x00000000000014dc
Event: 0.755 Thread 0x000001a8b2796170 Uncommon trap: reason=unstable_if action=reinterpret pc=0x000001a8c29b63dc method=java.util.jar.JarFile.getVersionedEntry(Ljava/lang/String;Ljava/util/jar/JarEntry;)Ljava/util/jar/JarEntry; @ 6 c2
Event: 0.755 Thread 0x000001a8b2796170 DEOPT PACKING pc=0x000001a8c29b63dc sp=0x000000219f1fe130
Event: 0.755 Thread 0x000001a8b2796170 DEOPT UNPACKING pc=0x000001a8c2444402 sp=0x000000219f1fe098 mode 2
Event: 0.757 Thread 0x000001a8b2796170 Uncommon trap: trap_request=0xffffff45 fr.pc=0x000001a8c299e2e0 relative=0x0000000000000060
Event: 0.757 Thread 0x000001a8b2796170 Uncommon trap: reason=unstable_if action=reinterpret pc=0x000001a8c299e2e0 method=java.io.WinNTFileSystem.isSlash(C)Z @ 9 c2
Event: 0.757 Thread 0x000001a8b2796170 DEOPT PACKING pc=0x000001a8c299e2e0 sp=0x000000219f1fdea0
Event: 0.757 Thread 0x000001a8b2796170 DEOPT UNPACKING pc=0x000001a8c2444402 sp=0x000000219f1fde28 mode 2
Event: 0.792 Thread 0x000001a8b2796170 Uncommon trap: trap_request=0xffffff45 fr.pc=0x000001a8c29b984c relative=0x000000000000022c
Event: 0.792 Thread 0x000001a8b2796170 Uncommon trap: reason=unstable_if action=reinterpret pc=0x000001a8c29b984c method=java.lang.String.startsWith(Ljava/lang/String;I)Z @ 1 c2
Event: 0.792 Thread 0x000001a8b2796170 DEOPT PACKING pc=0x000001a8c29b984c sp=0x000000219f1fcb60
Event: 0.792 Thread 0x000001a8b2796170 DEOPT UNPACKING pc=0x000001a8c2444402 sp=0x000000219f1fcaf0 mode 2
Event: 0.906 Thread 0x000001a8b2796170 DEOPT PACKING pc=0x000001a8baee4571 sp=0x000000219f1fe2d0
Event: 0.906 Thread 0x000001a8b2796170 DEOPT UNPACKING pc=0x000001a8c2444b22 sp=0x000000219f1fd740 mode 0
Event: 0.912 Thread 0x000001a8b2796170 DEOPT PACKING pc=0x000001a8baeec03f sp=0x000000219f1fa690
Event: 0.912 Thread 0x000001a8b2796170 DEOPT UNPACKING pc=0x000001a8c2444b22 sp=0x000000219f1f9b08 mode 0

Classes loaded (20 events):
Event: 0.990 Loading class org/testng/internal/invokers/IMethodRunner
Event: 0.990 Loading class org/testng/internal/invokers/IMethodRunner done
Event: 0.990 Loading class org/testng/internal/thread/ThreadExecutionException
Event: 0.990 Loading class org/testng/internal/thread/ThreadExecutionException done
Event: 0.990 Loading class org/testng/IExpectedExceptionsHolder
Event: 0.990 Loading class org/testng/IExpectedExceptionsHolder done
Event: 0.991 Loading class org/testng/TestNotInvokedException
Event: 0.991 Loading class org/testng/TestNotInvokedException done
Event: 0.992 Loading class org/testng/IMethodInstance
Event: 0.992 Loading class org/testng/IMethodInstance done
Event: 0.992 Loading class org/testng/TestException
Event: 0.992 Loading class org/testng/TestException done
Event: 0.993 Loading class org/testng/xml/XmlSuite$ParallelMode
Event: 0.993 Loading class org/testng/xml/XmlSuite$ParallelMode done
Event: 0.998 Loading class java/util/Collections$UnmodifiableRandomAccessList
Event: 0.998 Loading class java/util/Collections$UnmodifiableRandomAccessList done
Event: 0.998 Loading class org/testng/internal/GroupsHelper
Event: 0.998 Loading class org/testng/internal/GroupsHelper done
Event: 0.999 Loading class java/util/HashMap$KeySpliterator
Event: 0.999 Loading class java/util/HashMap$KeySpliterator done

Classes unloaded (0 events):
No events

Classes redefined (1 events):
Event: 0.245 Thread 0x000001a8cf55c9f0 redefined class name=java.lang.Throwable, count=1

Internal exceptions (20 events):
Event: 0.235 Thread 0x000001a8cf7f75f0 Exception <a 'java/lang/NoSuchMethodError'{0x0000000089a29398}: 'void java.lang.invoke.DirectMethodHandle$Holder.invokeStatic(java.lang.Object, java.lang.Object)'> (0x0000000089a29398) 
thrown [s\open\src\hotspot\share\interpreter\linkResolver.cpp, line 796]
Event: 0.441 Thread 0x000001a8b2796170 Exception <a 'java/lang/NoClassDefFoundError'{0x0000000089348e70}: org/slf4j/impl/StaticLoggerBinder> (0x0000000089348e70) 
thrown [s\open\src\hotspot\share\classfile\systemDictionary.cpp, line 302]
Event: 0.465 Thread 0x000001a8b2796170 Exception <a 'java/lang/NoSuchMethodError'{0x000000008920b170}: 'int java.lang.invoke.DirectMethodHandle$Holder.invokeStaticInit(java.lang.Object, java.lang.Object)'> (0x000000008920b170) 
thrown [s\open\src\hotspot\share\interpreter\linkResolver.cpp, line 796]
Event: 0.597 Thread 0x000001a8b2796170 Exception <a 'java/lang/NoSuchMethodError'{0x00000000890dc8c0}: 'void java.lang.invoke.DirectMethodHandle$Holder.invokeSpecial(java.lang.Object, java.lang.Object, java.lang.Object)'> (0x00000000890dc8c0) 
thrown [s\open\src\hotspot\share\interpreter\linkResolver.cpp, line 796]
Event: 0.600 Thread 0x000001a8b2796170 Exception <a 'java/lang/NoSuchMethodError'{0x00000000890e84f0}: 'void java.lang.invoke.DirectMethodHandle$Holder.invokeStatic(java.lang.Object, int, java.lang.Object)'> (0x00000000890e84f0) 
thrown [s\open\src\hotspot\share\interpreter\linkResolver.cpp, line 796]
Event: 0.644 Thread 0x000001a8b2796170 Exception <a 'java/lang/NoSuchMethodError'{0x0000000088fc9ef0}: 'int java.lang.invoke.DirectMethodHandle$Holder.invokeSpecial(java.lang.Object, java.lang.Object, java.lang.Object)'> (0x0000000088fc9ef0) 
thrown [s\open\src\hotspot\share\interpreter\linkResolver.cpp, line 796]
Event: 0.646 Thread 0x000001a8b2796170 Exception <a 'java/lang/NoSuchMethodError'{0x0000000088fd45f8}: 'void java.lang.invoke.DelegatingMethodHandle$Holder.reinvoke_L(java.lang.Object, java.lang.Object, int)'> (0x0000000088fd45f8) 
thrown [s\open\src\hotspot\share\interpreter\linkResolver.cpp, line 796]
Event: 0.647 Thread 0x000001a8b2796170 Exception <a 'java/lang/NoSuchMethodError'{0x0000000088fdaf78}: 'int java.lang.invoke.Invokers$Holder.invokeExact_MT(java.lang.Object, java.lang.Object, java.lang.Object)'> (0x0000000088fdaf78) 
thrown [s\open\src\hotspot\share\interpreter\linkResolver.cpp, line 796]
Event: 0.661 Thread 0x000001a8b2796170 Exception <a 'java/lang/NoSuchMethodError'{0x0000000088e0d230}: 'void java.lang.invoke.Invokers$Holder.invokeExact_MT(java.lang.Object, java.lang.Object, java.lang.Object, java.lang.Object)'> (0x0000000088e0d230) 
thrown [s\open\src\hotspot\share\interpreter\linkResolver.cpp, line 796]
Event: 0.666 Thread 0x000001a8b2796170 Exception <a 'java/lang/NoSuchMethodError'{0x0000000088e1d738}: 'void java.lang.invoke.DirectMethodHandle$Holder.invokeVirtual(java.lang.Object, java.lang.Object, int)'> (0x0000000088e1d738) 
thrown [s\open\src\hotspot\share\interpreter\linkResolver.cpp, line 796]
Event: 0.686 Thread 0x000001a8b2796170 Exception <a 'java/lang/NoSuchMethodError'{0x0000000088e9ce48}: 'java.lang.Object java.lang.invoke.DirectMethodHandle$Holder.invokeInterface(java.lang.Object, java.lang.Object)'> (0x0000000088e9ce48) 
thrown [s\open\src\hotspot\share\interpreter\linkResolver.cpp, line 796]
Event: 0.743 Thread 0x000001a8b2796170 Exception <a 'java/lang/ClassNotFoundException'{0x0000000088df6768}: com/sun/org/apache/xerces/internal/impl/msg/spi/SAXMessagesProvider> (0x0000000088df6768) 
thrown [s\open\src\hotspot\share\classfile\systemDictionary.cpp, line 313]
Event: 0.827 Thread 0x000001a8b2796170 Exception <a 'java/lang/NoSuchMethodError'{0x0000000088b30d88}: 'java.lang.Object java.lang.invoke.DirectMethodHandle$Holder.invokeStaticInit(java.lang.Object, int, int, int, int)'> (0x0000000088b30d88) 
thrown [s\open\src\hotspot\share\interpreter\linkResolver.cpp, line 796]
Event: 0.863 Thread 0x000001a8b2796170 Exception <a 'java/lang/NoSuchMethodError'{0x0000000088a0ab70}: 'java.lang.Object java.lang.invoke.DirectMethodHandle$Holder.invokeStaticInit(java.lang.Object, java.lang.Object, int, int, int, int)'> (0x0000000088a0ab70) 
thrown [s\open\src\hotspot\share\interpreter\linkResolver.cpp, line 796]
Event: 0.909 Thread 0x000001a8b2796170 Exception <a 'java/lang/NoSuchMethodError'{0x0000000088a7cf18}: 'void java.lang.invoke.DirectMethodHandle$Holder.invokeVirtual(java.lang.Object, java.lang.Object)'> (0x0000000088a7cf18) 
thrown [s\open\src\hotspot\share\interpreter\linkResolver.cpp, line 796]
Event: 0.926 Thread 0x000001a8b2796170 Exception <a 'java/lang/NoSuchMethodError'{0x0000000088adf038}: 'void java.lang.invoke.DirectMethodHandle$Holder.invokeStatic(java.lang.Object, java.lang.Object, java.lang.Object, java.lang.Object)'> (0x0000000088adf038) 
thrown [s\open\src\hotspot\share\interpreter\linkResolver.cpp, line 796]
Event: 0.942 Thread 0x000001a8b2796170 Exception <a 'java/lang/NoSuchMethodError'{0x00000000889365f0}: 'int java.lang.invoke.DirectMethodHandle$Holder.invokeInterface(java.lang.Object, java.lang.Object)'> (0x00000000889365f0) 
thrown [s\open\src\hotspot\share\interpreter\linkResolver.cpp, line 796]
Event: 0.952 Thread 0x000001a8b2796170 Exception <a 'java/lang/NoSuchMethodError'{0x0000000088974ea8}: 'int java.lang.invoke.DirectMethodHandle$Holder.invokeVirtual(java.lang.Object, java.lang.Object)'> (0x0000000088974ea8) 
thrown [s\open\src\hotspot\share\interpreter\linkResolver.cpp, line 796]
Event: 0.973 Thread 0x000001a8b2796170 Exception <a 'java/lang/NoSuchMethodError'{0x00000000888146f8}: 'java.lang.Object java.lang.invoke.DirectMethodHandle$Holder.invokeSpecial(java.lang.Object, java.lang.Object, java.lang.Object, int, java.lang.Object)'> (0x00000000888146f8) 
thrown [s\open\src\hotspot\share\interpreter\linkResolver.cpp, line 796]
Event: 0.984 Thread 0x000001a8b2796170 Exception <a 'java/lang/NoSuchMethodError'{0x0000000088872278}: 'int java.lang.invoke.DirectMethodHandle$Holder.invokeStaticInit(java.lang.Object, java.lang.Object, java.lang.Object)'> (0x0000000088872278) 
thrown [s\open\src\hotspot\share\interpreter\linkResolver.cpp, line 796]

VM Operations (16 events):
Event: 0.174 Executing VM operation: HandshakeAllThreads (Deoptimize)
Event: 0.174 Executing VM operation: HandshakeAllThreads (Deoptimize) done
Event: 0.244 Executing VM operation: RedefineClasses
Event: 0.246 Executing VM operation: RedefineClasses done
Event: 0.507 Executing VM operation: HandshakeAllThreads (Deoptimize)
Event: 0.507 Executing VM operation: HandshakeAllThreads (Deoptimize) done
Event: 0.708 Executing VM operation: HandshakeAllThreads (Deoptimize)
Event: 0.708 Executing VM operation: HandshakeAllThreads (Deoptimize) done
Event: 0.753 Executing VM operation: HandshakeAllThreads (Deoptimize)
Event: 0.753 Executing VM operation: HandshakeAllThreads (Deoptimize) done
Event: 0.756 Executing VM operation: HandshakeAllThreads (Deoptimize)
Event: 0.757 Executing VM operation: HandshakeAllThreads (Deoptimize) done
Event: 0.772 Executing VM operation: HandshakeAllThreads (Deoptimize)
Event: 0.772 Executing VM operation: HandshakeAllThreads (Deoptimize) done
Event: 0.789 Executing VM operation: HandshakeAllThreads (Deoptimize)
Event: 0.789 Executing VM operation: HandshakeAllThreads (Deoptimize) done

Memory protections (0 events):
No events

Nmethod flushes (0 events):
No events

Events (13 events):
Event: 0.045 Thread 0x000001a8b2796170 Thread added: 0x000001a8b2796170
Event: 0.063 Thread 0x000001a8b2796170 Thread added: 0x000001a8cf577520
Event: 0.063 Thread 0x000001a8b2796170 Thread added: 0x000001a8cf5785f0
Event: 0.063 Thread 0x000001a8b2796170 Thread added: 0x000001a8cf57f4f0
Event: 0.064 Thread 0x000001a8b2796170 Thread added: 0x000001a8cf580100
Event: 0.064 Thread 0x000001a8b2796170 Thread added: 0x000001a8cf5814b0
Event: 0.064 Thread 0x000001a8b2796170 Thread added: 0x000001a8cf582860
Event: 0.064 Thread 0x000001a8b2796170 Thread added: 0x000001a8cf587440
Event: 0.064 Thread 0x000001a8b2796170 Thread added: 0x000001a8cf58aff0
Event: 0.161 Thread 0x000001a8b2796170 Thread added: 0x000001a8cf54d2e0
Event: 0.187 Thread 0x000001a8cf58aff0 Thread added: 0x000001a8cf7921b0
Event: 0.217 Thread 0x000001a8b2796170 Thread added: 0x000001a8cf7f75f0
Event: 0.249 Thread 0x000001a8b2796170 Thread added: 0x000001a8cf882810


Dynamic libraries:
0x00007ff678710000 - 0x00007ff678720000 	C:\Program Files\Java\jdk-23\bin\java.exe
0x00007ffa51b50000 - 0x00007ffa51d48000 	C:\Windows\SYSTEM32\ntdll.dll
0x00007ffa519b0000 - 0x00007ffa51a72000 	C:\Windows\System32\KERNEL32.DLL
0x00007ffa4f4a0000 - 0x00007ffa4f79e000 	C:\Windows\System32\KERNELBASE.dll
0x00007ffa4f7a0000 - 0x00007ffa4f8a0000 	C:\Windows\System32\ucrtbase.dll
0x00007ffa467d0000 - 0x00007ffa467eb000 	C:\Program Files\Java\jdk-23\bin\VCRUNTIME140.dll
0x00007ffa44b40000 - 0x00007ffa44b57000 	C:\Program Files\Java\jdk-23\bin\jli.dll
0x00007ffa50020000 - 0x00007ffa501bd000 	C:\Windows\System32\USER32.dll
0x00007ffa4f9f0000 - 0x00007ffa4fa12000 	C:\Windows\System32\win32u.dll
0x00007ffa41160000 - 0x00007ffa413fa000 	C:\Windows\WinSxS\amd64_microsoft.windows.common-controls_6595b64144ccf1df_6.0.19041.4355_none_60b8b9eb71f62e16\COMCTL32.dll
0x00007ffa4fff0000 - 0x00007ffa5001b000 	C:\Windows\System32\GDI32.dll
0x00007ffa4fb80000 - 0x00007ffa4fc1e000 	C:\Windows\System32\msvcrt.dll
0x00007ffa4f8d0000 - 0x00007ffa4f9e7000 	C:\Windows\System32\gdi32full.dll
0x00007ffa4fa20000 - 0x00007ffa4fabd000 	C:\Windows\System32\msvcp_win.dll
0x00007ffa4fc20000 - 0x00007ffa4fc4f000 	C:\Windows\System32\IMM32.DLL
0x00007ffa4c590000 - 0x00007ffa4c59c000 	C:\Program Files\Java\jdk-23\bin\vcruntime140_1.dll
0x00007ffa44a60000 - 0x00007ffa44aee000 	C:\Program Files\Java\jdk-23\bin\msvcp140.dll
0x00007ffa02a90000 - 0x00007ffa037df000 	C:\Program Files\Java\jdk-23\bin\server\jvm.dll
0x00007ffa4fed0000 - 0x00007ffa4ff81000 	C:\Windows\System32\ADVAPI32.dll
0x00007ffa518f0000 - 0x00007ffa5198f000 	C:\Windows\System32\sechost.dll
0x00007ffa505d0000 - 0x00007ffa506f3000 	C:\Windows\System32\RPCRT4.dll
0x00007ffa4f8a0000 - 0x00007ffa4f8c7000 	C:\Windows\System32\bcrypt.dll
0x00007ffa50700000 - 0x00007ffa5076b000 	C:\Windows\System32\WS2_32.dll
0x00007ffa4e730000 - 0x00007ffa4e77b000 	C:\Windows\SYSTEM32\POWRPROF.dll
0x00007ffa41450000 - 0x00007ffa41477000 	C:\Windows\SYSTEM32\WINMM.dll
0x00007ffa43230000 - 0x00007ffa4323a000 	C:\Windows\SYSTEM32\VERSION.dll
0x00007ffa4e5f0000 - 0x00007ffa4e602000 	C:\Windows\SYSTEM32\UMPDC.dll
0x00007ffa4da10000 - 0x00007ffa4da22000 	C:\Windows\SYSTEM32\kernel.appcore.dll
0x00007ffa467c0000 - 0x00007ffa467ca000 	C:\Program Files\Java\jdk-23\bin\jimage.dll
0x00007ffa4d040000 - 0x00007ffa4d224000 	C:\Windows\SYSTEM32\DBGHELP.DLL
0x00007ffa39a80000 - 0x00007ffa39ab4000 	C:\Windows\SYSTEM32\dbgcore.DLL
0x00007ffa4f350000 - 0x00007ffa4f3d2000 	C:\Windows\System32\bcryptPrimitives.dll
0x00007ffa44b20000 - 0x00007ffa44b2f000 	C:\Program Files\Java\jdk-23\bin\instrument.dll
0x00007ffa44a40000 - 0x00007ffa44a5e000 	C:\Program Files\Java\jdk-23\bin\java.dll
0x00007ffa4fd90000 - 0x00007ffa4febb000 	C:\Windows\System32\ole32.dll
0x00007ffa50770000 - 0x00007ffa50ac3000 	C:\Windows\System32\combase.dll
0x00007ffa51180000 - 0x00007ffa518ed000 	C:\Windows\System32\SHELL32.dll
0x00007ffa42460000 - 0x00007ffa42477000 	C:\Program Files\Java\jdk-23\bin\zip.dll
0x00007ffa4d250000 - 0x00007ffa4d9f4000 	C:\Windows\SYSTEM32\windows.storage.dll
0x00007ffa4ec20000 - 0x00007ffa4ec4e000 	C:\Windows\SYSTEM32\Wldp.dll
0x00007ffa50350000 - 0x00007ffa5041d000 	C:\Windows\System32\OLEAUT32.dll
0x00007ffa50ff0000 - 0x00007ffa5109d000 	C:\Windows\System32\SHCORE.dll
0x00007ffa4ff90000 - 0x00007ffa4ffe5000 	C:\Windows\System32\shlwapi.dll
0x00007ffa4f120000 - 0x00007ffa4f144000 	C:\Windows\SYSTEM32\profapi.dll
0x00007ffa38db0000 - 0x00007ffa38e87000 	C:\Program Files\Java\jdk-23\bin\jsvml.dll
0x00007ffa44a30000 - 0x00007ffa44a40000 	C:\Program Files\Java\jdk-23\bin\net.dll
0x00007ffa4e980000 - 0x00007ffa4e9ea000 	C:\Windows\system32\mswsock.dll
0x00007ffa42400000 - 0x00007ffa42416000 	C:\Program Files\Java\jdk-23\bin\nio.dll
0x00007ffa38410000 - 0x00007ffa3842a000 	C:\Program Files\JetBrains\IntelliJ IDEA Community Edition 2024.3.2.2\bin\breakgen64.dll
0x00007ffa423f0000 - 0x00007ffa423f9000 	C:\Program Files\Java\jdk-23\bin\extnet.dll
0x00007ffa423c0000 - 0x00007ffa423d0000 	C:\Program Files\Java\jdk-23\bin\verify.dll
0x00007ffa4eb70000 - 0x00007ffa4eb88000 	C:\Windows\SYSTEM32\CRYPTSP.dll
0x00007ffa4e230000 - 0x00007ffa4e264000 	C:\Windows\system32\rsaenh.dll
0x00007ffa4f0e0000 - 0x00007ffa4f10e000 	C:\Windows\SYSTEM32\USERENV.dll
0x00007ffa4eb90000 - 0x00007ffa4eb9c000 	C:\Windows\SYSTEM32\CRYPTBASE.dll
0x00007ffa4e610000 - 0x00007ffa4e64b000 	C:\Windows\SYSTEM32\IPHLPAPI.DLL
0x00007ffa4fec0000 - 0x00007ffa4fec8000 	C:\Windows\System32\NSI.dll

dbghelp: loaded successfully - version: 4.0.5 - missing functions: none
symbol engine: initialized successfully - sym options: 0x614 - pdb path: .;C:\Program Files\Java\jdk-23\bin;C:\Windows\SYSTEM32;C:\Windows\WinSxS\amd64_microsoft.windows.common-controls_6595b64144ccf1df_6.0.19041.4355_none_60b8b9eb71f62e16;C:\Program Files\Java\jdk-23\bin\server;C:\Program Files\JetBrains\IntelliJ IDEA Community Edition 2024.3.2.2\bin

VM Arguments:
jvm_args: -ea -Didea.test.cyclic.buffer.size=1048576 -javaagent:C:\Program Files\JetBrains\IntelliJ IDEA Community Edition 2024.3.2.2\lib\idea_rt.jar=57364:C:\Program Files\JetBrains\IntelliJ IDEA Community Edition 2024.3.2.2\bin -javaagent:C:\Users\MAHMOU~1\AppData\Local\Temp\captureAgent4910jars\debugger-agent.jar -Dkotlinx.coroutines.debug.enable.creation.stack.trace=false -Ddebugger.agent.enable.coroutines=true -Dkotlinx.coroutines.debug.enable.flows.stack.trace=true -Dkotlinx.coroutines.debug.enable.mutable.state.flows.stack.trace=true -Dfile.encoding=UTF-8 -Dsun.stdout.encoding=UTF-8 -Dsun.stderr.encoding=UTF-8 
java_command: com.intellij.rt.testng.RemoteTestNGStarter -usedefaultlisteners false -socket57363 @w@C:\Users\MAHMOU~1\AppData\Local\Temp\idea_working_dirs_testng.tmp -temp C:\Users\MAHMOU~1\AppData\Local\Temp\idea_testng.tmp
java_class_path (initial): C:\Program Files\JetBrains\IntelliJ IDEA Community Edition 2024.3.2.2\lib\idea_rt.jar;C:\Program Files\JetBrains\IntelliJ IDEA Community Edition 2024.3.2.2\plugins\testng\lib\testng-rt.jar;C:\Users\Mahmoud Fouad\Pictures\SELSNIUM\LoginTestNGProject\target\test-classes;C:\Users\Mahmoud Fouad\Pictures\SELSNIUM\LoginTestNGProject\target\classes;C:\Users\Mahmoud Fouad\.m2\repository\org\seleniumhq\selenium\selenium-java\4.12.0\selenium-java-4.12.0.jar;C:\Users\Mahmoud Fouad\.m2\repository\org\seleniumhq\selenium\selenium-api\4.12.0\selenium-api-4.12.0.jar;C:\Users\Mahmoud Fouad\.m2\repository\org\seleniumhq\selenium\selenium-chrome-driver\4.12.0\selenium-chrome-driver-4.12.0.jar;C:\Users\Mahmoud Fouad\.m2\repository\com\google\auto\service\auto-service-annotations\1.1.1\auto-service-annotations-1.1.1.jar;C:\Users\Mahmoud Fouad\.m2\repository\com\google\guava\guava\32.1.2-jre\guava-32.1.2-jre.jar;C:\Users\Mahmoud Fouad\.m2\repository\com\google\guava\failureaccess\1.0.1\failureaccess-1.0.1.jar;C:\Users\Mahmoud Fouad\.m2\repository\com\google\guava\listenablefuture\9999.0-empty-to-avoid-conflict-with-guava\listenablefuture-9999.0-empty-to-avoid-conflict-with-guava.jar;C:\Users\Mahmoud Fouad\.m2\repository\com\google\code\findbugs\jsr305\3.0.2\jsr305-3.0.2.jar;C:\Users\Mahmoud Fouad\.m2\repository\org\checkerframework\checker-qual\3.33.0\checker-qual-3.33.0.jar;C:\Users\Mahmoud Fouad\.m2\repository\com\google\errorprone\error_prone_annotations\2.18.0\error_prone_annotations-2.18.0.jar;C:\Users\Mahmoud Fouad\.m2\repository\com\google\j2objc\j2objc-annotations\2.8\j2objc-annotations-2.8.jar;C:\Users\Mahmoud Fouad\.m2\repository\org\seleniumhq\selenium\selenium-chromium-driver\4.12.0\selenium-chromium-driver-4.12.0.jar;C:\Users\Mahmoud Fouad\.m2\repository\org\seleniumhq\selenium\selenium-json\4.12.0\selenium-json-4.12.0.jar;C:\Users\Mahmoud Fouad\.m2\repository\org\seleniumhq\selenium\selenium-manager\4.12.0\selenium-manager-4.12.0.jar;C:\Users\Mahmoud Fouad\.m2\repository\org\seleniumhq\selenium\selenium-devtools-v114\4.12.0\selenium-devtools-v114-4.12.0.jar;C:\Users\Mahmoud Fouad\.m2\repository\org\seleniumhq\selenium\selenium-devtools-v115\4.12.0\selenium-devtools-v115-4.12.0.jar;C:\Users\Mahmoud Fouad\.m2\repository\org\seleniumhq\selenium\selenium-devtools-v116\4.12.0\selenium-devtools-v116-4.12.0.jar;C:\Users\Mahmoud Fouad\.m2\repository\org\seleniumhq\selenium\selenium-devtools-v85\4.12.0\selenium-devtools-v85-4.12.0.jar;C:\Users\Mahmoud Fouad\.m2\repository\org\seleniumhq\selenium\selenium-edge-driver\4.12.0\selenium-edge-driver-4.12.0.jar;C:\Users\Mahmoud Fouad\.m2\repository\org\seleniumhq\selenium\selenium-firefox-driver\4.12.0\selenium-firefox-driver-4.12.0.jar;C:\Users\Mahmoud Fouad\.m2\repository\org\seleniumhq\selenium\selenium-http\4.12.0\selenium-http-4.12.0.jar;C:\Users\Mahmoud Fouad\.m2\repository\dev\failsafe\failsafe\3.3.2\failsafe-3.3.2.jar;C:\Users\Mahmoud Fouad\.m2\repository\org\seleniumhq\selenium\selenium-ie-driver\4.12.0\selenium-ie-driver-4.12.0.jar;C:\Users\Mahmoud Fouad\.m2\repository\org\seleniumhq\selenium\selenium-remote-driver\4.12.0\selenium-remote-driver-4.12.0.jar;C:\Users\Mahmoud Fouad\.m2\repository\io\netty\netty-buffer\4.1.96.Final\netty-buffer-4.1.96.Final.jar;C:\Users\Mahmoud Fouad\.m2\repository\io\netty\netty-codec-http\4.1.96.Final\netty-codec-http-4.1.96.Final.jar;C:\Users\Mahmoud Fouad\.m2\repository\io\netty\netty-codec\4.1.96.Final\netty-codec-4.1.96.Final.jar;C:\Users\Mahmoud Fouad\.m2\repository\io\netty\netty-handler\4.1.96.Final\netty-handler-4.1.96.Final.jar;C:\Users\Mahmoud Fouad\.m2\repository\io\netty\netty-common\4.1.96.Final\netty-common-4.1.96.Final.jar;C:\Users\Mahmoud Fouad\.m2\repository\io\netty\netty-transport-classes-epoll\4.1.96.Final\netty-transport-classes-epoll-4.1.96.Final.jar;C:\Users\Mahmoud Fouad\.m2\repository\io\netty\netty-transport-classes-kqueue\4.1.96.Final\netty-transport-classes-kqueue-4.1.96.Final.jar;C:\Users\Mahmoud Fouad\.m2\repository\io\netty\netty-transport-native-epoll\4.1.96.Final\netty-transport-native-epoll-4.1.96.Final.jar;C:\Users\Mahmoud Fouad\.m2\repository\io\netty\netty-transport-native-kqueue\4.1.96.Final\netty-transport-native-kqueue-4.1.96.Final.jar;C:\Users\Mahmoud Fouad\.m2\repository\io\netty\netty-transport-native-unix-common\4.1.96.Final\netty-transport-native-unix-common-4.1.96.Final.jar;C:\Users\Mahmoud Fouad\.m2\repository\io\netty\netty-transport\4.1.96.Final\netty-transport-4.1.96.Final.jar;C:\Users\Mahmoud Fouad\.m2\repository\io\netty\netty-resolver\4.1.96.Final\netty-resolver-4.1.96.Final.jar;C:\Users\Mahmoud Fouad\.m2\repository\io\opentelemetry\opentelemetry-api\1.28.0\opentelemetry-api-1.28.0.jar;C:\Users\Mahmoud Fouad\.m2\repository\io\opentelemetry\opentelemetry-context\1.28.0\opentelemetry-context-1.28.0.jar;C:\Users\Mahmoud Fouad\.m2\repository\io\opentelemetry\opentelemetry-exporter-logging\1.28.0\opentelemetry-exporter-logging-1.28.0.jar;C:\Users\Mahmoud Fouad\.m2\repository\io\opentelemetry\opentelemetry-sdk-metrics\1.28.0\opentelemetry-sdk-metrics-1.28.0.jar;C:\Users\Mahmoud Fouad\.m2\repository\io\opentelemetry\opentelemetry-extension-incubator\1.28.0-alpha\opentelemetry-extension-incubator-1.28.0-alpha.jar;C:\Users\Mahmoud Fouad\.m2\repository\io\opentelemetry\opentelemetry-sdk-logs\1.28.0\opentelemetry-sdk-logs-1.28.0.jar;C:\Users\Mahmoud Fouad\.m2\repository\io\opentelemetry\opentelemetry-sdk-common\1.28.0\opentelemetry-sdk-common-1.28.0.jar;C:\Users\Mahmoud Fouad\.m2\repository\io\opentelemetry\opentelemetry-sdk-extension-autoconfigure-spi\1.28.0\opentelemetry-sdk-extension-autoconfigure-spi-1.28.0.jar;C:\Users\Mahmoud Fouad\.m2\repository\io\opentelemetry\opentelemetry-sdk-extension-autoconfigure\1.28.0\opentelemetry-sdk-extension-autoconfigure-1.28.0.jar;C:\Users\Mahmoud Fouad\.m2\repository\io\opentelemetry\opentelemetry-api-events\1.28.0-alpha\opentelemetry-api-events-1.28.0-alpha.jar;C:\Users\Mahmoud Fouad\.m2\repository\io\opentelemetry\opentelemetry-sdk-trace\1.28.0\opentelemetry-sdk-trace-1.28.0.jar;C:\Users\Mahmoud Fouad\.m2\repository\io\opentelemetry\opentelemetry-sdk\1.28.0\opentelemetry-sdk-1.28.0.jar;C:\Users\Mahmoud Fouad\.m2\repository\io\opentelemetry\opentelemetry-semconv\1.28.0-alpha\opentelemetry-semconv-1.28.0-alpha.jar;C:\Users\Mahmoud Fouad\.m2\repository\net\bytebuddy\byte-buddy\1.14.5\byte-buddy-1.14.5.jar;C:\Users\Mahmoud Fouad\.m2\repository\org\asynchttpclient\async-http-client\2.12.3\async-http-client-2.12.3.jar;C:\Users\Mahmoud Fouad\.m2\repository\org\asynchttpclient\async-http-client-netty-utils\2.12.3\async-http-client-netty-utils-2.12.3.jar;C:\Users\Mahmoud Fouad\.m2\repository\io\netty\netty-codec-socks\4.1.60.Final\netty-codec-socks-4.1.60.Final.jar;C:\Users\Mahmoud Fouad\.m2\repository\io\netty\netty-handler-proxy\4.1.60.Final\netty-handler-proxy-4.1.60.Final.jar;C:\Users\Mahmoud Fouad\.m2\repository\io\netty\netty-transport-native-epoll\4.1.60.Final\netty-transport-native-epoll-4.1.60.Final-linux-x86_64.jar;C:\Users\Mahmoud Fouad\.m2\repository\io\netty\netty-transport-native-kqueue\4.1.60.Final\netty-transport-native-kqueue-4.1.60.Final-osx-x86_64.jar;C:\Users\Mahmoud Fouad\.m2\repository\com\typesafe\netty\netty-reactive-streams\2.0.4\netty-reactive-streams-2.0.4.jar;C:\Users\Mahmoud Fouad\.m2\repository\com\sun\activation\jakarta.activation\1.2.2\jakarta.activation-1.2.2.jar;C:\Users\Mahmoud Fouad\.m2\repository\org\seleniumhq\selenium\selenium-os\4.12.0\selenium-os-4.12.0.jar;C:\Users\Mahmoud Fouad\.m2\repository\org\apache\commons\commons-exec\1.3\commons-exec-1.3.jar;C:\Users\Mahmoud Fouad\.m2\repository\org\seleniumhq\selenium\selenium-safari-driver\4.12.0\selenium-safari-driver-4.12.0.jar;C:\Users\Mahmoud Fouad\.m2\repository\org\seleniumhq\selenium\selenium-support\4.12.0\selenium-support-4.12.0.jar;C:\Users\Mahmoud Fouad\.m2\repository\org\testng\testng\7.8.0\testng-7.8.0.jar;C:\Users\Mahmoud Fouad\.m2\repository\org\slf4j\slf4j-api\1.7.36\slf4j-api-1.7.36.jar;C:\Users\Mahmoud Fouad\.m2\repository\com\beust\jcommander\1.82\jcommander-1.82.jar;C:\Users\Mahmoud Fouad\.m2\repository\org\webjars\jquery\3.6.1\jquery-3.6.1.jar;C:\Users\Mahmoud Fouad\.m2\repository\io\github\bonigarcia\webdrivermanager\5.5.1\webdrivermanager-5.5.1.jar;C:\Users\Mahmoud Fouad\.m2\repository\com\google\code\gson\gson\2.10.1\gson-2.10.1.jar;C:\Users\Mahmoud Fouad\.m2\repository\com\github\docker-java\docker-java\3.3.3\docker-java-3.3.3.jar;C:\Users\Mahmoud Fouad\.m2\repository\com\github\docker-java\docker-java-core\3.3.3\docker-java-core-3.3.3.jar;C:\Users\Mahmoud Fouad\.m2\repository\com\github\docker-java\docker-java-api\3.3.3\docker-java-api-3.3.3.jar;C:\Users\Mahmoud Fouad\.m2\repository\com\fasterxml\jackson\core\jackson-annotations\2.10.3\jackson-annotations-2.10.3.jar;C:\Users\Mahmoud Fouad\.m2\repository\commons-io\commons-io\2.6\commons-io-2.6.jar;C:\Users\Mahmoud Fouad\.m2\repository\org\apache\commons\commons-compress\1.21\commons-compress-1.21.jar;C:\Users\Mahmoud Fouad\.m2\repository\com\fasterxml\jackson\core\jackson-databind\2.10.3\jackson-databind-2.10.3.jar;C:\Users\Mahmoud Fouad\.m2\repository\com\fasterxml\jackson\core\jackson-core\2.10.3\jackson-core-2.10.3.jar;C:\Users\Mahmoud Fouad\.m2\repository\org\bouncycastle\bcpkix-jdk18on\1.75\bcpkix-jdk18on-1.75.jar;C:\Users\Mahmoud Fouad\.m2\repository\org\bouncycastle\bcprov-jdk18on\1.75\bcprov-jdk18on-1.75.jar;C:\Users\Mahmoud Fouad\.m2\repository\org\bouncycastle\bcutil-jdk18on\1.75\bcutil-jdk18on-1.75.jar;C:\Users\Mahmoud Fouad\.m2\repository\org\slf4j\jcl-over-slf4j\1.7.30\jcl-over-slf4j-1.7.30.jar;C:\Users\Mahmoud Fouad\.m2\repository\com\github\docker-java\docker-java-transport-httpclient5\3.3.3\docker-java-transport-httpclient5-3.3.3.jar;C:\Users\Mahmoud Fouad\.m2\repository\com\github\docker-java\docker-java-transport\3.3.3\docker-java-transport-3.3.3.jar;C:\Users\Mahmoud Fouad\.m2\repository\net\java\dev\jna\jna\5.12.1\jna-5.12.1.jar;C:\Users\Mahmoud Fouad\.m2\repository\org\brotli\dec\0.1.2\dec-0.1.2.jar;C:\Users\Mahmoud Fouad\.m2\repository\org\apache\commons\commons-lang3\3.13.0\commons-lang3-3.13.0.jar;C:\Users\Mahmoud Fouad\.m2\repository\org\apache\httpcomponents\client5\httpclient5\5.2.1\httpclient5-5.2.1.jar;C:\Users\Mahmoud Fouad\.m2\repository\org\apache\httpcomponents\core5\httpcore5\5.2\httpcore5-5.2.jar;C:\Users\Mahmoud Fouad\.m2\repository\org\apache\httpcomponents\core5\httpcore5-h2\5.2\httpcore5-h2-5.2.jar;C:\Users\Mahmoud Fouad\.m2\repository\com\aventstack\extentreports\5.0.9\extentreports-5.0.9.jar;C:\Users\Mahmoud Fouad\.m2\repository\io\reactivex\rxjava3\rxjava\3.0.4\rxjava-3.0.4.jar;C:\Users\Mahmoud Fouad\.m2\repository\org\reactivestreams\reactive-streams\1.0.3\reactive-streams-1.0.3.jar;C:\Users\Mahmoud Fouad\.m2\repository\org\freemarker\freemarker\2.3.30\freemarker-2.3.30.jar;C:\Users\Mahmoud Fouad\.m2\repository\org\projectlombok\lombok\1.18.12\lombok-1.18.12.jar
Launcher Type: SUN_STANDARD

[Global flags]
     intx CICompilerCount                          = 4                                         {product} {ergonomic}
     uint ConcGCThreads                            = 2                                         {product} {ergonomic}
     uint G1ConcRefinementThreads                  = 8                                         {product} {ergonomic}
   size_t G1HeapRegionSize                         = 1048576                                   {product} {ergonomic}
   size_t InitialHeapSize                          = 134217728                                 {product} {ergonomic}
   size_t MarkStackSize                            = 4194304                                   {product} {ergonomic}
   size_t MarkStackSizeMax                         = 536870912                                 {product} {ergonomic}
   size_t MaxHeapSize                              = 2116026368                                {product} {ergonomic}
   size_t MaxNewSize                               = 1268776960                                {product} {ergonomic}
   size_t MinHeapDeltaBytes                        = 1048576                                   {product} {ergonomic}
   size_t MinHeapSize                              = 8388608                                   {product} {ergonomic}
    uintx NonNMethodCodeHeapSize                   = 5832704                                {pd product} {ergonomic}
    uintx NonProfiledCodeHeapSize                  = 122945536                              {pd product} {ergonomic}
    uintx ProfiledCodeHeapSize                     = 122880000                              {pd product} {ergonomic}
    uintx ReservedCodeCacheSize                    = 251658240                              {pd product} {ergonomic}
     bool SegmentedCodeCache                       = true                                      {product} {ergonomic}
   size_t SoftMaxHeapSize                          = 2116026368                             {manageable} {ergonomic}
     bool UseCompressedOops                        = true                           {product lp64_product} {ergonomic}
     bool UseG1GC                                  = true                                      {product} {ergonomic}
     bool UseLargePagesIndividualAllocation        = false                                  {pd product} {ergonomic}

Logging:
Log output configuration:
 #0: stdout all=warning uptime,level,tags foldmultilines=false
 #1: stderr all=off uptime,level,tags foldmultilines=false

Environment Variables:
PATH=C:\Program Files\Common Files\Oracle\Java\javapath;C:\Program Files (x86)\Common Files\Intel\Shared Libraries\redist\intel64\compiler;C:\Windows\system32;C:\Windows;C:\Windows\System32\Wbem;C:\Windows\System32\WindowsPowerShell\v1.0\;C:\Windows\System32\OpenSSH\;C:\Program Files\dotnet\;\msys64\mingw64\bin;C:\Users\Mahmoud Fouad\AppData\Local\Microsoft\WindowsApps;C:\Users\Mahmoud Fouad\AppData\Local\Programs\Microsoft VS Code\bin;C:\msys64\mingw64\bin;C:\Program Files\Java\jdk-23\bin;
USERNAME=Mahmoud Fouad
OS=Windows_NT
PROCESSOR_IDENTIFIER=Intel64 Family 6 Model 60 Stepping 3, GenuineIntel
TMP=C:\Users\MAHMOU~1\AppData\Local\Temp
TEMP=C:\Users\MAHMOU~1\AppData\Local\Temp




Periodic native trim disabled

---------------  S Y S T E M  ---------------

OS:
 Windows 10 , 64 bit Build 19041 (10.0.19041.5198)
OS uptime: 0 days 19:41 hours

CPU: total 8 (initial active 8) (4 cores per cpu, 2 threads per core) family 6 model 60 stepping 3 microcode 0x27, cx8, cmov, fxsr, ht, mmx, sse, sse2, sse3, ssse3, sse4.1, sse4.2, popcnt, lzcnt, tsc, tscinvbit, avx, avx2, aes, erms, clmul, bmi1, bmi2, fma, vzeroupper, clflush, rdtscp, f16c
Processor Information for the first 8 processors :
  Max Mhz: 2201, Current Mhz: 2201, Mhz Limit: 2201

Memory: 4k page, system-wide physical 8068M (779M free)
TotalPageFile size 10116M (AvailPageFile size 4M)
current process WorkingSet (physical memory assigned to process): 87M, peak: 87M
current process commit charge ("private bytes"): 234M, peak: 234M

vm_info: Java HotSpot(TM) 64-Bit Server VM (23.0.1+11-39) for windows-amd64 JRE (23.0.1+11-39), built on 2024-09-30T07:20:43Z with MS VC++ 17.6 (VS2022)

END.
