#
# There is insufficient memory for the Java Runtime Environment to continue.
# Native memory allocation (mmap) failed to map 65536 bytes. Error detail: Failed to commit metaspace.
# Possible reasons:
#   The system is out of physical RAM or swap space
#   This process is running with CompressedOops enabled, and the Java Heap may be blocking the growth of the native heap
# Possible solutions:
#   Reduce memory load on the system
#   Increase physical memory or swap space
#   Check if swap backing store is full
#   Decrease Java heap size (-Xmx/-Xms)
#   Decrease number of Java threads
#   Decrease Java thread stack sizes (-Xss)
#   Set larger code cache with -XX:ReservedCodeCacheSize=
#   JVM is running with Unscaled Compressed Oops mode in which the Java heap is
#     placed in the first 4GB address space. The Java Heap base address is the
#     maximum limit for the native heap growth. Please use -XX:HeapBaseMinAddress
#     to set the Java Heap base and to place the Java Heap above 4GB virtual address.
# This output file may be truncated or incomplete.
#
#  Out of Memory Error (virtualSpaceNode.cpp:113), pid=1836, tid=17028
#
# JRE version: Java(TM) SE Runtime Environment (23.0.1+11) (build 23.0.1+11-39)
# Java VM: Java HotSpot(TM) 64-Bit Server VM (23.0.1+11-39, mixed mode, sharing, tiered, compressed oops, compressed class ptrs, g1 gc, windows-amd64)
# No core dump will be written. Minidumps are not enabled by default on client versions of Windows
#

---------------  S U M M A R Y ------------

Command Line: -ea -Didea.test.cyclic.buffer.size=1048576 -javaagent:C:\Program Files\JetBrains\IntelliJ IDEA Community Edition 2024.3.2.2\lib\idea_rt.jar=59505:C:\Program Files\JetBrains\IntelliJ IDEA Community Edition 2024.3.2.2\bin -javaagent:C:\Users\MAHMOU~1\AppData\Local\Temp\captureAgent6538jars\debugger-agent.jar -Dkotlinx.coroutines.debug.enable.creation.stack.trace=false -Ddebugger.agent.enable.coroutines=true -Dkotlinx.coroutines.debug.enable.flows.stack.trace=true -Dkotlinx.coroutines.debug.enable.mutable.state.flows.stack.trace=true -Dfile.encoding=UTF-8 -Dsun.stdout.encoding=UTF-8 -Dsun.stderr.encoding=UTF-8 com.intellij.rt.testng.RemoteTestNGStarter -usedefaultlisteners false -socket59504 @w@C:\Users\MAHMOU~1\AppData\Local\Temp\idea_working_dirs_testng.tmp -temp C:\Users\MAHMOU~1\AppData\Local\Temp\idea_testng.tmp

Host: Intel(R) Core(TM) i7-4702MQ CPU @ 2.20GHz, 8 cores, 7G,  Windows 10 , 64 bit Build 19041 (10.0.19041.5198)
Time: Sat Apr  5 14:48:15 2025 Egypt Standard Time elapsed time: 0.671068 seconds (0d 0h 0m 0s)

---------------  T H R E A D  ---------------

Current thread (0x000001bd3e1e4150):  JavaThread "main"             [_thread_in_vm, id=17028, stack(0x0000001557b00000,0x0000001557c00000) (1024K)]

Stack: [0x0000001557b00000,0x0000001557c00000]
Native frames: (J=compiled Java code, j=interpreted, Vv=VM code, C=native code)
V  [jvm.dll+0x6e08b9]  (no source info available)
V  [jvm.dll+0x87dc83]  (no source info available)
V  [jvm.dll+0x88010e]  (no source info available)
V  [jvm.dll+0x8807e3]  (no source info available)
V  [jvm.dll+0x27aee6]  (no source info available)
V  [jvm.dll+0x87988e]  (no source info available)
V  [jvm.dll+0x682035]  (no source info available)
V  [jvm.dll+0x68209a]  (no source info available)
V  [jvm.dll+0x6848da]  (no source info available)
V  [jvm.dll+0x2219dc]  (no source info available)
V  [jvm.dll+0x682a4e]  (no source info available)
V  [jvm.dll+0x281d1b]  (no source info available)
V  [jvm.dll+0x282f50]  (no source info available)
V  [jvm.dll+0x20a9a7]  (no source info available)
V  [jvm.dll+0x20a02d]  (no source info available)
V  [jvm.dll+0x5be709]  (no source info available)
V  [jvm.dll+0x219b2b]  (no source info available)
V  [jvm.dll+0x7f3130]  (no source info available)
V  [jvm.dll+0x7f41d6]  (no source info available)
V  [jvm.dll+0x7f4a00]  (no source info available)
V  [jvm.dll+0x21061b]  (no source info available)
V  [jvm.dll+0x212dbe]  (no source info available)
V  [jvm.dll+0x20811e]  (no source info available)
V  [jvm.dll+0x5be6df]  (no source info available)
V  [jvm.dll+0x219b2b]  (no source info available)
V  [jvm.dll+0x7f3130]  (no source info available)
V  [jvm.dll+0x7f41d6]  (no source info available)
V  [jvm.dll+0x7f47e4]  (no source info available)
V  [jvm.dll+0x7f4468]  (no source info available)
V  [jvm.dll+0x2689cb]  (no source info available)
V  [jvm.dll+0x268bf6]  (no source info available)
V  [jvm.dll+0x5e1ea7]  (no source info available)
V  [jvm.dll+0x5e4f56]  (no source info available)
V  [jvm.dll+0x3d5bcd]  (no source info available)
V  [jvm.dll+0x3d51cd]  (no source info available)
C  0x000001bd4de59d91  (no source info available)

The last pc belongs to invokestatic (printed below).
Java frames: (J=compiled Java code, j=interpreted, Vv=VM code)
j  sun.reflect.generics.factory.CoreReflectionFactory.makeParameterizedType(Ljava/lang/reflect/Type;[Ljava/lang/reflect/Type;Ljava/lang/reflect/Type;)Ljava/lang/reflect/ParameterizedType;+6 java.base@23.0.1
j  sun.reflect.generics.visitor.Reifier.visitClassTypeSignature(Lsun/reflect/generics/tree/ClassTypeSignature;)V+264 java.base@23.0.1
j  sun.reflect.generics.tree.ClassTypeSignature.accept(Lsun/reflect/generics/visitor/TypeTreeVisitor;)V+2 java.base@23.0.1
j  sun.reflect.generics.repository.FieldRepository.computeGenericType()Ljava/lang/reflect/Type;+13 java.base@23.0.1
j  sun.reflect.generics.repository.FieldRepository.getGenericType()Ljava/lang/reflect/Type;+10 java.base@23.0.1
j  java.lang.reflect.Field.getGenericType()Ljava/lang/reflect/Type;+11 java.base@23.0.1
j  com.beust.jcommander.Parameterized.getGenericType()Ljava/lang/reflect/Type;+21
j  com.beust.jcommander.JCommander.parseValues([Ljava/lang/String;Z)V+451
j  com.beust.jcommander.JCommander.parse(Z[Ljava/lang/String;)V+73
j  com.beust.jcommander.JCommander.parse([Ljava/lang/String;)V+3
j  com.beust.jcommander.JCommander.<init>(Ljava/lang/Object;[Ljava/lang/String;)V+7
j  com.intellij.rt.testng.RemoteTestNGStarter.main([Ljava/lang/String;)V+535
v  ~StubRoutines::call_stub 0x000001bd4de40fcd
Lock stack of current Java thread (top to bottom):

invokestatic  184 invokestatic  [0x000001bd4de59ce0, 0x000001bd4de59fc0]  736 bytes
[MachCode]
  0x000001bd4de59ce0: 4883 ec08 | c5fa 1104 | 24eb 1f48 | 83ec 10c5 | fb11 0424 | eb14 4883 | ec10 4889 | 0424 48c7 
  0x000001bd4de59d00: 4424 0800 | 0000 00eb | 0150 488b | 4dd0 410f | b755 0148 | 8b49 306b | d218 488d | 4c11 080f 
  0x000001bd4de59d20: b659 1681 | fbb8 0000 | 000f 84bd | 0000 00bb | b800 0000 | e805 0000 | 00e9 9900 | 0000 488b 
  0x000001bd4de59d40: d348 8d44 | 2408 4c89 | 6dc0 498b | cfc5 f877 | 4989 afb0 | 0300 0049 | 8987 a003 | 0000 4883 
  0x000001bd4de59d60: ec20 40f6 | c40f 0f84 | 1900 0000 | 4883 ec08 | 48b8 6051 | 2d6f fb7f | 0000 ffd0 | 4883 c408 
  0x000001bd4de59d80: e90c 0000 | 0048 b860 | 512d 6ffb | 7f00 00ff | d048 83c4 | 2049 c787 | a003 0000 | 0000 0000 
  0x000001bd4de59da0: 49c7 87b0 | 0300 0000 | 0000 0049 | c787 a803 | 0000 0000 | 0000 c5f8 | 7749 837f | 0800 0f84 
  0x000001bd4de59dc0: 0500 0000 | e9f7 70fe | ff4c 8b6d | c04c 8b75 | c84e 8d74 | f500 c348 | 8b4d d041 | 0fb7 5501 
  0x000001bd4de59de0: 488b 4930 | 6bd2 1848 | 8d4c 1108 | 488b 1948 | 8b5b 0848 | 8b5b 0848 | 8b5b 1880 | bb31 0100 
  0x000001bd4de59e00: 0004 0f84 | 0d00 0000 | 4c3b bb38 | 0100 000f | 851a ffff | ff0f b651 | 1548 8b19 | 4c89 6dc0 
  0x000001bd4de59e20: 448b ea0f | b651 1449 | ba60 35b8 | 6ffb 7f00 | 0049 8b14 | d252 418b | d54c 8b6d | c048 8b45 
  0x000001bd4de59e40: d848 85c0 | 0f84 1200 | 0000 4883 | 4008 0148 | 8358 0800 | 4883 c010 | 4889 45d8 | 488b 45d8 
  0x000001bd4de59e60: 4885 c00f | 843d 0100 | 0080 78f0 | 0a0f 8533 | 0100 0048 | 83c0 084c | 8b68 f841 | 83ed 0041 
  0x000001bd4de59e80: 83fd 020f | 8c12 0100 | 004c 8b6b | 0845 0fb7 | 6d2e 4c2b | 2841 83ed | 014e 8b6c | ec08 4d85 
  0x000001bd4de59ea0: ed75 0ef6 | 4008 0175 | 58f0 4883 | 4808 01eb | 5045 8b6d | 0849 ba00 | 0000 5bbd | 0100 004d 
  0x000001bd4de59ec0: 03ea 4d8b | d54c 3368 | 0849 f7c5 | fcff ffff | 742f 41f6 | c502 7529 | 4883 7808 | 0074 1e48 
  0x000001bd4de59ee0: 8378 0801 | 7417 4d8b | ea4c 3368 | 0849 f7c5 | fcff ffff | 740b 4883 | 4808 02eb | 044c 8968 
  0x000001bd4de59f00: 0848 83c0 | 104c 8b68 | e841 83ed | 0241 83fd | 020f 8c84 | 0000 004c | 8b6b 0845 | 0fb7 6d2e 
  0x000001bd4de59f20: 4c2b 2841 | 83ed 014e | 8b6c ec08 | 4d85 ed75 | 0ef6 4008 | 0175 58f0 | 4883 4808 | 01eb 5045 
  0x000001bd4de59f40: 8b6d 0849 | ba00 0000 | 5bbd 0100 | 004d 03ea | 4d8b d54c | 3368 0849 | f7c5 fcff | ffff 742f 
  0x000001bd4de59f60: 41f6 c502 | 7529 4883 | 7808 0074 | 1e48 8378 | 0801 7417 | 4d8b ea4c | 3368 0849 | f7c5 fcff 
  0x000001bd4de59f80: ffff 740b | 4883 4808 | 02eb 044c | 8968 0848 | 83c0 104c | 8b68 d841 | 83ed 0441 | c1e5 0349 
  0x000001bd4de59fa0: 03c5 4889 | 45d8 4c8d | 6c24 0849 | 8bcd 482b | cd48 c1f9 | 0348 894d | f0ff 6350 | 0f1f 4000 
[/MachCode]

---------------  P R O C E S S  ---------------

Threads class SMR info:
_java_thread_list=0x000001bda04102a0, length=13, elements={
0x000001bd3e1e4150, 0x000001bd5afb5ae0, 0x000001bd5afb6900, 0x000001bd5afbb640,
0x000001bd5afbc0a0, 0x000001bd5afbd2a0, 0x000001bd5afc3f80, 0x000001bd5afc50c0,
0x000001bd5afcaad0, 0x000001bda00b5c00, 0x000001bda01a73b0, 0x000001bda02c8de0,
0x000001bda04108b0
}

Java Threads: ( => current thread )
=>0x000001bd3e1e4150 JavaThread "main"                              [_thread_in_vm, id=17028, stack(0x0000001557b00000,0x0000001557c00000) (1024K)]
  0x000001bd5afb5ae0 JavaThread "Reference Handler"          daemon [_thread_blocked, id=1380, stack(0x0000001558300000,0x0000001558400000) (1024K)]
  0x000001bd5afb6900 JavaThread "Finalizer"                  daemon [_thread_blocked, id=8204, stack(0x0000001558400000,0x0000001558500000) (1024K)]
  0x000001bd5afbb640 JavaThread "Signal Dispatcher"          daemon [_thread_blocked, id=12488, stack(0x0000001558500000,0x0000001558600000) (1024K)]
  0x000001bd5afbc0a0 JavaThread "Attach Listener"            daemon [_thread_blocked, id=2188, stack(0x0000001558600000,0x0000001558700000) (1024K)]
  0x000001bd5afbd2a0 JavaThread "Service Thread"             daemon [_thread_blocked, id=3752, stack(0x0000001558700000,0x0000001558800000) (1024K)]
  0x000001bd5afc3f80 JavaThread "Monitor Deflation Thread"   daemon [_thread_blocked, id=1216, stack(0x0000001558800000,0x0000001558900000) (1024K)]
  0x000001bd5afc50c0 JavaThread "C2 CompilerThread0"         daemon [_thread_blocked, id=552, stack(0x0000001558900000,0x0000001558a00000) (1024K)]
  0x000001bd5afcaad0 JavaThread "C1 CompilerThread0"         daemon [_thread_blocked, id=10784, stack(0x0000001558a00000,0x0000001558b00000) (1024K)]
  0x000001bda00b5c00 JavaThread "Common-Cleaner"             daemon [_thread_blocked, id=2948, stack(0x0000001558b00000,0x0000001558c00000) (1024K)]
  0x000001bda01a73b0 JavaThread "Monitor Ctrl-Break"         daemon [_thread_in_native, id=17280, stack(0x0000001558c00000,0x0000001558d00000) (1024K)]
  0x000001bda02c8de0 JavaThread "Notification Thread"        daemon [_thread_blocked, id=15788, stack(0x0000001558d00000,0x0000001558e00000) (1024K)]
  0x000001bda04108b0 JavaThread "C2 CompilerThread1"         daemon [_thread_blocked, id=16584, stack(0x0000001558e00000,0x0000001558f00000) (1024K)]
Total: 13

Other Threads:
  0x000001bd5af9b3b0 VMThread "VM Thread"                           [id=1240, stack(0x0000001558200000,0x0000001558300000) (1024K)]
  0x000001bd5af8a8a0 WatcherThread "VM Periodic Task Thread"        [id=8392, stack(0x0000001558100000,0x0000001558200000) (1024K)]
  0x000001bd3e23df00 WorkerThread "GC Thread#0"                     [id=9040, stack(0x0000001557c00000,0x0000001557d00000) (1024K)]
  0x000001bd3e252b60 ConcurrentGCThread "G1 Main Marker"            [id=9256, stack(0x0000001557d00000,0x0000001557e00000) (1024K)]
  0x000001bd3e254d30 WorkerThread "G1 Conc#0"                       [id=5032, stack(0x0000001557e00000,0x0000001557f00000) (1024K)]
  0x000001bd3e29eb00 ConcurrentGCThread "G1 Refine#0"               [id=11188, stack(0x0000001557f00000,0x0000001558000000) (1024K)]
  0x000001bd5ae527d0 ConcurrentGCThread "G1 Service"                [id=14140, stack(0x0000001558000000,0x0000001558100000) (1024K)]
Total: 7

Threads with active compile tasks:
Total: 0

VM state: not at safepoint (normal execution)

VM Mutex/Monitor currently owned by a thread:  ([mutex/lock_event])
[0x00007ffb6fb71890] Metaspace_lock - owner thread: 0x000001bd3e1e4150

Heap address: 0x0000000081e00000, size: 2018 MB, Compressed Oops mode: 32-bit

CDS archive(s) mapped at: [0x000001bd5b000000-0x000001bd5bd70000-0x000001bd5bd70000), size 14090240, SharedBaseAddress: 0x000001bd5b000000, ArchiveRelocationMode: 1.
Compressed class space mapped at: 0x000001bd5c000000-0x000001bd9c000000, reserved size: 1073741824
Narrow klass base: 0x000001bd5b000000, Narrow klass shift: 0, Narrow klass range: 0x41000000

GC Precious Log:
 CardTable entry size: 512
 Card Set container configuration: InlinePtr #cards 5 size 8 Array Of Cards #cards 10 size 36 Howl #buckets 4 coarsen threshold 1843 Howl Bitmap #cards 512 size 80 coarsen threshold 460 Card regions per heap region 1 cards per card region 2048
 CPUs: 8 total, 8 available
 Memory: 8068M
 Large Page Support: Disabled
 NUMA Support: Disabled
 Compressed Oops: Enabled (32-bit)
 Heap Region Size: 1M
 Heap Min Capacity: 8M
 Heap Initial Capacity: 128M
 Heap Max Capacity: 2018M
 Pre-touch: Disabled
 Parallel Workers: 8
 Concurrent Workers: 2
 Concurrent Refinement Workers: 8
 Periodic GC: Disabled

Heap:
 garbage-first heap   total reserved 2066432K, committed 131072K, used 15360K [0x0000000081e00000, 0x0000000100000000)
  region size 1024K, 15 young (15360K), 0 survivors (0K)
 Metaspace       used 4468K, committed 4672K, reserved 1114112K
  class space    used 452K, committed 576K, reserved 1048576K

Heap Regions: E=young(eden), S=young(survivor), O=old, HS=humongous(starts), HC=humongous(continues), CS=collection set, F=free, TAMS=top-at-mark-start, PB=parsable bottom
|   0|0x0000000081e00000, 0x0000000081f00000, 0x0000000081f00000|100%|HS|  |TAMS 0x0000000081e00000| PB 0x0000000081e00000| Complete |  0
|   1|0x0000000081f00000, 0x0000000082000000, 0x0000000082000000|100%|HS|  |TAMS 0x0000000081f00000| PB 0x0000000081f00000| Complete |  0
|   2|0x0000000082000000, 0x0000000082000000, 0x0000000082100000|  0%| F|  |TAMS 0x0000000082000000| PB 0x0000000082000000| Untracked |  0
|   3|0x0000000082100000, 0x0000000082100000, 0x0000000082200000|  0%| F|  |TAMS 0x0000000082100000| PB 0x0000000082100000| Untracked |  0
|   4|0x0000000082200000, 0x0000000082200000, 0x0000000082300000|  0%| F|  |TAMS 0x0000000082200000| PB 0x0000000082200000| Untracked |  0
|   5|0x0000000082300000, 0x0000000082300000, 0x0000000082400000|  0%| F|  |TAMS 0x0000000082300000| PB 0x0000000082300000| Untracked |  0
|   6|0x0000000082400000, 0x0000000082400000, 0x0000000082500000|  0%| F|  |TAMS 0x0000000082400000| PB 0x0000000082400000| Untracked |  0
|   7|0x0000000082500000, 0x0000000082500000, 0x0000000082600000|  0%| F|  |TAMS 0x0000000082500000| PB 0x0000000082500000| Untracked |  0
|   8|0x0000000082600000, 0x0000000082600000, 0x0000000082700000|  0%| F|  |TAMS 0x0000000082600000| PB 0x0000000082600000| Untracked |  0
|   9|0x0000000082700000, 0x0000000082700000, 0x0000000082800000|  0%| F|  |TAMS 0x0000000082700000| PB 0x0000000082700000| Untracked |  0
|  10|0x0000000082800000, 0x0000000082800000, 0x0000000082900000|  0%| F|  |TAMS 0x0000000082800000| PB 0x0000000082800000| Untracked |  0
|  11|0x0000000082900000, 0x0000000082900000, 0x0000000082a00000|  0%| F|  |TAMS 0x0000000082900000| PB 0x0000000082900000| Untracked |  0
|  12|0x0000000082a00000, 0x0000000082a00000, 0x0000000082b00000|  0%| F|  |TAMS 0x0000000082a00000| PB 0x0000000082a00000| Untracked |  0
|  13|0x0000000082b00000, 0x0000000082b00000, 0x0000000082c00000|  0%| F|  |TAMS 0x0000000082b00000| PB 0x0000000082b00000| Untracked |  0
|  14|0x0000000082c00000, 0x0000000082c00000, 0x0000000082d00000|  0%| F|  |TAMS 0x0000000082c00000| PB 0x0000000082c00000| Untracked |  0
|  15|0x0000000082d00000, 0x0000000082d00000, 0x0000000082e00000|  0%| F|  |TAMS 0x0000000082d00000| PB 0x0000000082d00000| Untracked |  0
|  16|0x0000000082e00000, 0x0000000082e00000, 0x0000000082f00000|  0%| F|  |TAMS 0x0000000082e00000| PB 0x0000000082e00000| Untracked |  0
|  17|0x0000000082f00000, 0x0000000082f00000, 0x0000000083000000|  0%| F|  |TAMS 0x0000000082f00000| PB 0x0000000082f00000| Untracked |  0
|  18|0x0000000083000000, 0x0000000083000000, 0x0000000083100000|  0%| F|  |TAMS 0x0000000083000000| PB 0x0000000083000000| Untracked |  0
|  19|0x0000000083100000, 0x0000000083100000, 0x0000000083200000|  0%| F|  |TAMS 0x0000000083100000| PB 0x0000000083100000| Untracked |  0
|  20|0x0000000083200000, 0x0000000083200000, 0x0000000083300000|  0%| F|  |TAMS 0x0000000083200000| PB 0x0000000083200000| Untracked |  0
|  21|0x0000000083300000, 0x0000000083300000, 0x0000000083400000|  0%| F|  |TAMS 0x0000000083300000| PB 0x0000000083300000| Untracked |  0
|  22|0x0000000083400000, 0x0000000083400000, 0x0000000083500000|  0%| F|  |TAMS 0x0000000083400000| PB 0x0000000083400000| Untracked |  0
|  23|0x0000000083500000, 0x0000000083500000, 0x0000000083600000|  0%| F|  |TAMS 0x0000000083500000| PB 0x0000000083500000| Untracked |  0
|  24|0x0000000083600000, 0x0000000083600000, 0x0000000083700000|  0%| F|  |TAMS 0x0000000083600000| PB 0x0000000083600000| Untracked |  0
|  25|0x0000000083700000, 0x0000000083700000, 0x0000000083800000|  0%| F|  |TAMS 0x0000000083700000| PB 0x0000000083700000| Untracked |  0
|  26|0x0000000083800000, 0x0000000083800000, 0x0000000083900000|  0%| F|  |TAMS 0x0000000083800000| PB 0x0000000083800000| Untracked |  0
|  27|0x0000000083900000, 0x0000000083900000, 0x0000000083a00000|  0%| F|  |TAMS 0x0000000083900000| PB 0x0000000083900000| Untracked |  0
|  28|0x0000000083a00000, 0x0000000083a00000, 0x0000000083b00000|  0%| F|  |TAMS 0x0000000083a00000| PB 0x0000000083a00000| Untracked |  0
|  29|0x0000000083b00000, 0x0000000083b00000, 0x0000000083c00000|  0%| F|  |TAMS 0x0000000083b00000| PB 0x0000000083b00000| Untracked |  0
|  30|0x0000000083c00000, 0x0000000083c00000, 0x0000000083d00000|  0%| F|  |TAMS 0x0000000083c00000| PB 0x0000000083c00000| Untracked |  0
|  31|0x0000000083d00000, 0x0000000083d00000, 0x0000000083e00000|  0%| F|  |TAMS 0x0000000083d00000| PB 0x0000000083d00000| Untracked |  0
|  32|0x0000000083e00000, 0x0000000083e00000, 0x0000000083f00000|  0%| F|  |TAMS 0x0000000083e00000| PB 0x0000000083e00000| Untracked |  0
|  33|0x0000000083f00000, 0x0000000083f00000, 0x0000000084000000|  0%| F|  |TAMS 0x0000000083f00000| PB 0x0000000083f00000| Untracked |  0
|  34|0x0000000084000000, 0x0000000084000000, 0x0000000084100000|  0%| F|  |TAMS 0x0000000084000000| PB 0x0000000084000000| Untracked |  0
|  35|0x0000000084100000, 0x0000000084100000, 0x0000000084200000|  0%| F|  |TAMS 0x0000000084100000| PB 0x0000000084100000| Untracked |  0
|  36|0x0000000084200000, 0x0000000084200000, 0x0000000084300000|  0%| F|  |TAMS 0x0000000084200000| PB 0x0000000084200000| Untracked |  0
|  37|0x0000000084300000, 0x0000000084300000, 0x0000000084400000|  0%| F|  |TAMS 0x0000000084300000| PB 0x0000000084300000| Untracked |  0
|  38|0x0000000084400000, 0x0000000084400000, 0x0000000084500000|  0%| F|  |TAMS 0x0000000084400000| PB 0x0000000084400000| Untracked |  0
|  39|0x0000000084500000, 0x0000000084500000, 0x0000000084600000|  0%| F|  |TAMS 0x0000000084500000| PB 0x0000000084500000| Untracked |  0
|  40|0x0000000084600000, 0x0000000084600000, 0x0000000084700000|  0%| F|  |TAMS 0x0000000084600000| PB 0x0000000084600000| Untracked |  0
|  41|0x0000000084700000, 0x0000000084700000, 0x0000000084800000|  0%| F|  |TAMS 0x0000000084700000| PB 0x0000000084700000| Untracked |  0
|  42|0x0000000084800000, 0x0000000084800000, 0x0000000084900000|  0%| F|  |TAMS 0x0000000084800000| PB 0x0000000084800000| Untracked |  0
|  43|0x0000000084900000, 0x0000000084900000, 0x0000000084a00000|  0%| F|  |TAMS 0x0000000084900000| PB 0x0000000084900000| Untracked |  0
|  44|0x0000000084a00000, 0x0000000084a00000, 0x0000000084b00000|  0%| F|  |TAMS 0x0000000084a00000| PB 0x0000000084a00000| Untracked |  0
|  45|0x0000000084b00000, 0x0000000084b00000, 0x0000000084c00000|  0%| F|  |TAMS 0x0000000084b00000| PB 0x0000000084b00000| Untracked |  0
|  46|0x0000000084c00000, 0x0000000084c00000, 0x0000000084d00000|  0%| F|  |TAMS 0x0000000084c00000| PB 0x0000000084c00000| Untracked |  0
|  47|0x0000000084d00000, 0x0000000084d00000, 0x0000000084e00000|  0%| F|  |TAMS 0x0000000084d00000| PB 0x0000000084d00000| Untracked |  0
|  48|0x0000000084e00000, 0x0000000084e00000, 0x0000000084f00000|  0%| F|  |TAMS 0x0000000084e00000| PB 0x0000000084e00000| Untracked |  0
|  49|0x0000000084f00000, 0x0000000084f00000, 0x0000000085000000|  0%| F|  |TAMS 0x0000000084f00000| PB 0x0000000084f00000| Untracked |  0
|  50|0x0000000085000000, 0x0000000085000000, 0x0000000085100000|  0%| F|  |TAMS 0x0000000085000000| PB 0x0000000085000000| Untracked |  0
|  51|0x0000000085100000, 0x0000000085100000, 0x0000000085200000|  0%| F|  |TAMS 0x0000000085100000| PB 0x0000000085100000| Untracked |  0
|  52|0x0000000085200000, 0x0000000085200000, 0x0000000085300000|  0%| F|  |TAMS 0x0000000085200000| PB 0x0000000085200000| Untracked |  0
|  53|0x0000000085300000, 0x0000000085300000, 0x0000000085400000|  0%| F|  |TAMS 0x0000000085300000| PB 0x0000000085300000| Untracked |  0
|  54|0x0000000085400000, 0x0000000085400000, 0x0000000085500000|  0%| F|  |TAMS 0x0000000085400000| PB 0x0000000085400000| Untracked |  0
|  55|0x0000000085500000, 0x0000000085500000, 0x0000000085600000|  0%| F|  |TAMS 0x0000000085500000| PB 0x0000000085500000| Untracked |  0
|  56|0x0000000085600000, 0x0000000085600000, 0x0000000085700000|  0%| F|  |TAMS 0x0000000085600000| PB 0x0000000085600000| Untracked |  0
|  57|0x0000000085700000, 0x0000000085700000, 0x0000000085800000|  0%| F|  |TAMS 0x0000000085700000| PB 0x0000000085700000| Untracked |  0
|  58|0x0000000085800000, 0x0000000085800000, 0x0000000085900000|  0%| F|  |TAMS 0x0000000085800000| PB 0x0000000085800000| Untracked |  0
|  59|0x0000000085900000, 0x0000000085900000, 0x0000000085a00000|  0%| F|  |TAMS 0x0000000085900000| PB 0x0000000085900000| Untracked |  0
|  60|0x0000000085a00000, 0x0000000085a00000, 0x0000000085b00000|  0%| F|  |TAMS 0x0000000085a00000| PB 0x0000000085a00000| Untracked |  0
|  61|0x0000000085b00000, 0x0000000085b00000, 0x0000000085c00000|  0%| F|  |TAMS 0x0000000085b00000| PB 0x0000000085b00000| Untracked |  0
|  62|0x0000000085c00000, 0x0000000085c00000, 0x0000000085d00000|  0%| F|  |TAMS 0x0000000085c00000| PB 0x0000000085c00000| Untracked |  0
|  63|0x0000000085d00000, 0x0000000085d00000, 0x0000000085e00000|  0%| F|  |TAMS 0x0000000085d00000| PB 0x0000000085d00000| Untracked |  0
|  64|0x0000000085e00000, 0x0000000085e00000, 0x0000000085f00000|  0%| F|  |TAMS 0x0000000085e00000| PB 0x0000000085e00000| Untracked |  0
|  65|0x0000000085f00000, 0x0000000085f00000, 0x0000000086000000|  0%| F|  |TAMS 0x0000000085f00000| PB 0x0000000085f00000| Untracked |  0
|  66|0x0000000086000000, 0x0000000086000000, 0x0000000086100000|  0%| F|  |TAMS 0x0000000086000000| PB 0x0000000086000000| Untracked |  0
|  67|0x0000000086100000, 0x0000000086100000, 0x0000000086200000|  0%| F|  |TAMS 0x0000000086100000| PB 0x0000000086100000| Untracked |  0
|  68|0x0000000086200000, 0x0000000086200000, 0x0000000086300000|  0%| F|  |TAMS 0x0000000086200000| PB 0x0000000086200000| Untracked |  0
|  69|0x0000000086300000, 0x0000000086300000, 0x0000000086400000|  0%| F|  |TAMS 0x0000000086300000| PB 0x0000000086300000| Untracked |  0
|  70|0x0000000086400000, 0x0000000086400000, 0x0000000086500000|  0%| F|  |TAMS 0x0000000086400000| PB 0x0000000086400000| Untracked |  0
|  71|0x0000000086500000, 0x0000000086500000, 0x0000000086600000|  0%| F|  |TAMS 0x0000000086500000| PB 0x0000000086500000| Untracked |  0
|  72|0x0000000086600000, 0x0000000086600000, 0x0000000086700000|  0%| F|  |TAMS 0x0000000086600000| PB 0x0000000086600000| Untracked |  0
|  73|0x0000000086700000, 0x0000000086700000, 0x0000000086800000|  0%| F|  |TAMS 0x0000000086700000| PB 0x0000000086700000| Untracked |  0
|  74|0x0000000086800000, 0x0000000086800000, 0x0000000086900000|  0%| F|  |TAMS 0x0000000086800000| PB 0x0000000086800000| Untracked |  0
|  75|0x0000000086900000, 0x0000000086900000, 0x0000000086a00000|  0%| F|  |TAMS 0x0000000086900000| PB 0x0000000086900000| Untracked |  0
|  76|0x0000000086a00000, 0x0000000086a00000, 0x0000000086b00000|  0%| F|  |TAMS 0x0000000086a00000| PB 0x0000000086a00000| Untracked |  0
|  77|0x0000000086b00000, 0x0000000086b00000, 0x0000000086c00000|  0%| F|  |TAMS 0x0000000086b00000| PB 0x0000000086b00000| Untracked |  0
|  78|0x0000000086c00000, 0x0000000086c00000, 0x0000000086d00000|  0%| F|  |TAMS 0x0000000086c00000| PB 0x0000000086c00000| Untracked |  0
|  79|0x0000000086d00000, 0x0000000086d00000, 0x0000000086e00000|  0%| F|  |TAMS 0x0000000086d00000| PB 0x0000000086d00000| Untracked |  0
|  80|0x0000000086e00000, 0x0000000086e00000, 0x0000000086f00000|  0%| F|  |TAMS 0x0000000086e00000| PB 0x0000000086e00000| Untracked |  0
|  81|0x0000000086f00000, 0x0000000086f00000, 0x0000000087000000|  0%| F|  |TAMS 0x0000000086f00000| PB 0x0000000086f00000| Untracked |  0
|  82|0x0000000087000000, 0x0000000087000000, 0x0000000087100000|  0%| F|  |TAMS 0x0000000087000000| PB 0x0000000087000000| Untracked |  0
|  83|0x0000000087100000, 0x0000000087100000, 0x0000000087200000|  0%| F|  |TAMS 0x0000000087100000| PB 0x0000000087100000| Untracked |  0
|  84|0x0000000087200000, 0x0000000087200000, 0x0000000087300000|  0%| F|  |TAMS 0x0000000087200000| PB 0x0000000087200000| Untracked |  0
|  85|0x0000000087300000, 0x0000000087300000, 0x0000000087400000|  0%| F|  |TAMS 0x0000000087300000| PB 0x0000000087300000| Untracked |  0
|  86|0x0000000087400000, 0x0000000087400000, 0x0000000087500000|  0%| F|  |TAMS 0x0000000087400000| PB 0x0000000087400000| Untracked |  0
|  87|0x0000000087500000, 0x0000000087500000, 0x0000000087600000|  0%| F|  |TAMS 0x0000000087500000| PB 0x0000000087500000| Untracked |  0
|  88|0x0000000087600000, 0x0000000087600000, 0x0000000087700000|  0%| F|  |TAMS 0x0000000087600000| PB 0x0000000087600000| Untracked |  0
|  89|0x0000000087700000, 0x0000000087700000, 0x0000000087800000|  0%| F|  |TAMS 0x0000000087700000| PB 0x0000000087700000| Untracked |  0
|  90|0x0000000087800000, 0x0000000087800000, 0x0000000087900000|  0%| F|  |TAMS 0x0000000087800000| PB 0x0000000087800000| Untracked |  0
|  91|0x0000000087900000, 0x0000000087900000, 0x0000000087a00000|  0%| F|  |TAMS 0x0000000087900000| PB 0x0000000087900000| Untracked |  0
|  92|0x0000000087a00000, 0x0000000087a00000, 0x0000000087b00000|  0%| F|  |TAMS 0x0000000087a00000| PB 0x0000000087a00000| Untracked |  0
|  93|0x0000000087b00000, 0x0000000087b00000, 0x0000000087c00000|  0%| F|  |TAMS 0x0000000087b00000| PB 0x0000000087b00000| Untracked |  0
|  94|0x0000000087c00000, 0x0000000087c00000, 0x0000000087d00000|  0%| F|  |TAMS 0x0000000087c00000| PB 0x0000000087c00000| Untracked |  0
|  95|0x0000000087d00000, 0x0000000087d00000, 0x0000000087e00000|  0%| F|  |TAMS 0x0000000087d00000| PB 0x0000000087d00000| Untracked |  0
|  96|0x0000000087e00000, 0x0000000087e00000, 0x0000000087f00000|  0%| F|  |TAMS 0x0000000087e00000| PB 0x0000000087e00000| Untracked |  0
|  97|0x0000000087f00000, 0x0000000087f00000, 0x0000000088000000|  0%| F|  |TAMS 0x0000000087f00000| PB 0x0000000087f00000| Untracked |  0
|  98|0x0000000088000000, 0x0000000088000000, 0x0000000088100000|  0%| F|  |TAMS 0x0000000088000000| PB 0x0000000088000000| Untracked |  0
|  99|0x0000000088100000, 0x0000000088100000, 0x0000000088200000|  0%| F|  |TAMS 0x0000000088100000| PB 0x0000000088100000| Untracked |  0
| 100|0x0000000088200000, 0x0000000088200000, 0x0000000088300000|  0%| F|  |TAMS 0x0000000088200000| PB 0x0000000088200000| Untracked |  0
| 101|0x0000000088300000, 0x0000000088300000, 0x0000000088400000|  0%| F|  |TAMS 0x0000000088300000| PB 0x0000000088300000| Untracked |  0
| 102|0x0000000088400000, 0x0000000088400000, 0x0000000088500000|  0%| F|  |TAMS 0x0000000088400000| PB 0x0000000088400000| Untracked |  0
| 103|0x0000000088500000, 0x0000000088500000, 0x0000000088600000|  0%| F|  |TAMS 0x0000000088500000| PB 0x0000000088500000| Untracked |  0
| 104|0x0000000088600000, 0x0000000088600000, 0x0000000088700000|  0%| F|  |TAMS 0x0000000088600000| PB 0x0000000088600000| Untracked |  0
| 105|0x0000000088700000, 0x0000000088700000, 0x0000000088800000|  0%| F|  |TAMS 0x0000000088700000| PB 0x0000000088700000| Untracked |  0
| 106|0x0000000088800000, 0x0000000088800000, 0x0000000088900000|  0%| F|  |TAMS 0x0000000088800000| PB 0x0000000088800000| Untracked |  0
| 107|0x0000000088900000, 0x0000000088900000, 0x0000000088a00000|  0%| F|  |TAMS 0x0000000088900000| PB 0x0000000088900000| Untracked |  0
| 108|0x0000000088a00000, 0x0000000088a00000, 0x0000000088b00000|  0%| F|  |TAMS 0x0000000088a00000| PB 0x0000000088a00000| Untracked |  0
| 109|0x0000000088b00000, 0x0000000088b00000, 0x0000000088c00000|  0%| F|  |TAMS 0x0000000088b00000| PB 0x0000000088b00000| Untracked |  0
| 110|0x0000000088c00000, 0x0000000088c00000, 0x0000000088d00000|  0%| F|  |TAMS 0x0000000088c00000| PB 0x0000000088c00000| Untracked |  0
| 111|0x0000000088d00000, 0x0000000088d00000, 0x0000000088e00000|  0%| F|  |TAMS 0x0000000088d00000| PB 0x0000000088d00000| Untracked |  0
| 112|0x0000000088e00000, 0x0000000088e00000, 0x0000000088f00000|  0%| F|  |TAMS 0x0000000088e00000| PB 0x0000000088e00000| Untracked |  0
| 113|0x0000000088f00000, 0x0000000088f82560, 0x0000000089000000| 50%| E|  |TAMS 0x0000000088f00000| PB 0x0000000088f00000| Complete |  0
| 114|0x0000000089000000, 0x0000000089100000, 0x0000000089100000|100%| E|CS|TAMS 0x0000000089000000| PB 0x0000000089000000| Complete |  0
| 115|0x0000000089100000, 0x0000000089200000, 0x0000000089200000|100%| E|CS|TAMS 0x0000000089100000| PB 0x0000000089100000| Complete |  0
| 116|0x0000000089200000, 0x0000000089300000, 0x0000000089300000|100%| E|CS|TAMS 0x0000000089200000| PB 0x0000000089200000| Complete |  0
| 117|0x0000000089300000, 0x0000000089400000, 0x0000000089400000|100%| E|CS|TAMS 0x0000000089300000| PB 0x0000000089300000| Complete |  0
| 118|0x0000000089400000, 0x0000000089500000, 0x0000000089500000|100%| E|CS|TAMS 0x0000000089400000| PB 0x0000000089400000| Complete |  0
| 119|0x0000000089500000, 0x0000000089600000, 0x0000000089600000|100%| E|CS|TAMS 0x0000000089500000| PB 0x0000000089500000| Complete |  0
| 120|0x0000000089600000, 0x0000000089700000, 0x0000000089700000|100%| E|  |TAMS 0x0000000089600000| PB 0x0000000089600000| Complete |  0
| 121|0x0000000089700000, 0x0000000089800000, 0x0000000089800000|100%| E|CS|TAMS 0x0000000089700000| PB 0x0000000089700000| Complete |  0
| 122|0x0000000089800000, 0x0000000089900000, 0x0000000089900000|100%| E|CS|TAMS 0x0000000089800000| PB 0x0000000089800000| Complete |  0
| 123|0x0000000089900000, 0x0000000089a00000, 0x0000000089a00000|100%| E|CS|TAMS 0x0000000089900000| PB 0x0000000089900000| Complete |  0
| 124|0x0000000089a00000, 0x0000000089b00000, 0x0000000089b00000|100%| E|CS|TAMS 0x0000000089a00000| PB 0x0000000089a00000| Complete |  0
| 125|0x0000000089b00000, 0x0000000089c00000, 0x0000000089c00000|100%| E|CS|TAMS 0x0000000089b00000| PB 0x0000000089b00000| Complete |  0
| 126|0x0000000089c00000, 0x0000000089d00000, 0x0000000089d00000|100%| E|CS|TAMS 0x0000000089c00000| PB 0x0000000089c00000| Complete |  0
| 127|0x0000000089d00000, 0x0000000089e00000, 0x0000000089e00000|100%| E|CS|TAMS 0x0000000089d00000| PB 0x0000000089d00000| Complete |  0

Card table byte_map: [0x000001bd56150000,0x000001bd56550000] _byte_map_base: 0x000001bd55d41000

Marking Bits: (CMBitMap*) 0x000001bd3e23e520
 Bits: [0x000001bd56550000, 0x000001bd584d8000)

Polling page: 0x000001bd3bfa0000

Metaspace:

Usage:
  Non-class:      3.92 MB used.
      Class:    452.79 KB used.
       Both:      4.36 MB used.

Virtual space:
  Non-class space:       64.00 MB reserved,       4.00 MB (  6%) committed,  1 nodes.
      Class space:        1.00 GB reserved,     576.00 KB ( <1%) committed,  1 nodes.
             Both:        1.06 GB reserved,       4.56 MB ( <1%) committed. 

Chunk freelists:
   Non-Class:  11.37 MB
       Class:  15.50 MB
        Both:  26.86 MB

MaxMetaspaceSize: unlimited
CompressedClassSpaceSize: 1.00 GB
Initial GC threshold: 21.00 MB
Current GC threshold: 21.00 MB
CDS: on
 - commit_granule_bytes: 65536.
 - commit_granule_words: 8192.
 - virtual_space_node_default_size: 8388608.
 - enlarge_chunks_in_place: 1.
 - use_allocation_guard: 0.


Internal statistics:

num_allocs_failed_limit: 0.
num_arena_births: 60.
num_arena_deaths: 0.
num_vsnodes_births: 2.
num_vsnodes_deaths: 0.
num_space_committed: 73.
num_space_uncommitted: 0.
num_chunks_returned_to_freelist: 0.
num_chunks_taken_from_freelist: 97.
num_chunk_merges: 0.
num_chunk_splits: 64.
num_chunks_enlarged: 46.
num_inconsistent_stats: 0.

CodeHeap 'non-profiled nmethods': size=120064Kb used=303Kb max_used=303Kb free=119760Kb
 bounds [0x000001bd4e3d0000, 0x000001bd4e640000, 0x000001bd55910000]
CodeHeap 'profiled nmethods': size=120000Kb used=926Kb max_used=926Kb free=119073Kb
 bounds [0x000001bd46910000, 0x000001bd46b80000, 0x000001bd4de40000]
CodeHeap 'non-nmethods': size=5696Kb used=1333Kb max_used=1352Kb free=4362Kb
 bounds [0x000001bd4de40000, 0x000001bd4e0b0000, 0x000001bd4e3d0000]
CodeCache: size=245760Kb, used=2562Kb, max_used=2581Kb, free=243195Kb
 total_blobs=1308, nmethods=860, adapters=354, full_count=0
Compilation: enabled, stopped_count=0, restarted_count=0

Compilation events (20 events):
Event: 0.665 Thread 0x000001bd5afcaad0 nmethod 852 0x000001bd469f3b88 code [0x000001bd469f3d20, 0x000001bd469f43e8]
Event: 0.665 Thread 0x000001bd5afcaad0  857       3       jdk.internal.classfile.impl.SplitConstantPool::utf8Entry (45 bytes)
Event: 0.666 Thread 0x000001bd5afcaad0 nmethod 857 0x000001bd469f4408 code [0x000001bd469f45a0, 0x000001bd469f4b00]
Event: 0.666 Thread 0x000001bd5afcaad0  855       3       jdk.internal.classfile.impl.AbstractPoolEntry$Utf8EntryImpl::hashCode (19 bytes)
Event: 0.666 Thread 0x000001bd5afcaad0 nmethod 855 0x000001bd469f4b88 code [0x000001bd469f4ca0, 0x000001bd469f4e28]
Event: 0.666 Thread 0x000001bd5afcaad0  848       3       jdk.internal.constant.MethodTypeDescImpl::parameterType (7 bytes)
Event: 0.666 Thread 0x000001bd5afcaad0 nmethod 848 0x000001bd469f4e88 code [0x000001bd469f4fa0, 0x000001bd469f50d8]
Event: 0.666 Thread 0x000001bd5afcaad0  851       3       jdk.internal.classfile.impl.AbstractPoolEntry::<init> (27 bytes)
Event: 0.666 Thread 0x000001bd5afcaad0 nmethod 851 0x000001bd469f5188 code [0x000001bd469f52a0, 0x000001bd469f5460]
Event: 0.666 Thread 0x000001bd5afcaad0  856       3       jdk.internal.classfile.impl.SplitConstantPool::tryFindUtf8 (111 bytes)
Event: 0.667 Thread 0x000001bd5afcaad0 nmethod 856 0x000001bd469f5488 code [0x000001bd469f56c0, 0x000001bd469f6378]
Event: 0.667 Thread 0x000001bda04108b0  860       4       java.util.HashMap$EntryIterator::next (5 bytes)
Event: 0.667 Thread 0x000001bd5afcaad0  850       3       java.util.ArrayList$Itr::<init> (26 bytes)
Event: 0.667 Thread 0x000001bd5afcaad0 nmethod 850 0x000001bd469f6408 code [0x000001bd469f6520, 0x000001bd469f66f8]
Event: 0.667 Thread 0x000001bd5afcaad0  853       1       jdk.internal.classfile.impl.LabelImpl::setBCI (6 bytes)
Event: 0.667 Thread 0x000001bd5afcaad0 nmethod 853 0x000001bd4e41af88 code [0x000001bd4e41b0a0, 0x000001bd4e41b168]
Event: 0.667 Thread 0x000001bd5afcaad0  862       3       com.beust.jcommander.JCommander::getPrefixDescriptionFor (77 bytes)
Event: 0.668 Thread 0x000001bd5afcaad0 nmethod 862 0x000001bd469f6788 code [0x000001bd469f69c0, 0x000001bd469f77f0]
Event: 0.668 Thread 0x000001bd5afcaad0  861       1       com.beust.jcommander.JCommander$Options::access$700 (5 bytes)
Event: 0.669 Thread 0x000001bd5afcaad0 nmethod 861 0x000001bd4e41b288 code [0x000001bd4e41b3a0, 0x000001bd4e41b450]

GC Heap History (0 events):
No events

Dll operation events (11 events):
Event: 0.014 Loaded shared library C:\Program Files\Java\jdk-23\bin\java.dll
Event: 0.016 Loaded shared library C:\Program Files\Java\jdk-23\bin\zip.dll
Event: 0.061 Loaded shared library C:\Program Files\Java\jdk-23\bin\jsvml.dll
Event: 0.196 Loaded shared library C:\Program Files\Java\jdk-23\bin\instrument.dll
Event: 0.203 Loaded shared library C:\Program Files\Java\jdk-23\bin\net.dll
Event: 0.206 Loaded shared library C:\Program Files\Java\jdk-23\bin\nio.dll
Event: 0.213 Loaded shared library C:\Program Files\Java\jdk-23\bin\zip.dll
Event: 0.225 Loaded shared library C:\Program Files\JetBrains\IntelliJ IDEA Community Edition 2024.3.2.2\bin\breakgen64.dll
Event: 0.238 Loaded shared library C:\Program Files\Java\jdk-23\bin\extnet.dll
Event: 0.393 Loaded shared library C:\Program Files\Java\jdk-23\bin\verify.dll
Event: 0.403 Loaded shared library C:\Program Files\Java\jdk-23\bin\jimage.dll

Deoptimization events (20 events):
Event: 0.620 Thread 0x000001bd3e1e4150 Uncommon trap: trap_request=0xffffffde fr.pc=0x000001bd4e3e0610 relative=0x00000000000004d0
Event: 0.620 Thread 0x000001bd3e1e4150 Uncommon trap: reason=class_check action=maybe_recompile pc=0x000001bd4e3e0610 method=java.util.HashMap.putVal(ILjava/lang/Object;Ljava/lang/Object;ZZ)Ljava/lang/Object; @ 253 c2
Event: 0.620 Thread 0x000001bd3e1e4150 DEOPT PACKING pc=0x000001bd4e3e0610 sp=0x0000001557bfeb40
Event: 0.620 Thread 0x000001bd3e1e4150 DEOPT UNPACKING pc=0x000001bd4de94402 sp=0x0000001557bfeb00 mode 2
Event: 0.631 Thread 0x000001bd3e1e4150 Uncommon trap: trap_request=0xffffffde fr.pc=0x000001bd4e3e0610 relative=0x00000000000004d0
Event: 0.631 Thread 0x000001bd3e1e4150 Uncommon trap: reason=class_check action=maybe_recompile pc=0x000001bd4e3e0610 method=java.util.HashMap.putVal(ILjava/lang/Object;Ljava/lang/Object;ZZ)Ljava/lang/Object; @ 253 c2
Event: 0.631 Thread 0x000001bd3e1e4150 DEOPT PACKING pc=0x000001bd4e3e0610 sp=0x0000001557bfeb40
Event: 0.631 Thread 0x000001bd3e1e4150 DEOPT UNPACKING pc=0x000001bd4de94402 sp=0x0000001557bfeb00 mode 2
Event: 0.631 Thread 0x000001bd3e1e4150 Uncommon trap: trap_request=0xffffffde fr.pc=0x000001bd4e3e0610 relative=0x00000000000004d0
Event: 0.631 Thread 0x000001bd3e1e4150 Uncommon trap: reason=class_check action=maybe_recompile pc=0x000001bd4e3e0610 method=java.util.HashMap.putVal(ILjava/lang/Object;Ljava/lang/Object;ZZ)Ljava/lang/Object; @ 253 c2
Event: 0.631 Thread 0x000001bd3e1e4150 DEOPT PACKING pc=0x000001bd4e3e0610 sp=0x0000001557bfeb40
Event: 0.631 Thread 0x000001bd3e1e4150 DEOPT UNPACKING pc=0x000001bd4de94402 sp=0x0000001557bfeb00 mode 2
Event: 0.631 Thread 0x000001bd3e1e4150 Uncommon trap: trap_request=0xffffffde fr.pc=0x000001bd4e3e0610 relative=0x00000000000004d0
Event: 0.631 Thread 0x000001bd3e1e4150 Uncommon trap: reason=class_check action=maybe_recompile pc=0x000001bd4e3e0610 method=java.util.HashMap.putVal(ILjava/lang/Object;Ljava/lang/Object;ZZ)Ljava/lang/Object; @ 253 c2
Event: 0.631 Thread 0x000001bd3e1e4150 DEOPT PACKING pc=0x000001bd4e3e0610 sp=0x0000001557bfeb40
Event: 0.631 Thread 0x000001bd3e1e4150 DEOPT UNPACKING pc=0x000001bd4de94402 sp=0x0000001557bfeb00 mode 2
Event: 0.658 Thread 0x000001bd3e1e4150 Uncommon trap: trap_request=0xffffffde fr.pc=0x000001bd4e40d3c0 relative=0x0000000000000280
Event: 0.658 Thread 0x000001bd3e1e4150 Uncommon trap: reason=class_check action=maybe_recompile pc=0x000001bd4e40d3c0 method=java.util.HashMap.getNode(Ljava/lang/Object;)Ljava/util/HashMap$Node; @ 63 c2
Event: 0.658 Thread 0x000001bd3e1e4150 DEOPT PACKING pc=0x000001bd4e40d3c0 sp=0x0000001557bff0b0
Event: 0.658 Thread 0x000001bd3e1e4150 DEOPT UNPACKING pc=0x000001bd4de94402 sp=0x0000001557bff018 mode 2

Classes loaded (20 events):
Event: 0.643 Loading class com/beust/jcommander/StringKey
Event: 0.643 Loading class com/beust/jcommander/StringKey done
Event: 0.648 Loading class jdk/internal/reflect/MethodHandleBooleanFieldAccessorImpl
Event: 0.648 Loading class jdk/internal/reflect/MethodHandleBooleanFieldAccessorImpl done
Event: 0.654 Loading class com/beust/jcommander/Strings
Event: 0.654 Loading class com/beust/jcommander/Strings done
Event: 0.657 Loading class com/beust/jcommander/FuzzyMap
Event: 0.657 Loading class com/beust/jcommander/FuzzyMap done
Event: 0.658 Loading class com/beust/jcommander/IParameterValidator2
Event: 0.658 Loading class com/beust/jcommander/IParameterValidator2 done
Event: 0.660 Loading class com/beust/jcommander/SubParameter
Event: 0.660 Loading class com/beust/jcommander/SubParameter done
Event: 0.661 Loading class jdk/internal/vm/annotation/Stable
Event: 0.661 Loading class jdk/internal/vm/annotation/Stable done
Event: 0.667 Loading class sun/reflect/generics/repository/FieldRepository
Event: 0.667 Loading class sun/reflect/generics/repository/AbstractRepository
Event: 0.668 Loading class sun/reflect/generics/repository/AbstractRepository done
Event: 0.668 Loading class sun/reflect/generics/repository/FieldRepository done
Event: 0.669 Loading class sun/reflect/generics/reflectiveObjects/ParameterizedTypeImpl
Event: 0.669 Loading class java/lang/reflect/ParameterizedType

Classes unloaded (0 events):
No events

Classes redefined (1 events):
Event: 0.253 Thread 0x000001bd5af9b3b0 redefined class name=java.lang.Throwable, count=1

Internal exceptions (10 events):
Event: 0.219 Thread 0x000001bd3e1e4150 Exception <a 'java/lang/NoSuchMethodError'{0x0000000089b7f540}: 'java.lang.Object java.lang.invoke.Invokers$Holder.invokeExact_MT(java.lang.Object, java.lang.Object, java.lang.Object, java.lang.Object, java.lang.Object)'> (0x0000000089b7f540) 
thrown [s\open\src\hotspot\share\interpreter\linkResolver.cpp, line 796]
Event: 0.240 Thread 0x000001bda01a73b0 Exception <a 'java/lang/NoSuchMethodError'{0x0000000089a1b1b0}: 'void java.lang.invoke.DirectMethodHandle$Holder.invokeStatic(java.lang.Object, java.lang.Object)'> (0x0000000089a1b1b0) 
thrown [s\open\src\hotspot\share\interpreter\linkResolver.cpp, line 796]
Event: 0.456 Thread 0x000001bd3e1e4150 Exception <a 'java/lang/NoClassDefFoundError'{0x00000000894b9950}: org/slf4j/impl/StaticLoggerBinder> (0x00000000894b9950) 
thrown [s\open\src\hotspot\share\classfile\systemDictionary.cpp, line 302]
Event: 0.483 Thread 0x000001bd3e1e4150 Exception <a 'java/lang/NoSuchMethodError'{0x000000008937a600}: 'int java.lang.invoke.DirectMethodHandle$Holder.invokeStaticInit(java.lang.Object, java.lang.Object)'> (0x000000008937a600) 
thrown [s\open\src\hotspot\share\interpreter\linkResolver.cpp, line 796]
Event: 0.603 Thread 0x000001bd3e1e4150 Exception <a 'java/lang/NoSuchMethodError'{0x0000000089049520}: 'void java.lang.invoke.DirectMethodHandle$Holder.invokeSpecial(java.lang.Object, java.lang.Object, java.lang.Object)'> (0x0000000089049520) 
thrown [s\open\src\hotspot\share\interpreter\linkResolver.cpp, line 796]
Event: 0.606 Thread 0x000001bd3e1e4150 Exception <a 'java/lang/NoSuchMethodError'{0x0000000089055150}: 'void java.lang.invoke.DirectMethodHandle$Holder.invokeStatic(java.lang.Object, int, java.lang.Object)'> (0x0000000089055150) 
thrown [s\open\src\hotspot\share\interpreter\linkResolver.cpp, line 796]
Event: 0.648 Thread 0x000001bd3e1e4150 Exception <a 'java/lang/NoSuchMethodError'{0x0000000088f36e08}: 'int java.lang.invoke.DirectMethodHandle$Holder.invokeSpecial(java.lang.Object, java.lang.Object, java.lang.Object)'> (0x0000000088f36e08) 
thrown [s\open\src\hotspot\share\interpreter\linkResolver.cpp, line 796]
Event: 0.649 Thread 0x000001bd3e1e4150 Exception <a 'java/lang/NoSuchMethodError'{0x0000000088f41510}: 'void java.lang.invoke.DelegatingMethodHandle$Holder.reinvoke_L(java.lang.Object, java.lang.Object, int)'> (0x0000000088f41510) 
thrown [s\open\src\hotspot\share\interpreter\linkResolver.cpp, line 796]
Event: 0.650 Thread 0x000001bd3e1e4150 Exception <a 'java/lang/NoSuchMethodError'{0x0000000088f47e90}: 'int java.lang.invoke.Invokers$Holder.invokeExact_MT(java.lang.Object, java.lang.Object, java.lang.Object)'> (0x0000000088f47e90) 
thrown [s\open\src\hotspot\share\interpreter\linkResolver.cpp, line 796]
Event: 0.666 Thread 0x000001bd3e1e4150 Exception <a 'java/lang/NoSuchMethodError'{0x0000000088f79b48}: 'void java.lang.invoke.Invokers$Holder.invokeExact_MT(java.lang.Object, java.lang.Object, java.lang.Object, java.lang.Object)'> (0x0000000088f79b48) 
thrown [s\open\src\hotspot\share\interpreter\linkResolver.cpp, line 796]

VM Operations (6 events):
Event: 0.168 Executing VM operation: HandshakeAllThreads (Deoptimize)
Event: 0.168 Executing VM operation: HandshakeAllThreads (Deoptimize) done
Event: 0.253 Executing VM operation: RedefineClasses
Event: 0.255 Executing VM operation: RedefineClasses done
Event: 0.522 Executing VM operation: HandshakeAllThreads (Deoptimize)
Event: 0.522 Executing VM operation: HandshakeAllThreads (Deoptimize) done

Memory protections (0 events):
No events

Nmethod flushes (0 events):
No events

Events (13 events):
Event: 0.041 Thread 0x000001bd3e1e4150 Thread added: 0x000001bd3e1e4150
Event: 0.056 Thread 0x000001bd3e1e4150 Thread added: 0x000001bd5afb5ae0
Event: 0.056 Thread 0x000001bd3e1e4150 Thread added: 0x000001bd5afb6900
Event: 0.057 Thread 0x000001bd3e1e4150 Thread added: 0x000001bd5afbb640
Event: 0.057 Thread 0x000001bd3e1e4150 Thread added: 0x000001bd5afbc0a0
Event: 0.057 Thread 0x000001bd3e1e4150 Thread added: 0x000001bd5afbd2a0
Event: 0.057 Thread 0x000001bd3e1e4150 Thread added: 0x000001bd5afc3f80
Event: 0.057 Thread 0x000001bd3e1e4150 Thread added: 0x000001bd5afc50c0
Event: 0.057 Thread 0x000001bd3e1e4150 Thread added: 0x000001bd5afcaad0
Event: 0.161 Thread 0x000001bd3e1e4150 Thread added: 0x000001bda00b5c00
Event: 0.226 Thread 0x000001bd3e1e4150 Thread added: 0x000001bda01a73b0
Event: 0.258 Thread 0x000001bd3e1e4150 Thread added: 0x000001bda02c8de0
Event: 0.329 Thread 0x000001bd5afcaad0 Thread added: 0x000001bda04108b0


Dynamic libraries:
0x00007ff6efe20000 - 0x00007ff6efe30000 	C:\Program Files\Java\jdk-23\bin\java.exe
0x00007ffbc2850000 - 0x00007ffbc2a48000 	C:\Windows\SYSTEM32\ntdll.dll
0x00007ffbc1ce0000 - 0x00007ffbc1da2000 	C:\Windows\System32\KERNEL32.DLL
0x00007ffbbff20000 - 0x00007ffbc021e000 	C:\Windows\System32\KERNELBASE.dll
0x00007ffbc0220000 - 0x00007ffbc0320000 	C:\Windows\System32\ucrtbase.dll
0x00007ffbb12c0000 - 0x00007ffbb12db000 	C:\Program Files\Java\jdk-23\bin\VCRUNTIME140.dll
0x00007ffbb5b50000 - 0x00007ffbb5b67000 	C:\Program Files\Java\jdk-23\bin\jli.dll
0x00007ffbc0880000 - 0x00007ffbc0a1d000 	C:\Windows\System32\USER32.dll
0x00007ffbaf030000 - 0x00007ffbaf2ca000 	C:\Windows\WinSxS\amd64_microsoft.windows.common-controls_6595b64144ccf1df_6.0.19041.4355_none_60b8b9eb71f62e16\COMCTL32.dll
0x00007ffbbfef0000 - 0x00007ffbbff12000 	C:\Windows\System32\win32u.dll
0x00007ffbc14f0000 - 0x00007ffbc158e000 	C:\Windows\System32\msvcrt.dll
0x00007ffbc0bc0000 - 0x00007ffbc0beb000 	C:\Windows\System32\GDI32.dll
0x00007ffbc0600000 - 0x00007ffbc0717000 	C:\Windows\System32\gdi32full.dll
0x00007ffbc0720000 - 0x00007ffbc07bd000 	C:\Windows\System32\msvcp_win.dll
0x00007ffbc0fa0000 - 0x00007ffbc0fcf000 	C:\Windows\System32\IMM32.DLL
0x00007ffbbced0000 - 0x00007ffbbcedc000 	C:\Program Files\Java\jdk-23\bin\vcruntime140_1.dll
0x00007ffbaaa00000 - 0x00007ffbaaa8e000 	C:\Program Files\Java\jdk-23\bin\msvcp140.dll
0x00007ffb6ef00000 - 0x00007ffb6fc4f000 	C:\Program Files\Java\jdk-23\bin\server\jvm.dll
0x00007ffbc0a20000 - 0x00007ffbc0ad1000 	C:\Windows\System32\ADVAPI32.dll
0x00007ffbc1a30000 - 0x00007ffbc1acf000 	C:\Windows\System32\sechost.dll
0x00007ffbc26e0000 - 0x00007ffbc2803000 	C:\Windows\System32\RPCRT4.dll
0x00007ffbc04d0000 - 0x00007ffbc04f7000 	C:\Windows\System32\bcrypt.dll
0x00007ffbc0ea0000 - 0x00007ffbc0f0b000 	C:\Windows\System32\WS2_32.dll
0x00007ffbbf430000 - 0x00007ffbbf47b000 	C:\Windows\SYSTEM32\POWRPROF.dll
0x00007ffbaef70000 - 0x00007ffbaef97000 	C:\Windows\SYSTEM32\WINMM.dll
0x00007ffbb3cc0000 - 0x00007ffbb3cca000 	C:\Windows\SYSTEM32\VERSION.dll
0x00007ffbbf2f0000 - 0x00007ffbbf302000 	C:\Windows\SYSTEM32\UMPDC.dll
0x00007ffbbde00000 - 0x00007ffbbde12000 	C:\Windows\SYSTEM32\kernel.appcore.dll
0x00007ffbba5e0000 - 0x00007ffbba5ea000 	C:\Program Files\Java\jdk-23\bin\jimage.dll
0x00007ffbbdbf0000 - 0x00007ffbbddd4000 	C:\Windows\SYSTEM32\DBGHELP.DLL
0x00007ffbaaf40000 - 0x00007ffbaaf74000 	C:\Windows\SYSTEM32\dbgcore.DLL
0x00007ffbc0500000 - 0x00007ffbc0582000 	C:\Windows\System32\bcryptPrimitives.dll
0x00007ffbbd280000 - 0x00007ffbbd28f000 	C:\Program Files\Java\jdk-23\bin\instrument.dll
0x00007ffbb0c80000 - 0x00007ffbb0c9e000 	C:\Program Files\Java\jdk-23\bin\java.dll
0x00007ffbc0c50000 - 0x00007ffbc0d7b000 	C:\Windows\System32\ole32.dll
0x00007ffbc1590000 - 0x00007ffbc18e3000 	C:\Windows\System32\combase.dll
0x00007ffbc1f70000 - 0x00007ffbc26dd000 	C:\Windows\System32\SHELL32.dll
0x00007ffbb0b20000 - 0x00007ffbb0b37000 	C:\Program Files\Java\jdk-23\bin\zip.dll
0x00007ffbbdf70000 - 0x00007ffbbe714000 	C:\Windows\SYSTEM32\windows.storage.dll
0x00007ffbbf920000 - 0x00007ffbbf94e000 	C:\Windows\SYSTEM32\Wldp.dll
0x00007ffbc1950000 - 0x00007ffbc1a1d000 	C:\Windows\System32\OLEAUT32.dll
0x00007ffbc1e40000 - 0x00007ffbc1eed000 	C:\Windows\System32\SHCORE.dll
0x00007ffbc0bf0000 - 0x00007ffbc0c45000 	C:\Windows\System32\shlwapi.dll
0x00007ffbbfe20000 - 0x00007ffbbfe44000 	C:\Windows\SYSTEM32\profapi.dll
0x00007ffb9c390000 - 0x00007ffb9c467000 	C:\Program Files\Java\jdk-23\bin\jsvml.dll
0x00007ffbb8790000 - 0x00007ffbb87a0000 	C:\Program Files\Java\jdk-23\bin\net.dll
0x00007ffbbf680000 - 0x00007ffbbf6ea000 	C:\Windows\system32\mswsock.dll
0x00007ffbb0c60000 - 0x00007ffbb0c76000 	C:\Program Files\Java\jdk-23\bin\nio.dll
0x00007ffbb5d10000 - 0x00007ffbb5d2a000 	C:\Program Files\JetBrains\IntelliJ IDEA Community Edition 2024.3.2.2\bin\breakgen64.dll
0x00007ffbb0b10000 - 0x00007ffbb0b19000 	C:\Program Files\Java\jdk-23\bin\extnet.dll
0x00007ffbbc7e0000 - 0x00007ffbbc7f0000 	C:\Program Files\Java\jdk-23\bin\verify.dll

dbghelp: loaded successfully - version: 4.0.5 - missing functions: none
symbol engine: initialized successfully - sym options: 0x614 - pdb path: .;C:\Program Files\Java\jdk-23\bin;C:\Windows\SYSTEM32;C:\Windows\WinSxS\amd64_microsoft.windows.common-controls_6595b64144ccf1df_6.0.19041.4355_none_60b8b9eb71f62e16;C:\Program Files\Java\jdk-23\bin\server;C:\Program Files\JetBrains\IntelliJ IDEA Community Edition 2024.3.2.2\bin

VM Arguments:
jvm_args: -ea -Didea.test.cyclic.buffer.size=1048576 -javaagent:C:\Program Files\JetBrains\IntelliJ IDEA Community Edition 2024.3.2.2\lib\idea_rt.jar=59505:C:\Program Files\JetBrains\IntelliJ IDEA Community Edition 2024.3.2.2\bin -javaagent:C:\Users\MAHMOU~1\AppData\Local\Temp\captureAgent6538jars\debugger-agent.jar -Dkotlinx.coroutines.debug.enable.creation.stack.trace=false -Ddebugger.agent.enable.coroutines=true -Dkotlinx.coroutines.debug.enable.flows.stack.trace=true -Dkotlinx.coroutines.debug.enable.mutable.state.flows.stack.trace=true -Dfile.encoding=UTF-8 -Dsun.stdout.encoding=UTF-8 -Dsun.stderr.encoding=UTF-8 
java_command: com.intellij.rt.testng.RemoteTestNGStarter -usedefaultlisteners false -socket59504 @w@C:\Users\MAHMOU~1\AppData\Local\Temp\idea_working_dirs_testng.tmp -temp C:\Users\MAHMOU~1\AppData\Local\Temp\idea_testng.tmp
java_class_path (initial): C:\Program Files\JetBrains\IntelliJ IDEA Community Edition 2024.3.2.2\lib\idea_rt.jar;C:\Program Files\JetBrains\IntelliJ IDEA Community Edition 2024.3.2.2\plugins\testng\lib\testng-rt.jar;C:\Users\Mahmoud Fouad\Pictures\SELSNIUM\LoginTestNGProject\target\test-classes;C:\Users\Mahmoud Fouad\Pictures\SELSNIUM\LoginTestNGProject\target\classes;C:\Users\Mahmoud Fouad\.m2\repository\org\seleniumhq\selenium\selenium-java\4.12.0\selenium-java-4.12.0.jar;C:\Users\Mahmoud Fouad\.m2\repository\org\seleniumhq\selenium\selenium-api\4.12.0\selenium-api-4.12.0.jar;C:\Users\Mahmoud Fouad\.m2\repository\org\seleniumhq\selenium\selenium-chrome-driver\4.12.0\selenium-chrome-driver-4.12.0.jar;C:\Users\Mahmoud Fouad\.m2\repository\com\google\auto\service\auto-service-annotations\1.1.1\auto-service-annotations-1.1.1.jar;C:\Users\Mahmoud Fouad\.m2\repository\com\google\guava\guava\32.1.2-jre\guava-32.1.2-jre.jar;C:\Users\Mahmoud Fouad\.m2\repository\com\google\guava\failureaccess\1.0.1\failureaccess-1.0.1.jar;C:\Users\Mahmoud Fouad\.m2\repository\com\google\guava\listenablefuture\9999.0-empty-to-avoid-conflict-with-guava\listenablefuture-9999.0-empty-to-avoid-conflict-with-guava.jar;C:\Users\Mahmoud Fouad\.m2\repository\com\google\code\findbugs\jsr305\3.0.2\jsr305-3.0.2.jar;C:\Users\Mahmoud Fouad\.m2\repository\org\checkerframework\checker-qual\3.33.0\checker-qual-3.33.0.jar;C:\Users\Mahmoud Fouad\.m2\repository\com\google\errorprone\error_prone_annotations\2.18.0\error_prone_annotations-2.18.0.jar;C:\Users\Mahmoud Fouad\.m2\repository\com\google\j2objc\j2objc-annotations\2.8\j2objc-annotations-2.8.jar;C:\Users\Mahmoud Fouad\.m2\repository\org\seleniumhq\selenium\selenium-chromium-driver\4.12.0\selenium-chromium-driver-4.12.0.jar;C:\Users\Mahmoud Fouad\.m2\repository\org\seleniumhq\selenium\selenium-json\4.12.0\selenium-json-4.12.0.jar;C:\Users\Mahmoud Fouad\.m2\repository\org\seleniumhq\selenium\selenium-manager\4.12.0\selenium-manager-4.12.0.jar;C:\Users\Mahmoud Fouad\.m2\repository\org\seleniumhq\selenium\selenium-devtools-v114\4.12.0\selenium-devtools-v114-4.12.0.jar;C:\Users\Mahmoud Fouad\.m2\repository\org\seleniumhq\selenium\selenium-devtools-v115\4.12.0\selenium-devtools-v115-4.12.0.jar;C:\Users\Mahmoud Fouad\.m2\repository\org\seleniumhq\selenium\selenium-devtools-v116\4.12.0\selenium-devtools-v116-4.12.0.jar;C:\Users\Mahmoud Fouad\.m2\repository\org\seleniumhq\selenium\selenium-devtools-v85\4.12.0\selenium-devtools-v85-4.12.0.jar;C:\Users\Mahmoud Fouad\.m2\repository\org\seleniumhq\selenium\selenium-edge-driver\4.12.0\selenium-edge-driver-4.12.0.jar;C:\Users\Mahmoud Fouad\.m2\repository\org\seleniumhq\selenium\selenium-firefox-driver\4.12.0\selenium-firefox-driver-4.12.0.jar;C:\Users\Mahmoud Fouad\.m2\repository\org\seleniumhq\selenium\selenium-http\4.12.0\selenium-http-4.12.0.jar;C:\Users\Mahmoud Fouad\.m2\repository\dev\failsafe\failsafe\3.3.2\failsafe-3.3.2.jar;C:\Users\Mahmoud Fouad\.m2\repository\org\seleniumhq\selenium\selenium-ie-driver\4.12.0\selenium-ie-driver-4.12.0.jar;C:\Users\Mahmoud Fouad\.m2\repository\org\seleniumhq\selenium\selenium-remote-driver\4.12.0\selenium-remote-driver-4.12.0.jar;C:\Users\Mahmoud Fouad\.m2\repository\io\netty\netty-buffer\4.1.96.Final\netty-buffer-4.1.96.Final.jar;C:\Users\Mahmoud Fouad\.m2\repository\io\netty\netty-codec-http\4.1.96.Final\netty-codec-http-4.1.96.Final.jar;C:\Users\Mahmoud Fouad\.m2\repository\io\netty\netty-codec\4.1.96.Final\netty-codec-4.1.96.Final.jar;C:\Users\Mahmoud Fouad\.m2\repository\io\netty\netty-handler\4.1.96.Final\netty-handler-4.1.96.Final.jar;C:\Users\Mahmoud Fouad\.m2\repository\io\netty\netty-common\4.1.96.Final\netty-common-4.1.96.Final.jar;C:\Users\Mahmoud Fouad\.m2\repository\io\netty\netty-transport-classes-epoll\4.1.96.Final\netty-transport-classes-epoll-4.1.96.Final.jar;C:\Users\Mahmoud Fouad\.m2\repository\io\netty\netty-transport-classes-kqueue\4.1.96.Final\netty-transport-classes-kqueue-4.1.96.Final.jar;C:\Users\Mahmoud Fouad\.m2\repository\io\netty\netty-transport-native-epoll\4.1.96.Final\netty-transport-native-epoll-4.1.96.Final.jar;C:\Users\Mahmoud Fouad\.m2\repository\io\netty\netty-transport-native-kqueue\4.1.96.Final\netty-transport-native-kqueue-4.1.96.Final.jar;C:\Users\Mahmoud Fouad\.m2\repository\io\netty\netty-transport-native-unix-common\4.1.96.Final\netty-transport-native-unix-common-4.1.96.Final.jar;C:\Users\Mahmoud Fouad\.m2\repository\io\netty\netty-transport\4.1.96.Final\netty-transport-4.1.96.Final.jar;C:\Users\Mahmoud Fouad\.m2\repository\io\netty\netty-resolver\4.1.96.Final\netty-resolver-4.1.96.Final.jar;C:\Users\Mahmoud Fouad\.m2\repository\io\opentelemetry\opentelemetry-api\1.28.0\opentelemetry-api-1.28.0.jar;C:\Users\Mahmoud Fouad\.m2\repository\io\opentelemetry\opentelemetry-context\1.28.0\opentelemetry-context-1.28.0.jar;C:\Users\Mahmoud Fouad\.m2\repository\io\opentelemetry\opentelemetry-exporter-logging\1.28.0\opentelemetry-exporter-logging-1.28.0.jar;C:\Users\Mahmoud Fouad\.m2\repository\io\opentelemetry\opentelemetry-sdk-metrics\1.28.0\opentelemetry-sdk-metrics-1.28.0.jar;C:\Users\Mahmoud Fouad\.m2\repository\io\opentelemetry\opentelemetry-extension-incubator\1.28.0-alpha\opentelemetry-extension-incubator-1.28.0-alpha.jar;C:\Users\Mahmoud Fouad\.m2\repository\io\opentelemetry\opentelemetry-sdk-logs\1.28.0\opentelemetry-sdk-logs-1.28.0.jar;C:\Users\Mahmoud Fouad\.m2\repository\io\opentelemetry\opentelemetry-sdk-common\1.28.0\opentelemetry-sdk-common-1.28.0.jar;C:\Users\Mahmoud Fouad\.m2\repository\io\opentelemetry\opentelemetry-sdk-extension-autoconfigure-spi\1.28.0\opentelemetry-sdk-extension-autoconfigure-spi-1.28.0.jar;C:\Users\Mahmoud Fouad\.m2\repository\io\opentelemetry\opentelemetry-sdk-extension-autoconfigure\1.28.0\opentelemetry-sdk-extension-autoconfigure-1.28.0.jar;C:\Users\Mahmoud Fouad\.m2\repository\io\opentelemetry\opentelemetry-api-events\1.28.0-alpha\opentelemetry-api-events-1.28.0-alpha.jar;C:\Users\Mahmoud Fouad\.m2\repository\io\opentelemetry\opentelemetry-sdk-trace\1.28.0\opentelemetry-sdk-trace-1.28.0.jar;C:\Users\Mahmoud Fouad\.m2\repository\io\opentelemetry\opentelemetry-sdk\1.28.0\opentelemetry-sdk-1.28.0.jar;C:\Users\Mahmoud Fouad\.m2\repository\io\opentelemetry\opentelemetry-semconv\1.28.0-alpha\opentelemetry-semconv-1.28.0-alpha.jar;C:\Users\Mahmoud Fouad\.m2\repository\net\bytebuddy\byte-buddy\1.14.5\byte-buddy-1.14.5.jar;C:\Users\Mahmoud Fouad\.m2\repository\org\asynchttpclient\async-http-client\2.12.3\async-http-client-2.12.3.jar;C:\Users\Mahmoud Fouad\.m2\repository\org\asynchttpclient\async-http-client-netty-utils\2.12.3\async-http-client-netty-utils-2.12.3.jar;C:\Users\Mahmoud Fouad\.m2\repository\io\netty\netty-codec-socks\4.1.60.Final\netty-codec-socks-4.1.60.Final.jar;C:\Users\Mahmoud Fouad\.m2\repository\io\netty\netty-handler-proxy\4.1.60.Final\netty-handler-proxy-4.1.60.Final.jar;C:\Users\Mahmoud Fouad\.m2\repository\io\netty\netty-transport-native-epoll\4.1.60.Final\netty-transport-native-epoll-4.1.60.Final-linux-x86_64.jar;C:\Users\Mahmoud Fouad\.m2\repository\io\netty\netty-transport-native-kqueue\4.1.60.Final\netty-transport-native-kqueue-4.1.60.Final-osx-x86_64.jar;C:\Users\Mahmoud Fouad\.m2\repository\org\reactivestreams\reactive-streams\1.0.3\reactive-streams-1.0.3.jar;C:\Users\Mahmoud Fouad\.m2\repository\com\typesafe\netty\netty-reactive-streams\2.0.4\netty-reactive-streams-2.0.4.jar;C:\Users\Mahmoud Fouad\.m2\repository\com\sun\activation\jakarta.activation\1.2.2\jakarta.activation-1.2.2.jar;C:\Users\Mahmoud Fouad\.m2\repository\org\seleniumhq\selenium\selenium-os\4.12.0\selenium-os-4.12.0.jar;C:\Users\Mahmoud Fouad\.m2\repository\org\apache\commons\commons-exec\1.3\commons-exec-1.3.jar;C:\Users\Mahmoud Fouad\.m2\repository\org\seleniumhq\selenium\selenium-safari-driver\4.12.0\selenium-safari-driver-4.12.0.jar;C:\Users\Mahmoud Fouad\.m2\repository\org\seleniumhq\selenium\selenium-support\4.12.0\selenium-support-4.12.0.jar;C:\Users\Mahmoud Fouad\.m2\repository\org\testng\testng\7.8.0\testng-7.8.0.jar;C:\Users\Mahmoud Fouad\.m2\repository\org\slf4j\slf4j-api\1.7.36\slf4j-api-1.7.36.jar;C:\Users\Mahmoud Fouad\.m2\repository\com\beust\jcommander\1.82\jcommander-1.82.jar;C:\Users\Mahmoud Fouad\.m2\repository\org\webjars\jquery\3.6.1\jquery-3.6.1.jar;C:\Users\Mahmoud Fouad\.m2\repository\com\google\code\gson\gson\2.10.1\gson-2.10.1.jar;C:\Users\Mahmoud Fouad\.m2\repository\com\github\docker-java\docker-java\3.3.3\docker-java-3.3.3.jar;C:\Users\Mahmoud Fouad\.m2\repository\com\github\docker-java\docker-java-core\3.3.3\docker-java-core-3.3.3.jar;C:\Users\Mahmoud Fouad\.m2\repository\com\github\docker-java\docker-java-api\3.3.3\docker-java-api-3.3.3.jar;C:\Users\Mahmoud Fouad\.m2\repository\com\fasterxml\jackson\core\jackson-annotations\2.10.3\jackson-annotations-2.10.3.jar;C:\Users\Mahmoud Fouad\.m2\repository\commons-io\commons-io\2.6\commons-io-2.6.jar;C:\Users\Mahmoud Fouad\.m2\repository\org\apache\commons\commons-compress\1.21\commons-compress-1.21.jar;C:\Users\Mahmoud Fouad\.m2\repository\com\fasterxml\jackson\core\jackson-databind\2.10.3\jackson-databind-2.10.3.jar;C:\Users\Mahmoud Fouad\.m2\repository\com\fasterxml\jackson\core\jackson-core\2.10.3\jackson-core-2.10.3.jar;C:\Users\Mahmoud Fouad\.m2\repository\org\bouncycastle\bcpkix-jdk18on\1.75\bcpkix-jdk18on-1.75.jar;C:\Users\Mahmoud Fouad\.m2\repository\org\bouncycastle\bcprov-jdk18on\1.75\bcprov-jdk18on-1.75.jar;C:\Users\Mahmoud Fouad\.m2\repository\org\bouncycastle\bcutil-jdk18on\1.75\bcutil-jdk18on-1.75.jar;C:\Users\Mahmoud Fouad\.m2\repository\org\slf4j\jcl-over-slf4j\1.7.30\jcl-over-slf4j-1.7.30.jar;C:\Users\Mahmoud Fouad\.m2\repository\com\github\docker-java\docker-java-transport-httpclient5\3.3.3\docker-java-transport-httpclient5-3.3.3.jar;C:\Users\Mahmoud Fouad\.m2\repository\com\github\docker-java\docker-java-transport\3.3.3\docker-java-transport-3.3.3.jar;C:\Users\Mahmoud Fouad\.m2\repository\net\java\dev\jna\jna\5.12.1\jna-5.12.1.jar;C:\Users\Mahmoud Fouad\.m2\repository\org\brotli\dec\0.1.2\dec-0.1.2.jar;C:\Users\Mahmoud Fouad\.m2\repository\org\apache\commons\commons-lang3\3.13.0\commons-lang3-3.13.0.jar;C:\Users\Mahmoud Fouad\.m2\repository\org\apache\httpcomponents\client5\httpclient5\5.2.1\httpclient5-5.2.1.jar;C:\Users\Mahmoud Fouad\.m2\repository\org\apache\httpcomponents\core5\httpcore5\5.2\httpcore5-5.2.jar;C:\Users\Mahmoud Fouad\.m2\repository\org\apache\httpcomponents\core5\httpcore5-h2\5.2\httpcore5-h2-5.2.jar
Launcher Type: SUN_STANDARD

[Global flags]
     intx CICompilerCount                          = 4                                         {product} {ergonomic}
     uint ConcGCThreads                            = 2                                         {product} {ergonomic}
     uint G1ConcRefinementThreads                  = 8                                         {product} {ergonomic}
   size_t G1HeapRegionSize                         = 1048576                                   {product} {ergonomic}
   size_t InitialHeapSize                          = 134217728                                 {product} {ergonomic}
   size_t MarkStackSize                            = 4194304                                   {product} {ergonomic}
   size_t MarkStackSizeMax                         = 536870912                                 {product} {ergonomic}
   size_t MaxHeapSize                              = 2116026368                                {product} {ergonomic}
   size_t MaxNewSize                               = 1268776960                                {product} {ergonomic}
   size_t MinHeapDeltaBytes                        = 1048576                                   {product} {ergonomic}
   size_t MinHeapSize                              = 8388608                                   {product} {ergonomic}
    uintx NonNMethodCodeHeapSize                   = 5832704                                {pd product} {ergonomic}
    uintx NonProfiledCodeHeapSize                  = 122945536                              {pd product} {ergonomic}
    uintx ProfiledCodeHeapSize                     = 122880000                              {pd product} {ergonomic}
    uintx ReservedCodeCacheSize                    = 251658240                              {pd product} {ergonomic}
     bool SegmentedCodeCache                       = true                                      {product} {ergonomic}
   size_t SoftMaxHeapSize                          = 2116026368                             {manageable} {ergonomic}
     bool UseCompressedOops                        = true                           {product lp64_product} {ergonomic}
     bool UseG1GC                                  = true                                      {product} {ergonomic}
     bool UseLargePagesIndividualAllocation        = false                                  {pd product} {ergonomic}

Logging:
Log output configuration:
 #0: stdout all=warning uptime,level,tags foldmultilines=false
 #1: stderr all=off uptime,level,tags foldmultilines=false

Environment Variables:
PATH=C:\Program Files\Common Files\Oracle\Java\javapath;C:\Program Files (x86)\Common Files\Intel\Shared Libraries\redist\intel64\compiler;C:\Windows\system32;C:\Windows;C:\Windows\System32\Wbem;C:\Windows\System32\WindowsPowerShell\v1.0\;C:\Windows\System32\OpenSSH\;C:\Program Files\dotnet\;\msys64\mingw64\bin;C:\Users\Mahmoud Fouad\AppData\Local\Microsoft\WindowsApps;C:\Users\Mahmoud Fouad\AppData\Local\Programs\Microsoft VS Code\bin;C:\msys64\mingw64\bin;C:\Program Files\Java\jdk-23\bin;
USERNAME=Mahmoud Fouad
OS=Windows_NT
PROCESSOR_IDENTIFIER=Intel64 Family 6 Model 60 Stepping 3, GenuineIntel
TMP=C:\Users\MAHMOU~1\AppData\Local\Temp
TEMP=C:\Users\MAHMOU~1\AppData\Local\Temp




Periodic native trim disabled

---------------  S Y S T E M  ---------------

OS:
 Windows 10 , 64 bit Build 19041 (10.0.19041.5198)
OS uptime: 6 days 0:47 hours

CPU: total 8 (initial active 8) (4 cores per cpu, 2 threads per core) family 6 model 60 stepping 3 microcode 0x27, cx8, cmov, fxsr, ht, mmx, sse, sse2, sse3, ssse3, sse4.1, sse4.2, popcnt, lzcnt, tsc, tscinvbit, avx, avx2, aes, erms, clmul, bmi1, bmi2, fma, vzeroupper, clflush, rdtscp, f16c
Processor Information for the first 8 processors :
  Max Mhz: 2201, Current Mhz: 1400, Mhz Limit: 2201

Memory: 4k page, system-wide physical 8068M (1062M free)
TotalPageFile size 10116M (AvailPageFile size 1M)
current process WorkingSet (physical memory assigned to process): 69M, peak: 69M
current process commit charge ("private bytes"): 227M, peak: 227M

vm_info: Java HotSpot(TM) 64-Bit Server VM (23.0.1+11-39) for windows-amd64 JRE (23.0.1+11-39), built on 2024-09-30T07:20:43Z with MS VC++ 17.6 (VS2022)

END.
